[15:21:10.192] Global cache location '/Users/rubber/Library/Caches/typescript/4.7', safe file path '/opt/homebrew/lib/node_modules/typescript/lib/typingsafelist.json', types map path /opt/homebrew/lib/node_modules/typescript/lib/typesmap.json
[15:21:10.193] Processing cache location '/Users/rubber/Library/Caches/typescript/4.7'
[15:21:10.193] Trying to find '/Users/rubber/Library/Caches/typescript/4.7/package.json'...
[15:21:10.193] Finished processing cache location '/Users/rubber/Library/Caches/typescript/4.7'
[15:21:10.194] Process id: 1483
[15:21:10.194] NPM location: /opt/homebrew/Cellar/node/18.6.0/bin/npm (explicit '--npmLocation' not  provided)
[15:21:10.194] validateDefaultNpmLocation: false
[15:21:10.194] Npm config file: /Users/rubber/Library/Caches/typescript/4.7/package.json
[15:21:10.194] Updating types-registry npm package...
[15:21:10.194] Exec: /opt/homebrew/Cellar/node/18.6.0/bin/npm install --ignore-scripts types-registry@latest
[15:21:10.215]     Failed. stdout:
    stderr:
    /bin/sh: /opt/homebrew/Cellar/node/18.6.0/bin/npm: No such file or directory
    
[15:21:10.216] Updated types-registry npm package
[15:21:10.216] Types registry file '/Users/rubber/Library/Caches/typescript/4.7/node_modules/types-registry/index.json' does not exist
[15:21:11.401] Got install request {"projectName":"/dev/null/inferredProject1*","fileNames":["/opt/homebrew/lib/node_modules/typescript/lib/lib.es5.d.ts","/opt/homebrew/lib/node_modules/typescript/lib/lib.es2015.d.ts","/opt/homebrew/lib/node_modules/typescript/lib/lib.es2016.d.ts","/opt/homebrew/lib/node_modules/typescript/lib/lib.dom.d.ts","/opt/homebrew/lib/node_modules/typescript/lib/lib.dom.iterable.d.ts","/opt/homebrew/lib/node_modules/typescript/lib/lib.webworker.importscripts.d.ts","/opt/homebrew/lib/node_modules/typescript/lib/lib.scripthost.d.ts","/opt/homebrew/lib/node_modules/typescript/lib/lib.es2015.core.d.ts","/opt/homebrew/lib/node_modules/typescript/lib/lib.es2015.collection.d.ts","/opt/homebrew/lib/node_modules/typescript/lib/lib.es2015.generator.d.ts","/opt/homebrew/lib/node_modules/typescript/lib/lib.es2015.iterable.d.ts","/opt/homebrew/lib/node_modules/typescript/lib/lib.es2015.promise.d.ts","/opt/homebrew/lib/node_modules/typescript/lib/lib.es2015.proxy.d.ts","/opt/homebrew/lib/node_modules/typescript/lib/lib.es2015.reflect.d.ts","/opt/homebrew/lib/node_modules/typescript/lib/lib.es2015.symbol.d.ts","/opt/homebrew/lib/node_modules/typescript/lib/lib.es2015.symbol.wellknown.d.ts","/opt/homebrew/lib/node_modules/typescript/lib/lib.es2016.array.include.d.ts","/opt/homebrew/lib/node_modules/typescript/lib/lib.es2016.full.d.ts","/Users/rubber/Documents/flashcard/server/models/flashcard.js","/Users/rubber/Documents/flashcard/server/controllers/card_controller.js"],"compilerOptions":{"module":1,"target":3,"jsx":1,"allowJs":true,"allowSyntheticDefaultImports":true,"allowNonTsExtensions":true,"noEmitForJsFiles":true,"maxNodeModuleJsDepth":2},"typeAcquisition":{"enable":true,"include":[],"exclude":[]},"unresolvedImports":[],"projectRootPath":"/Users/rubber/Documents/flashcard/server/controllers","kind":"discover"}
[15:21:11.409] Loaded safelist from types map file '/opt/homebrew/lib/node_modules/typescript/lib/typesmap.json'
[15:21:11.409] Explicitly included types: []
[15:21:11.410] Inferred typings from unresolved imports: []
[15:21:11.410] Result: {"cachedTypingPaths":[],"newTypingNames":[],"filesToWatch":["/Users/rubber/Documents/flashcard/server/models/bower_components","/Users/rubber/Documents/flashcard/server/models/node_modules","/Users/rubber/Documents/flashcard/server/controllers/bower_components","/Users/rubber/Documents/flashcard/server/controllers/node_modules"]}
[15:21:11.410] Finished typings discovery: {"cachedTypingPaths":[],"newTypingNames":[],"filesToWatch":["/Users/rubber/Documents/flashcard/server/models/bower_components","/Users/rubber/Documents/flashcard/server/models/node_modules","/Users/rubber/Documents/flashcard/server/controllers/bower_components","/Users/rubber/Documents/flashcard/server/controllers/node_modules"]}
[15:21:11.410] DirectoryWatcher:: Added:: WatchInfo: /Users/rubber/Documents/flashcard/server/models/bower_components
[15:21:11.410] DirectoryWatcher:: Added:: WatchInfo: /Users/rubber/Documents/flashcard/server/models/bower_components 1 undefined Project: /dev/null/inferredProject1* watcher already invoked: false
[15:21:11.411] Elapsed:: 0.4394580000080168ms DirectoryWatcher:: Added:: WatchInfo: /Users/rubber/Documents/flashcard/server/models/bower_components 1 undefined Project: /dev/null/inferredProject1* watcher already invoked: false
[15:21:11.411] DirectoryWatcher:: Added:: WatchInfo: /Users/rubber/Documents/flashcard/server/models/node_modules
[15:21:11.411] DirectoryWatcher:: Added:: WatchInfo: /Users/rubber/Documents/flashcard/server/models/node_modules 1 undefined Project: /dev/null/inferredProject1* watcher already invoked: false
[15:21:11.411] Elapsed:: 0.03183300000091549ms DirectoryWatcher:: Added:: WatchInfo: /Users/rubber/Documents/flashcard/server/models/node_modules 1 undefined Project: /dev/null/inferredProject1* watcher already invoked: false
[15:21:11.411] DirectoryWatcher:: Added:: WatchInfo: /Users/rubber/Documents/flashcard/server/controllers/bower_components
[15:21:11.411] DirectoryWatcher:: Added:: WatchInfo: /Users/rubber/Documents/flashcard/server/controllers/bower_components 1 undefined Project: /dev/null/inferredProject1* watcher already invoked: false
[15:21:11.411] Elapsed:: 0.0247500000114087ms DirectoryWatcher:: Added:: WatchInfo: /Users/rubber/Documents/flashcard/server/controllers/bower_components 1 undefined Project: /dev/null/inferredProject1* watcher already invoked: false
[15:21:11.411] DirectoryWatcher:: Added:: WatchInfo: /Users/rubber/Documents/flashcard/server/controllers/node_modules
[15:21:11.411] DirectoryWatcher:: Added:: WatchInfo: /Users/rubber/Documents/flashcard/server/controllers/node_modules 1 undefined Project: /dev/null/inferredProject1* watcher already invoked: false
[15:21:11.411] Elapsed:: 0.02737499999057036ms DirectoryWatcher:: Added:: WatchInfo: /Users/rubber/Documents/flashcard/server/controllers/node_modules 1 undefined Project: /dev/null/inferredProject1* watcher already invoked: false
[15:21:11.411] Sending response:
    {"projectName":"/dev/null/inferredProject1*","typeAcquisition":{"enable":true,"include":[],"exclude":[]},"compilerOptions":{"module":1,"target":3,"jsx":1,"allowJs":true,"allowSyntheticDefaultImports":true,"allowNonTsExtensions":true,"noEmitForJsFiles":true,"maxNodeModuleJsDepth":2},"typings":[],"unresolvedImports":[],"kind":"action::set"}
[15:21:11.412] Response has been sent.
[15:21:11.412] No new typings were requested as a result of typings discovery
[15:21:58.974] Got install request {"projectName":"/dev/null/inferredProject2*","fileNames":["/opt/homebrew/lib/node_modules/typescript/lib/lib.es5.d.ts","/opt/homebrew/lib/node_modules/typescript/lib/lib.es2015.d.ts","/opt/homebrew/lib/node_modules/typescript/lib/lib.es2016.d.ts","/opt/homebrew/lib/node_modules/typescript/lib/lib.dom.d.ts","/opt/homebrew/lib/node_modules/typescript/lib/lib.dom.iterable.d.ts","/opt/homebrew/lib/node_modules/typescript/lib/lib.webworker.importscripts.d.ts","/opt/homebrew/lib/node_modules/typescript/lib/lib.scripthost.d.ts","/opt/homebrew/lib/node_modules/typescript/lib/lib.es2015.core.d.ts","/opt/homebrew/lib/node_modules/typescript/lib/lib.es2015.collection.d.ts","/opt/homebrew/lib/node_modules/typescript/lib/lib.es2015.generator.d.ts","/opt/homebrew/lib/node_modules/typescript/lib/lib.es2015.iterable.d.ts","/opt/homebrew/lib/node_modules/typescript/lib/lib.es2015.promise.d.ts","/opt/homebrew/lib/node_modules/typescript/lib/lib.es2015.proxy.d.ts","/opt/homebrew/lib/node_modules/typescript/lib/lib.es2015.reflect.d.ts","/opt/homebrew/lib/node_modules/typescript/lib/lib.es2015.symbol.d.ts","/opt/homebrew/lib/node_modules/typescript/lib/lib.es2015.symbol.wellknown.d.ts","/opt/homebrew/lib/node_modules/typescript/lib/lib.es2016.array.include.d.ts","/opt/homebrew/lib/node_modules/typescript/lib/lib.es2016.full.d.ts","/Users/rubber/Documents/flashcard/server/models/flashcard.js","/Users/rubber/Documents/flashcard/server/controllers/card_controller.js","/Users/rubber/Documents/flashcard/server/main.js"],"compilerOptions":{"module":1,"target":3,"jsx":1,"allowJs":true,"allowSyntheticDefaultImports":true,"allowNonTsExtensions":true,"noEmitForJsFiles":true,"maxNodeModuleJsDepth":2},"typeAcquisition":{"enable":true,"include":[],"exclude":[]},"unresolvedImports":[],"projectRootPath":"/Users/rubber/Documents/flashcard/server","kind":"discover"}
[15:21:58.975] Explicitly included types: []
[15:21:58.976] Typing names in '/Users/rubber/Documents/flashcard/server/package.json' dependencies: ["express","nodemon"]
[15:21:58.976] Searching for typing names in /Users/rubber/Documents/flashcard/server/node_modules; all files: ["/Users/rubber/Documents/flashcard/server/node_modules/express/package.json","/Users/rubber/Documents/flashcard/server/node_modules/nodemon/package.json"]
[15:21:58.978]     Found package names: ["express","nodemon"]
[15:21:58.978] Inferred typings from unresolved imports: []
[15:21:58.978] Result: {"cachedTypingPaths":[],"newTypingNames":["express","nodemon"],"filesToWatch":["/Users/rubber/Documents/flashcard/server/models/bower_components","/Users/rubber/Documents/flashcard/server/models/node_modules","/Users/rubber/Documents/flashcard/server/controllers/bower_components","/Users/rubber/Documents/flashcard/server/controllers/node_modules","/Users/rubber/Documents/flashcard/server/bower_components","/Users/rubber/Documents/flashcard/server/package.json","/Users/rubber/Documents/flashcard/server/node_modules"]}
[15:21:58.978] Finished typings discovery: {"cachedTypingPaths":[],"newTypingNames":["express","nodemon"],"filesToWatch":["/Users/rubber/Documents/flashcard/server/models/bower_components","/Users/rubber/Documents/flashcard/server/models/node_modules","/Users/rubber/Documents/flashcard/server/controllers/bower_components","/Users/rubber/Documents/flashcard/server/controllers/node_modules","/Users/rubber/Documents/flashcard/server/bower_components","/Users/rubber/Documents/flashcard/server/package.json","/Users/rubber/Documents/flashcard/server/node_modules"]}
[15:21:58.978] DirectoryWatcher:: Added:: WatchInfo: /Users/rubber/Documents/flashcard/server/models
[15:21:58.978] DirectoryWatcher:: Added:: WatchInfo: /Users/rubber/Documents/flashcard/server/models 1 undefined Project: /dev/null/inferredProject2* watcher already invoked: false
[15:21:58.980] Elapsed:: 2.465250000008382ms DirectoryWatcher:: Added:: WatchInfo: /Users/rubber/Documents/flashcard/server/models 1 undefined Project: /dev/null/inferredProject2* watcher already invoked: false
[15:21:58.981] DirectoryWatcher:: Added:: WatchInfo: /Users/rubber/Documents/flashcard/server/controllers
[15:21:58.981] DirectoryWatcher:: Added:: WatchInfo: /Users/rubber/Documents/flashcard/server/controllers 1 undefined Project: /dev/null/inferredProject2* watcher already invoked: false
[15:21:58.981] Elapsed:: 0.06529199998476543ms DirectoryWatcher:: Added:: WatchInfo: /Users/rubber/Documents/flashcard/server/controllers 1 undefined Project: /dev/null/inferredProject2* watcher already invoked: false
[15:21:58.981] DirectoryWatcher:: Added:: WatchInfo: /Users/rubber/Documents/flashcard/server/bower_components
[15:21:58.981] DirectoryWatcher:: Added:: WatchInfo: /Users/rubber/Documents/flashcard/server/bower_components 1 undefined Project: /dev/null/inferredProject2* watcher already invoked: false
[15:21:58.981] Elapsed:: 0.05820800000219606ms DirectoryWatcher:: Added:: WatchInfo: /Users/rubber/Documents/flashcard/server/bower_components 1 undefined Project: /dev/null/inferredProject2* watcher already invoked: false
[15:21:58.981] FileWatcher:: Added:: WatchInfo: /Users/rubber/Documents/flashcard/server/package.json
[15:21:58.981] FileWatcher:: Added:: WatchInfo: /Users/rubber/Documents/flashcard/server/package.json 2000 undefined Project: /dev/null/inferredProject2* watcher already invoked: false
[15:21:58.981] DirectoryWatcher:: Added:: WatchInfo: /Users/rubber/Documents/flashcard/server/node_modules
[15:21:58.981] DirectoryWatcher:: Added:: WatchInfo: /Users/rubber/Documents/flashcard/server/node_modules 1 undefined Project: /dev/null/inferredProject2* watcher already invoked: false
[15:21:58.982] Elapsed:: 0.10166700000991113ms DirectoryWatcher:: Added:: WatchInfo: /Users/rubber/Documents/flashcard/server/node_modules 1 undefined Project: /dev/null/inferredProject2* watcher already invoked: false
[15:21:58.982] Installing typings ["express","nodemon"]
[15:21:58.982] 'express':: Entry for package 'express' does not exist in local types registry - skipping...
[15:21:58.982] 'nodemon':: Entry for package 'nodemon' does not exist in local types registry - skipping...
[15:21:58.982] All typings are known to be missing or invalid - no need to install more typings
[15:21:58.982] Sending response:
    {"projectName":"/dev/null/inferredProject2*","typeAcquisition":{"enable":true,"include":[],"exclude":[]},"compilerOptions":{"module":1,"target":3,"jsx":1,"allowJs":true,"allowSyntheticDefaultImports":true,"allowNonTsExtensions":true,"noEmitForJsFiles":true,"maxNodeModuleJsDepth":2},"typings":[],"unresolvedImports":[],"kind":"action::set"}
[15:21:58.982] Response has been sent.
[15:22:53.164] DirectoryWatcher:: Triggered with /Users/rubber/Documents/flashcard/server/models/.#flashcard.js :: WatchInfo: /Users/rubber/Documents/flashcard/server/models 1 undefined Project: /dev/null/inferredProject2* watcher already invoked: false
[15:22:53.164] Elapsed:: 0.05633400002261624ms DirectoryWatcher:: Triggered with /Users/rubber/Documents/flashcard/server/models/.#flashcard.js :: WatchInfo: /Users/rubber/Documents/flashcard/server/models 1 undefined Project: /dev/null/inferredProject2* watcher already invoked: false
[15:22:59.904] DirectoryWatcher:: Triggered with /Users/rubber/Documents/flashcard/server/models/.#flashcard.js :: WatchInfo: /Users/rubber/Documents/flashcard/server/models 1 undefined Project: /dev/null/inferredProject2* watcher already invoked: false
[15:22:59.904] Elapsed:: 0.009832999989157543ms DirectoryWatcher:: Triggered with /Users/rubber/Documents/flashcard/server/models/.#flashcard.js :: WatchInfo: /Users/rubber/Documents/flashcard/server/models 1 undefined Project: /dev/null/inferredProject2* watcher already invoked: false
[15:23:04.053] DirectoryWatcher:: Triggered with /Users/rubber/Documents/flashcard/server/models/.#flashcard.js :: WatchInfo: /Users/rubber/Documents/flashcard/server/models 1 undefined Project: /dev/null/inferredProject2* watcher already invoked: false
[15:23:04.053] Elapsed:: 0.017125000013038516ms DirectoryWatcher:: Triggered with /Users/rubber/Documents/flashcard/server/models/.#flashcard.js :: WatchInfo: /Users/rubber/Documents/flashcard/server/models 1 undefined Project: /dev/null/inferredProject2* watcher already invoked: false
[15:23:07.027] DirectoryWatcher:: Triggered with /Users/rubber/Documents/flashcard/server/models/.#flashcard.js :: WatchInfo: /Users/rubber/Documents/flashcard/server/models 1 undefined Project: /dev/null/inferredProject2* watcher already invoked: false
[15:23:07.028] Elapsed:: 0.007750000018859282ms DirectoryWatcher:: Triggered with /Users/rubber/Documents/flashcard/server/models/.#flashcard.js :: WatchInfo: /Users/rubber/Documents/flashcard/server/models 1 undefined Project: /dev/null/inferredProject2* watcher already invoked: false
[15:23:07.321] DirectoryWatcher:: Triggered with /Users/rubber/Documents/flashcard/server/models/.#flashcard.js :: WatchInfo: /Users/rubber/Documents/flashcard/server/models 1 undefined Project: /dev/null/inferredProject2* watcher already invoked: false
[15:23:07.321] Elapsed:: 0.012124999979278073ms DirectoryWatcher:: Triggered with /Users/rubber/Documents/flashcard/server/models/.#flashcard.js :: WatchInfo: /Users/rubber/Documents/flashcard/server/models 1 undefined Project: /dev/null/inferredProject2* watcher already invoked: false
[15:23:07.916] DirectoryWatcher:: Triggered with /Users/rubber/Documents/flashcard/server/models/.#flashcard.js :: WatchInfo: /Users/rubber/Documents/flashcard/server/models 1 undefined Project: /dev/null/inferredProject2* watcher already invoked: false
[15:23:07.916] Elapsed:: 0.00704199998290278ms DirectoryWatcher:: Triggered with /Users/rubber/Documents/flashcard/server/models/.#flashcard.js :: WatchInfo: /Users/rubber/Documents/flashcard/server/models 1 undefined Project: /dev/null/inferredProject2* watcher already invoked: false
[15:23:08.033] DirectoryWatcher:: Triggered with /Users/rubber/Documents/flashcard/server/models/.#flashcard.js :: WatchInfo: /Users/rubber/Documents/flashcard/server/models 1 undefined Project: /dev/null/inferredProject2* watcher already invoked: false
[15:23:08.033] Elapsed:: 0.009125000011408702ms DirectoryWatcher:: Triggered with /Users/rubber/Documents/flashcard/server/models/.#flashcard.js :: WatchInfo: /Users/rubber/Documents/flashcard/server/models 1 undefined Project: /dev/null/inferredProject2* watcher already invoked: false
[15:23:12.076] DirectoryWatcher:: Triggered with /Users/rubber/Documents/flashcard/server/models/.#flashcard.js :: WatchInfo: /Users/rubber/Documents/flashcard/server/models 1 undefined Project: /dev/null/inferredProject2* watcher already invoked: false
[15:23:12.076] Elapsed:: 0.010707999987062067ms DirectoryWatcher:: Triggered with /Users/rubber/Documents/flashcard/server/models/.#flashcard.js :: WatchInfo: /Users/rubber/Documents/flashcard/server/models 1 undefined Project: /dev/null/inferredProject2* watcher already invoked: false
[15:23:22.172] DirectoryWatcher:: Triggered with /Users/rubber/Documents/flashcard/server/controllers/.#card_controller.js :: WatchInfo: /Users/rubber/Documents/flashcard/server/controllers 1 undefined Project: /dev/null/inferredProject2* watcher already invoked: false
[15:23:22.173] Elapsed:: 0.02095899998676032ms DirectoryWatcher:: Triggered with /Users/rubber/Documents/flashcard/server/controllers/.#card_controller.js :: WatchInfo: /Users/rubber/Documents/flashcard/server/controllers 1 undefined Project: /dev/null/inferredProject2* watcher already invoked: false
[15:23:54.414] DirectoryWatcher:: Triggered with /Users/rubber/Documents/flashcard/server/controllers/.#card_controller.js :: WatchInfo: /Users/rubber/Documents/flashcard/server/controllers 1 undefined Project: /dev/null/inferredProject2* watcher already invoked: false
[15:23:54.415] Elapsed:: 0.012457999982871115ms DirectoryWatcher:: Triggered with /Users/rubber/Documents/flashcard/server/controllers/.#card_controller.js :: WatchInfo: /Users/rubber/Documents/flashcard/server/controllers 1 undefined Project: /dev/null/inferredProject2* watcher already invoked: false
[15:24:09.385] DirectoryWatcher:: Triggered with /Users/rubber/Documents/flashcard/server/controllers/.#card_controller.js :: WatchInfo: /Users/rubber/Documents/flashcard/server/controllers 1 undefined Project: /dev/null/inferredProject2* watcher already invoked: false
[15:24:09.386] Elapsed:: 0.014417000056710094ms DirectoryWatcher:: Triggered with /Users/rubber/Documents/flashcard/server/controllers/.#card_controller.js :: WatchInfo: /Users/rubber/Documents/flashcard/server/controllers 1 undefined Project: /dev/null/inferredProject2* watcher already invoked: false
[15:24:10.562] DirectoryWatcher:: Triggered with /Users/rubber/Documents/flashcard/server/controllers/.#card_controller.js :: WatchInfo: /Users/rubber/Documents/flashcard/server/controllers 1 undefined Project: /dev/null/inferredProject2* watcher already invoked: false
[15:24:10.562] Elapsed:: 0.00929099996574223ms DirectoryWatcher:: Triggered with /Users/rubber/Documents/flashcard/server/controllers/.#card_controller.js :: WatchInfo: /Users/rubber/Documents/flashcard/server/controllers 1 undefined Project: /dev/null/inferredProject2* watcher already invoked: false
[15:24:18.488] DirectoryWatcher:: Triggered with /Users/rubber/Documents/flashcard/server/models/.#flashcard.js :: WatchInfo: /Users/rubber/Documents/flashcard/server/models 1 undefined Project: /dev/null/inferredProject2* watcher already invoked: false
[15:24:18.489] Elapsed:: 0.007082999974954873ms DirectoryWatcher:: Triggered with /Users/rubber/Documents/flashcard/server/models/.#flashcard.js :: WatchInfo: /Users/rubber/Documents/flashcard/server/models 1 undefined Project: /dev/null/inferredProject2* watcher already invoked: false
[15:24:18.723] DirectoryWatcher:: Triggered with /Users/rubber/Documents/flashcard/server/models/.#flashcard.js :: WatchInfo: /Users/rubber/Documents/flashcard/server/models 1 undefined Project: /dev/null/inferredProject2* watcher already invoked: false
[15:24:18.724] Elapsed:: 0.010000000009313226ms DirectoryWatcher:: Triggered with /Users/rubber/Documents/flashcard/server/models/.#flashcard.js :: WatchInfo: /Users/rubber/Documents/flashcard/server/models 1 undefined Project: /dev/null/inferredProject2* watcher already invoked: false
[15:27:36.359] DirectoryWatcher:: Triggered with /Users/rubber/Documents/flashcard/server/models/.#flashcard.js :: WatchInfo: /Users/rubber/Documents/flashcard/server/models 1 undefined Project: /dev/null/inferredProject2* watcher already invoked: false
[15:27:36.360] Elapsed:: 0.07483300002058968ms DirectoryWatcher:: Triggered with /Users/rubber/Documents/flashcard/server/models/.#flashcard.js :: WatchInfo: /Users/rubber/Documents/flashcard/server/models 1 undefined Project: /dev/null/inferredProject2* watcher already invoked: false
[15:27:46.812] DirectoryWatcher:: Triggered with /Users/rubber/Documents/flashcard/server/models/.#flashcard.js :: WatchInfo: /Users/rubber/Documents/flashcard/server/models 1 undefined Project: /dev/null/inferredProject2* watcher already invoked: false
[15:27:46.813] Elapsed:: 0.00849999999627471ms DirectoryWatcher:: Triggered with /Users/rubber/Documents/flashcard/server/models/.#flashcard.js :: WatchInfo: /Users/rubber/Documents/flashcard/server/models 1 undefined Project: /dev/null/inferredProject2* watcher already invoked: false
[15:27:50.268] DirectoryWatcher:: Triggered with /Users/rubber/Documents/flashcard/server/models/.#flashcard.js :: WatchInfo: /Users/rubber/Documents/flashcard/server/models 1 undefined Project: /dev/null/inferredProject2* watcher already invoked: false
[15:27:50.268] Elapsed:: 0.014750000031199306ms DirectoryWatcher:: Triggered with /Users/rubber/Documents/flashcard/server/models/.#flashcard.js :: WatchInfo: /Users/rubber/Documents/flashcard/server/models 1 undefined Project: /dev/null/inferredProject2* watcher already invoked: false
[15:27:55.828] DirectoryWatcher:: Triggered with /Users/rubber/Documents/flashcard/server/models/.#flashcard.js :: WatchInfo: /Users/rubber/Documents/flashcard/server/models 1 undefined Project: /dev/null/inferredProject2* watcher already invoked: false
[15:27:55.829] Elapsed:: 0.0094999999855645ms DirectoryWatcher:: Triggered with /Users/rubber/Documents/flashcard/server/models/.#flashcard.js :: WatchInfo: /Users/rubber/Documents/flashcard/server/models 1 undefined Project: /dev/null/inferredProject2* watcher already invoked: false
[15:27:56.892] DirectoryWatcher:: Triggered with /Users/rubber/Documents/flashcard/server/models/.#flashcard.js :: WatchInfo: /Users/rubber/Documents/flashcard/server/models 1 undefined Project: /dev/null/inferredProject2* watcher already invoked: false
[15:27:56.892] Elapsed:: 0.012125000008381903ms DirectoryWatcher:: Triggered with /Users/rubber/Documents/flashcard/server/models/.#flashcard.js :: WatchInfo: /Users/rubber/Documents/flashcard/server/models 1 undefined Project: /dev/null/inferredProject2* watcher already invoked: false
[15:28:04.518] DirectoryWatcher:: Triggered with /Users/rubber/Documents/flashcard/server/models/.#flashcard.js :: WatchInfo: /Users/rubber/Documents/flashcard/server/models 1 undefined Project: /dev/null/inferredProject2* watcher already invoked: false
[15:28:04.518] Elapsed:: 0.008750000037252903ms DirectoryWatcher:: Triggered with /Users/rubber/Documents/flashcard/server/models/.#flashcard.js :: WatchInfo: /Users/rubber/Documents/flashcard/server/models 1 undefined Project: /dev/null/inferredProject2* watcher already invoked: false
[15:28:13.415] DirectoryWatcher:: Triggered with /Users/rubber/Documents/flashcard/server/models/.#flashcard.js :: WatchInfo: /Users/rubber/Documents/flashcard/server/models 1 undefined Project: /dev/null/inferredProject2* watcher already invoked: false
[15:28:13.416] Elapsed:: 0.029707999899983406ms DirectoryWatcher:: Triggered with /Users/rubber/Documents/flashcard/server/models/.#flashcard.js :: WatchInfo: /Users/rubber/Documents/flashcard/server/models 1 undefined Project: /dev/null/inferredProject2* watcher already invoked: false
[15:28:57.700] DirectoryWatcher:: Triggered with /Users/rubber/Documents/flashcard/server/models/.#flashcard.js :: WatchInfo: /Users/rubber/Documents/flashcard/server/models 1 undefined Project: /dev/null/inferredProject2* watcher already invoked: false
[15:28:57.701] Elapsed:: 0.009208000032231212ms DirectoryWatcher:: Triggered with /Users/rubber/Documents/flashcard/server/models/.#flashcard.js :: WatchInfo: /Users/rubber/Documents/flashcard/server/models 1 undefined Project: /dev/null/inferredProject2* watcher already invoked: false
[15:29:20.696] DirectoryWatcher:: Triggered with /Users/rubber/Documents/flashcard/server/controllers/.#card_controller.js :: WatchInfo: /Users/rubber/Documents/flashcard/server/controllers 1 undefined Project: /dev/null/inferredProject2* watcher already invoked: false
[15:29:20.697] Elapsed:: 0.008874999941326678ms DirectoryWatcher:: Triggered with /Users/rubber/Documents/flashcard/server/controllers/.#card_controller.js :: WatchInfo: /Users/rubber/Documents/flashcard/server/controllers 1 undefined Project: /dev/null/inferredProject2* watcher already invoked: false
[15:29:26.626] DirectoryWatcher:: Triggered with /Users/rubber/Documents/flashcard/server/controllers/.#card_controller.js :: WatchInfo: /Users/rubber/Documents/flashcard/server/controllers 1 undefined Project: /dev/null/inferredProject2* watcher already invoked: false
[15:29:26.627] Elapsed:: 0.011166999931447208ms DirectoryWatcher:: Triggered with /Users/rubber/Documents/flashcard/server/controllers/.#card_controller.js :: WatchInfo: /Users/rubber/Documents/flashcard/server/controllers 1 undefined Project: /dev/null/inferredProject2* watcher already invoked: false
[15:29:27.606] DirectoryWatcher:: Triggered with /Users/rubber/Documents/flashcard/server/controllers/.#card_controller.js :: WatchInfo: /Users/rubber/Documents/flashcard/server/controllers 1 undefined Project: /dev/null/inferredProject2* watcher already invoked: false
[15:29:27.606] Elapsed:: 0.010250000050291419ms DirectoryWatcher:: Triggered with /Users/rubber/Documents/flashcard/server/controllers/.#card_controller.js :: WatchInfo: /Users/rubber/Documents/flashcard/server/controllers 1 undefined Project: /dev/null/inferredProject2* watcher already invoked: false
[15:29:35.282] DirectoryWatcher:: Triggered with /Users/rubber/Documents/flashcard/server/models/.#flashcard.js :: WatchInfo: /Users/rubber/Documents/flashcard/server/models 1 undefined Project: /dev/null/inferredProject2* watcher already invoked: false
[15:29:35.282] Elapsed:: 0.011707999976351857ms DirectoryWatcher:: Triggered with /Users/rubber/Documents/flashcard/server/models/.#flashcard.js :: WatchInfo: /Users/rubber/Documents/flashcard/server/models 1 undefined Project: /dev/null/inferredProject2* watcher already invoked: false
[15:29:39.308] DirectoryWatcher:: Triggered with /Users/rubber/Documents/flashcard/server/models/.#flashcard.js :: WatchInfo: /Users/rubber/Documents/flashcard/server/models 1 undefined Project: /dev/null/inferredProject2* watcher already invoked: false
[15:29:39.308] Elapsed:: 0.013833999983035028ms DirectoryWatcher:: Triggered with /Users/rubber/Documents/flashcard/server/models/.#flashcard.js :: WatchInfo: /Users/rubber/Documents/flashcard/server/models 1 undefined Project: /dev/null/inferredProject2* watcher already invoked: false
[15:30:29.023] DirectoryWatcher:: Triggered with /Users/rubber/Documents/flashcard/server/models/.#flashcard.js :: WatchInfo: /Users/rubber/Documents/flashcard/server/models 1 undefined Project: /dev/null/inferredProject2* watcher already invoked: false
[15:30:29.024] Elapsed:: 0.007999999914318323ms DirectoryWatcher:: Triggered with /Users/rubber/Documents/flashcard/server/models/.#flashcard.js :: WatchInfo: /Users/rubber/Documents/flashcard/server/models 1 undefined Project: /dev/null/inferredProject2* watcher already invoked: false
[15:40:59.457] DirectoryWatcher:: Triggered with /Users/rubber/Documents/flashcard/server/controllers/.#card_controller.js :: WatchInfo: /Users/rubber/Documents/flashcard/server/controllers 1 undefined Project: /dev/null/inferredProject2* watcher already invoked: false
[15:40:59.458] Elapsed:: 0.045624999795109034ms DirectoryWatcher:: Triggered with /Users/rubber/Documents/flashcard/server/controllers/.#card_controller.js :: WatchInfo: /Users/rubber/Documents/flashcard/server/controllers 1 undefined Project: /dev/null/inferredProject2* watcher already invoked: false
[15:48:13.223] Got install request {"projectName":"/dev/null/inferredProject3*","fileNames":["/opt/homebrew/lib/node_modules/typescript/lib/lib.es5.d.ts","/opt/homebrew/lib/node_modules/typescript/lib/lib.es2015.d.ts","/opt/homebrew/lib/node_modules/typescript/lib/lib.es2016.d.ts","/opt/homebrew/lib/node_modules/typescript/lib/lib.dom.d.ts","/opt/homebrew/lib/node_modules/typescript/lib/lib.dom.iterable.d.ts","/opt/homebrew/lib/node_modules/typescript/lib/lib.webworker.importscripts.d.ts","/opt/homebrew/lib/node_modules/typescript/lib/lib.scripthost.d.ts","/opt/homebrew/lib/node_modules/typescript/lib/lib.es2015.core.d.ts","/opt/homebrew/lib/node_modules/typescript/lib/lib.es2015.collection.d.ts","/opt/homebrew/lib/node_modules/typescript/lib/lib.es2015.generator.d.ts","/opt/homebrew/lib/node_modules/typescript/lib/lib.es2015.iterable.d.ts","/opt/homebrew/lib/node_modules/typescript/lib/lib.es2015.promise.d.ts","/opt/homebrew/lib/node_modules/typescript/lib/lib.es2015.proxy.d.ts","/opt/homebrew/lib/node_modules/typescript/lib/lib.es2015.reflect.d.ts","/opt/homebrew/lib/node_modules/typescript/lib/lib.es2015.symbol.d.ts","/opt/homebrew/lib/node_modules/typescript/lib/lib.es2015.symbol.wellknown.d.ts","/opt/homebrew/lib/node_modules/typescript/lib/lib.es2016.array.include.d.ts","/opt/homebrew/lib/node_modules/typescript/lib/lib.es2016.full.d.ts","/Users/rubber/Documents/flashcard/src/component/Card.js","/Users/rubber/Documents/flashcard/src/App.js"],"compilerOptions":{"module":1,"target":3,"jsx":1,"allowJs":true,"allowSyntheticDefaultImports":true,"allowNonTsExtensions":true,"noEmitForJsFiles":true,"maxNodeModuleJsDepth":2},"typeAcquisition":{"enable":true,"include":[],"exclude":[]},"unresolvedImports":[],"projectRootPath":"/Users/rubber/Documents/flashcard/src","kind":"discover"}
[15:48:13.224] Explicitly included types: []
[15:48:13.224] Inferred typings from unresolved imports: []
[15:48:13.224] Result: {"cachedTypingPaths":[],"newTypingNames":[],"filesToWatch":["/Users/rubber/Documents/flashcard/src/component/bower_components","/Users/rubber/Documents/flashcard/src/component/node_modules","/Users/rubber/Documents/flashcard/src/bower_components","/Users/rubber/Documents/flashcard/src/node_modules"]}
[15:48:13.224] Finished typings discovery: {"cachedTypingPaths":[],"newTypingNames":[],"filesToWatch":["/Users/rubber/Documents/flashcard/src/component/bower_components","/Users/rubber/Documents/flashcard/src/component/node_modules","/Users/rubber/Documents/flashcard/src/bower_components","/Users/rubber/Documents/flashcard/src/node_modules"]}
[15:48:13.224] DirectoryWatcher:: Added:: WatchInfo: /Users/rubber/Documents/flashcard/src/component
[15:48:13.224] DirectoryWatcher:: Added:: WatchInfo: /Users/rubber/Documents/flashcard/src/component 1 undefined Project: /dev/null/inferredProject3* watcher already invoked: false
[15:48:13.225] Elapsed:: 0.39491700008511543ms DirectoryWatcher:: Added:: WatchInfo: /Users/rubber/Documents/flashcard/src/component 1 undefined Project: /dev/null/inferredProject3* watcher already invoked: false
[15:48:13.225] DirectoryWatcher:: Added:: WatchInfo: /Users/rubber/Documents/flashcard/src/bower_components
[15:48:13.225] DirectoryWatcher:: Added:: WatchInfo: /Users/rubber/Documents/flashcard/src/bower_components 1 undefined Project: /dev/null/inferredProject3* watcher already invoked: false
[15:48:13.225] Elapsed:: 0.06441599992103875ms DirectoryWatcher:: Added:: WatchInfo: /Users/rubber/Documents/flashcard/src/bower_components 1 undefined Project: /dev/null/inferredProject3* watcher already invoked: false
[15:48:13.225] DirectoryWatcher:: Added:: WatchInfo: /Users/rubber/Documents/flashcard/src/node_modules
[15:48:13.225] DirectoryWatcher:: Added:: WatchInfo: /Users/rubber/Documents/flashcard/src/node_modules 1 undefined Project: /dev/null/inferredProject3* watcher already invoked: false
[15:48:13.225] Elapsed:: 0.03300000005401671ms DirectoryWatcher:: Added:: WatchInfo: /Users/rubber/Documents/flashcard/src/node_modules 1 undefined Project: /dev/null/inferredProject3* watcher already invoked: false
[15:48:13.226] Sending response:
    {"projectName":"/dev/null/inferredProject3*","typeAcquisition":{"enable":true,"include":[],"exclude":[]},"compilerOptions":{"module":1,"target":3,"jsx":1,"allowJs":true,"allowSyntheticDefaultImports":true,"allowNonTsExtensions":true,"noEmitForJsFiles":true,"maxNodeModuleJsDepth":2},"typings":[],"unresolvedImports":[],"kind":"action::set"}
[15:48:13.226] Response has been sent.
[15:48:13.226] No new typings were requested as a result of typings discovery
[16:11:50.031] DirectoryWatcher:: Triggered with /Users/rubber/Documents/flashcard/server/models/.#flashcard.js :: WatchInfo: /Users/rubber/Documents/flashcard/server/models 1 undefined Project: /dev/null/inferredProject2* watcher already invoked: false
[16:11:50.032] Elapsed:: 0.07183300005272031ms DirectoryWatcher:: Triggered with /Users/rubber/Documents/flashcard/server/models/.#flashcard.js :: WatchInfo: /Users/rubber/Documents/flashcard/server/models 1 undefined Project: /dev/null/inferredProject2* watcher already invoked: false
[17:34:35.478] Parent process has exited, shutting down...
