[19:05:06.163] Global cache location '/Users/rubber/Library/Caches/typescript/4.7', safe file path '/opt/homebrew/lib/node_modules/typescript/lib/typingsafelist.json', types map path /opt/homebrew/lib/node_modules/typescript/lib/typesmap.json
[19:05:06.164] Processing cache location '/Users/rubber/Library/Caches/typescript/4.7'
[19:05:06.164] Trying to find '/Users/rubber/Library/Caches/typescript/4.7/package.json'...
[19:05:06.165] Finished processing cache location '/Users/rubber/Library/Caches/typescript/4.7'
[19:05:06.165] Process id: 1592
[19:05:06.165] NPM location: /opt/homebrew/Cellar/node/18.6.0/bin/npm (explicit '--npmLocation' not  provided)
[19:05:06.165] validateDefaultNpmLocation: false
[19:05:06.165] Npm config file: /Users/rubber/Library/Caches/typescript/4.7/package.json
[19:05:06.165] Updating types-registry npm package...
[19:05:06.165] Exec: /opt/homebrew/Cellar/node/18.6.0/bin/npm install --ignore-scripts types-registry@latest
[19:05:06.185]     Failed. stdout:
    stderr:
    /bin/sh: /opt/homebrew/Cellar/node/18.6.0/bin/npm: No such file or directory
    
[19:05:06.185] Updated types-registry npm package
[19:05:06.185] Types registry file '/Users/rubber/Library/Caches/typescript/4.7/node_modules/types-registry/index.json' does not exist
[19:05:06.839] Got install request {"projectName":"/dev/null/inferredProject1*","fileNames":["/opt/homebrew/lib/node_modules/typescript/lib/lib.es5.d.ts","/opt/homebrew/lib/node_modules/typescript/lib/lib.es2015.d.ts","/opt/homebrew/lib/node_modules/typescript/lib/lib.es2016.d.ts","/opt/homebrew/lib/node_modules/typescript/lib/lib.dom.d.ts","/opt/homebrew/lib/node_modules/typescript/lib/lib.dom.iterable.d.ts","/opt/homebrew/lib/node_modules/typescript/lib/lib.webworker.importscripts.d.ts","/opt/homebrew/lib/node_modules/typescript/lib/lib.scripthost.d.ts","/opt/homebrew/lib/node_modules/typescript/lib/lib.es2015.core.d.ts","/opt/homebrew/lib/node_modules/typescript/lib/lib.es2015.collection.d.ts","/opt/homebrew/lib/node_modules/typescript/lib/lib.es2015.generator.d.ts","/opt/homebrew/lib/node_modules/typescript/lib/lib.es2015.iterable.d.ts","/opt/homebrew/lib/node_modules/typescript/lib/lib.es2015.promise.d.ts","/opt/homebrew/lib/node_modules/typescript/lib/lib.es2015.proxy.d.ts","/opt/homebrew/lib/node_modules/typescript/lib/lib.es2015.reflect.d.ts","/opt/homebrew/lib/node_modules/typescript/lib/lib.es2015.symbol.d.ts","/opt/homebrew/lib/node_modules/typescript/lib/lib.es2015.symbol.wellknown.d.ts","/opt/homebrew/lib/node_modules/typescript/lib/lib.es2016.array.include.d.ts","/opt/homebrew/lib/node_modules/typescript/lib/lib.es2016.full.d.ts","/Users/rubber/Documents/flashcard/src/component/Card.js","/Users/rubber/Documents/flashcard/src/App.js"],"compilerOptions":{"module":1,"target":3,"jsx":1,"allowJs":true,"allowSyntheticDefaultImports":true,"allowNonTsExtensions":true,"noEmitForJsFiles":true,"maxNodeModuleJsDepth":2},"typeAcquisition":{"enable":true,"include":[],"exclude":[]},"unresolvedImports":[],"projectRootPath":"/Users/rubber/Documents/flashcard/src","kind":"discover"}
[19:05:06.848] Loaded safelist from types map file '/opt/homebrew/lib/node_modules/typescript/lib/typesmap.json'
[19:05:06.848] Explicitly included types: []
[19:05:06.849] Inferred typings from unresolved imports: []
[19:05:06.849] Result: {"cachedTypingPaths":[],"newTypingNames":[],"filesToWatch":["/Users/rubber/Documents/flashcard/src/component/bower_components","/Users/rubber/Documents/flashcard/src/component/node_modules","/Users/rubber/Documents/flashcard/src/bower_components","/Users/rubber/Documents/flashcard/src/node_modules"]}
[19:05:06.849] Finished typings discovery: {"cachedTypingPaths":[],"newTypingNames":[],"filesToWatch":["/Users/rubber/Documents/flashcard/src/component/bower_components","/Users/rubber/Documents/flashcard/src/component/node_modules","/Users/rubber/Documents/flashcard/src/bower_components","/Users/rubber/Documents/flashcard/src/node_modules"]}
[19:05:06.849] DirectoryWatcher:: Added:: WatchInfo: /Users/rubber/Documents/flashcard/src/component
[19:05:06.849] DirectoryWatcher:: Added:: WatchInfo: /Users/rubber/Documents/flashcard/src/component 1 undefined Project: /dev/null/inferredProject1* watcher already invoked: false
[19:05:06.851] Elapsed:: 1.535042000003159ms DirectoryWatcher:: Added:: WatchInfo: /Users/rubber/Documents/flashcard/src/component 1 undefined Project: /dev/null/inferredProject1* watcher already invoked: false
[19:05:06.851] DirectoryWatcher:: Added:: WatchInfo: /Users/rubber/Documents/flashcard/src/bower_components
[19:05:06.851] DirectoryWatcher:: Added:: WatchInfo: /Users/rubber/Documents/flashcard/src/bower_components 1 undefined Project: /dev/null/inferredProject1* watcher already invoked: false
[19:05:06.851] Elapsed:: 0.3486249999841675ms DirectoryWatcher:: Added:: WatchInfo: /Users/rubber/Documents/flashcard/src/bower_components 1 undefined Project: /dev/null/inferredProject1* watcher already invoked: false
[19:05:06.851] DirectoryWatcher:: Added:: WatchInfo: /Users/rubber/Documents/flashcard/src/node_modules
[19:05:06.851] DirectoryWatcher:: Added:: WatchInfo: /Users/rubber/Documents/flashcard/src/node_modules 1 undefined Project: /dev/null/inferredProject1* watcher already invoked: false
[19:05:06.852] Elapsed:: 0.04995799995958805ms DirectoryWatcher:: Added:: WatchInfo: /Users/rubber/Documents/flashcard/src/node_modules 1 undefined Project: /dev/null/inferredProject1* watcher already invoked: false
[19:05:06.852] Sending response:
    {"projectName":"/dev/null/inferredProject1*","typeAcquisition":{"enable":true,"include":[],"exclude":[]},"compilerOptions":{"module":1,"target":3,"jsx":1,"allowJs":true,"allowSyntheticDefaultImports":true,"allowNonTsExtensions":true,"noEmitForJsFiles":true,"maxNodeModuleJsDepth":2},"typings":[],"unresolvedImports":[],"kind":"action::set"}
[19:05:06.852] Response has been sent.
[19:05:06.852] No new typings were requested as a result of typings discovery
[19:19:26.946] Got install request {"projectName":"/dev/null/inferredProject2*","fileNames":["/opt/homebrew/lib/node_modules/typescript/lib/lib.es5.d.ts","/opt/homebrew/lib/node_modules/typescript/lib/lib.es2015.d.ts","/opt/homebrew/lib/node_modules/typescript/lib/lib.es2016.d.ts","/opt/homebrew/lib/node_modules/typescript/lib/lib.dom.d.ts","/opt/homebrew/lib/node_modules/typescript/lib/lib.dom.iterable.d.ts","/opt/homebrew/lib/node_modules/typescript/lib/lib.webworker.importscripts.d.ts","/opt/homebrew/lib/node_modules/typescript/lib/lib.scripthost.d.ts","/opt/homebrew/lib/node_modules/typescript/lib/lib.es2015.core.d.ts","/opt/homebrew/lib/node_modules/typescript/lib/lib.es2015.collection.d.ts","/opt/homebrew/lib/node_modules/typescript/lib/lib.es2015.generator.d.ts","/opt/homebrew/lib/node_modules/typescript/lib/lib.es2015.iterable.d.ts","/opt/homebrew/lib/node_modules/typescript/lib/lib.es2015.promise.d.ts","/opt/homebrew/lib/node_modules/typescript/lib/lib.es2015.proxy.d.ts","/opt/homebrew/lib/node_modules/typescript/lib/lib.es2015.reflect.d.ts","/opt/homebrew/lib/node_modules/typescript/lib/lib.es2015.symbol.d.ts","/opt/homebrew/lib/node_modules/typescript/lib/lib.es2015.symbol.wellknown.d.ts","/opt/homebrew/lib/node_modules/typescript/lib/lib.es2016.array.include.d.ts","/opt/homebrew/lib/node_modules/typescript/lib/lib.es2016.full.d.ts","/Users/rubber/Documents/flashcard/server/models/flashcard.js","/Users/rubber/Documents/flashcard/server/controllers/card_controller.js"],"compilerOptions":{"module":1,"target":3,"jsx":1,"allowJs":true,"allowSyntheticDefaultImports":true,"allowNonTsExtensions":true,"noEmitForJsFiles":true,"maxNodeModuleJsDepth":2},"typeAcquisition":{"enable":true,"include":[],"exclude":[]},"unresolvedImports":[],"projectRootPath":"/Users/rubber/Documents/flashcard/server/controllers","kind":"discover"}
[19:19:26.947] Explicitly included types: []
[19:19:26.947] Inferred typings from unresolved imports: []
[19:19:26.947] Result: {"cachedTypingPaths":[],"newTypingNames":[],"filesToWatch":["/Users/rubber/Documents/flashcard/server/models/bower_components","/Users/rubber/Documents/flashcard/server/models/node_modules","/Users/rubber/Documents/flashcard/server/controllers/bower_components","/Users/rubber/Documents/flashcard/server/controllers/node_modules"]}
[19:19:26.947] Finished typings discovery: {"cachedTypingPaths":[],"newTypingNames":[],"filesToWatch":["/Users/rubber/Documents/flashcard/server/models/bower_components","/Users/rubber/Documents/flashcard/server/models/node_modules","/Users/rubber/Documents/flashcard/server/controllers/bower_components","/Users/rubber/Documents/flashcard/server/controllers/node_modules"]}
[19:19:26.947] DirectoryWatcher:: Added:: WatchInfo: /Users/rubber/Documents/flashcard/server/models/bower_components
[19:19:26.947] DirectoryWatcher:: Added:: WatchInfo: /Users/rubber/Documents/flashcard/server/models/bower_components 1 undefined Project: /dev/null/inferredProject2* watcher already invoked: false
[19:19:26.948] Elapsed:: 0.1274580000899732ms DirectoryWatcher:: Added:: WatchInfo: /Users/rubber/Documents/flashcard/server/models/bower_components 1 undefined Project: /dev/null/inferredProject2* watcher already invoked: false
[19:19:26.948] DirectoryWatcher:: Added:: WatchInfo: /Users/rubber/Documents/flashcard/server/models/node_modules
[19:19:26.948] DirectoryWatcher:: Added:: WatchInfo: /Users/rubber/Documents/flashcard/server/models/node_modules 1 undefined Project: /dev/null/inferredProject2* watcher already invoked: false
[19:19:26.948] Elapsed:: 0.03637499990873039ms DirectoryWatcher:: Added:: WatchInfo: /Users/rubber/Documents/flashcard/server/models/node_modules 1 undefined Project: /dev/null/inferredProject2* watcher already invoked: false
[19:19:26.948] DirectoryWatcher:: Added:: WatchInfo: /Users/rubber/Documents/flashcard/server/controllers/bower_components
[19:19:26.948] DirectoryWatcher:: Added:: WatchInfo: /Users/rubber/Documents/flashcard/server/controllers/bower_components 1 undefined Project: /dev/null/inferredProject2* watcher already invoked: false
[19:19:26.948] Elapsed:: 0.039582999888807535ms DirectoryWatcher:: Added:: WatchInfo: /Users/rubber/Documents/flashcard/server/controllers/bower_components 1 undefined Project: /dev/null/inferredProject2* watcher already invoked: false
[19:19:26.948] DirectoryWatcher:: Added:: WatchInfo: /Users/rubber/Documents/flashcard/server/controllers/node_modules
[19:19:26.948] DirectoryWatcher:: Added:: WatchInfo: /Users/rubber/Documents/flashcard/server/controllers/node_modules 1 undefined Project: /dev/null/inferredProject2* watcher already invoked: false
[19:19:26.948] Elapsed:: 0.028583999956026673ms DirectoryWatcher:: Added:: WatchInfo: /Users/rubber/Documents/flashcard/server/controllers/node_modules 1 undefined Project: /dev/null/inferredProject2* watcher already invoked: false
[19:19:26.948] Sending response:
    {"projectName":"/dev/null/inferredProject2*","typeAcquisition":{"enable":true,"include":[],"exclude":[]},"compilerOptions":{"module":1,"target":3,"jsx":1,"allowJs":true,"allowSyntheticDefaultImports":true,"allowNonTsExtensions":true,"noEmitForJsFiles":true,"maxNodeModuleJsDepth":2},"typings":[],"unresolvedImports":[],"kind":"action::set"}
[19:19:26.948] Response has been sent.
[19:19:26.948] No new typings were requested as a result of typings discovery
[20:59:23.046] Got install request {"projectName":"/dev/null/inferredProject3*","fileNames":["/opt/homebrew/lib/node_modules/typescript/lib/lib.es5.d.ts","/opt/homebrew/lib/node_modules/typescript/lib/lib.es2015.d.ts","/opt/homebrew/lib/node_modules/typescript/lib/lib.es2016.d.ts","/opt/homebrew/lib/node_modules/typescript/lib/lib.dom.d.ts","/opt/homebrew/lib/node_modules/typescript/lib/lib.dom.iterable.d.ts","/opt/homebrew/lib/node_modules/typescript/lib/lib.webworker.importscripts.d.ts","/opt/homebrew/lib/node_modules/typescript/lib/lib.scripthost.d.ts","/opt/homebrew/lib/node_modules/typescript/lib/lib.es2015.core.d.ts","/opt/homebrew/lib/node_modules/typescript/lib/lib.es2015.collection.d.ts","/opt/homebrew/lib/node_modules/typescript/lib/lib.es2015.generator.d.ts","/opt/homebrew/lib/node_modules/typescript/lib/lib.es2015.iterable.d.ts","/opt/homebrew/lib/node_modules/typescript/lib/lib.es2015.promise.d.ts","/opt/homebrew/lib/node_modules/typescript/lib/lib.es2015.proxy.d.ts","/opt/homebrew/lib/node_modules/typescript/lib/lib.es2015.reflect.d.ts","/opt/homebrew/lib/node_modules/typescript/lib/lib.es2015.symbol.d.ts","/opt/homebrew/lib/node_modules/typescript/lib/lib.es2015.symbol.wellknown.d.ts","/opt/homebrew/lib/node_modules/typescript/lib/lib.es2016.array.include.d.ts","/opt/homebrew/lib/node_modules/typescript/lib/lib.es2016.full.d.ts","/Users/rubber/Documents/flashcard/server/models/flashcard.js","/Users/rubber/Documents/flashcard/server/controllers/card_controller.js","/Users/rubber/Documents/flashcard/server/main.js"],"compilerOptions":{"module":1,"target":3,"jsx":1,"allowJs":true,"allowSyntheticDefaultImports":true,"allowNonTsExtensions":true,"noEmitForJsFiles":true,"maxNodeModuleJsDepth":2},"typeAcquisition":{"enable":true,"include":[],"exclude":[]},"unresolvedImports":[],"projectRootPath":"/Users/rubber/Documents/flashcard/server","kind":"discover"}
[20:59:23.048] Explicitly included types: []
[20:59:23.055] Typing names in '/Users/rubber/Documents/flashcard/server/package.json' dependencies: ["express","nodemon"]
[20:59:23.056] Searching for typing names in /Users/rubber/Documents/flashcard/server/node_modules; all files: ["/Users/rubber/Documents/flashcard/server/node_modules/express/package.json","/Users/rubber/Documents/flashcard/server/node_modules/nodemon/package.json"]
[20:59:23.058]     Found package names: ["express","nodemon"]
[20:59:23.058] Inferred typings from unresolved imports: []
[20:59:23.058] Result: {"cachedTypingPaths":[],"newTypingNames":["express","nodemon"],"filesToWatch":["/Users/rubber/Documents/flashcard/server/models/bower_components","/Users/rubber/Documents/flashcard/server/models/node_modules","/Users/rubber/Documents/flashcard/server/controllers/bower_components","/Users/rubber/Documents/flashcard/server/controllers/node_modules","/Users/rubber/Documents/flashcard/server/bower_components","/Users/rubber/Documents/flashcard/server/package.json","/Users/rubber/Documents/flashcard/server/node_modules"]}
[20:59:23.058] Finished typings discovery: {"cachedTypingPaths":[],"newTypingNames":["express","nodemon"],"filesToWatch":["/Users/rubber/Documents/flashcard/server/models/bower_components","/Users/rubber/Documents/flashcard/server/models/node_modules","/Users/rubber/Documents/flashcard/server/controllers/bower_components","/Users/rubber/Documents/flashcard/server/controllers/node_modules","/Users/rubber/Documents/flashcard/server/bower_components","/Users/rubber/Documents/flashcard/server/package.json","/Users/rubber/Documents/flashcard/server/node_modules"]}
[20:59:23.059] DirectoryWatcher:: Added:: WatchInfo: /Users/rubber/Documents/flashcard/server/models
[20:59:23.059] DirectoryWatcher:: Added:: WatchInfo: /Users/rubber/Documents/flashcard/server/models 1 undefined Project: /dev/null/inferredProject3* watcher already invoked: false
[20:59:23.060] Elapsed:: 0.5561659997329116ms DirectoryWatcher:: Added:: WatchInfo: /Users/rubber/Documents/flashcard/server/models 1 undefined Project: /dev/null/inferredProject3* watcher already invoked: false
[20:59:23.060] DirectoryWatcher:: Added:: WatchInfo: /Users/rubber/Documents/flashcard/server/controllers
[20:59:23.060] DirectoryWatcher:: Added:: WatchInfo: /Users/rubber/Documents/flashcard/server/controllers 1 undefined Project: /dev/null/inferredProject3* watcher already invoked: false
[20:59:23.060] Elapsed:: 0.0728750005364418ms DirectoryWatcher:: Added:: WatchInfo: /Users/rubber/Documents/flashcard/server/controllers 1 undefined Project: /dev/null/inferredProject3* watcher already invoked: false
[20:59:23.061] DirectoryWatcher:: Added:: WatchInfo: /Users/rubber/Documents/flashcard/server/bower_components
[20:59:23.063] DirectoryWatcher:: Added:: WatchInfo: /Users/rubber/Documents/flashcard/server/bower_components 1 undefined Project: /dev/null/inferredProject3* watcher already invoked: false
[20:59:23.064] Elapsed:: 0.8014590004459023ms DirectoryWatcher:: Added:: WatchInfo: /Users/rubber/Documents/flashcard/server/bower_components 1 undefined Project: /dev/null/inferredProject3* watcher already invoked: false
[20:59:23.064] FileWatcher:: Added:: WatchInfo: /Users/rubber/Documents/flashcard/server/package.json
[20:59:23.065] FileWatcher:: Added:: WatchInfo: /Users/rubber/Documents/flashcard/server/package.json 2000 undefined Project: /dev/null/inferredProject3* watcher already invoked: false
[20:59:23.065] DirectoryWatcher:: Added:: WatchInfo: /Users/rubber/Documents/flashcard/server/node_modules
[20:59:23.065] DirectoryWatcher:: Added:: WatchInfo: /Users/rubber/Documents/flashcard/server/node_modules 1 undefined Project: /dev/null/inferredProject3* watcher already invoked: false
[20:59:23.065] Elapsed:: 0.06712500005960464ms DirectoryWatcher:: Added:: WatchInfo: /Users/rubber/Documents/flashcard/server/node_modules 1 undefined Project: /dev/null/inferredProject3* watcher already invoked: false
[20:59:23.066] Installing typings ["express","nodemon"]
[20:59:23.067] 'express':: Entry for package 'express' does not exist in local types registry - skipping...
[20:59:23.067] 'nodemon':: Entry for package 'nodemon' does not exist in local types registry - skipping...
[20:59:23.067] All typings are known to be missing or invalid - no need to install more typings
[20:59:23.067] Sending response:
    {"projectName":"/dev/null/inferredProject3*","typeAcquisition":{"enable":true,"include":[],"exclude":[]},"compilerOptions":{"module":1,"target":3,"jsx":1,"allowJs":true,"allowSyntheticDefaultImports":true,"allowNonTsExtensions":true,"noEmitForJsFiles":true,"maxNodeModuleJsDepth":2},"typings":[],"unresolvedImports":[],"kind":"action::set"}
[20:59:23.067] Response has been sent.
[21:00:35.671] DirectoryWatcher:: Triggered with /Users/rubber/Documents/flashcard/server/controllers/.#card_controller.js :: WatchInfo: /Users/rubber/Documents/flashcard/server/controllers 1 undefined Project: /dev/null/inferredProject3* watcher already invoked: false
[21:00:35.672] Elapsed:: 0.4498340003192425ms DirectoryWatcher:: Triggered with /Users/rubber/Documents/flashcard/server/controllers/.#card_controller.js :: WatchInfo: /Users/rubber/Documents/flashcard/server/controllers 1 undefined Project: /dev/null/inferredProject3* watcher already invoked: false
[21:00:36.727] DirectoryWatcher:: Triggered with /Users/rubber/Documents/flashcard/server/controllers/.#card_controller.js :: WatchInfo: /Users/rubber/Documents/flashcard/server/controllers 1 undefined Project: /dev/null/inferredProject3* watcher already invoked: false
[21:00:36.728] Elapsed:: 0.8321249997243285ms DirectoryWatcher:: Triggered with /Users/rubber/Documents/flashcard/server/controllers/.#card_controller.js :: WatchInfo: /Users/rubber/Documents/flashcard/server/controllers 1 undefined Project: /dev/null/inferredProject3* watcher already invoked: false
