[09:45:04.025] Global cache location '/Users/rubber/Library/Caches/typescript/4.7', safe file path '/opt/homebrew/lib/node_modules/typescript/lib/typingsafelist.json', types map path /opt/homebrew/lib/node_modules/typescript/lib/typesmap.json
[09:45:04.027] Processing cache location '/Users/rubber/Library/Caches/typescript/4.7'
[09:45:04.027] Trying to find '/Users/rubber/Library/Caches/typescript/4.7/package.json'...
[09:45:04.027] Finished processing cache location '/Users/rubber/Library/Caches/typescript/4.7'
[09:45:04.028] Process id: 2122
[09:45:04.028] NPM location: /opt/homebrew/Cellar/node/18.6.0/bin/npm (explicit '--npmLocation' not  provided)
[09:45:04.028] validateDefaultNpmLocation: false
[09:45:04.028] Npm config file: /Users/rubber/Library/Caches/typescript/4.7/package.json
[09:45:04.028] Updating types-registry npm package...
[09:45:04.028] Exec: /opt/homebrew/Cellar/node/18.6.0/bin/npm install --ignore-scripts types-registry@latest
[09:45:04.053]     Failed. stdout:
    stderr:
    /bin/sh: /opt/homebrew/Cellar/node/18.6.0/bin/npm: No such file or directory
    
[09:45:04.053] Updated types-registry npm package
[09:45:04.053] Types registry file '/Users/rubber/Library/Caches/typescript/4.7/node_modules/types-registry/index.json' does not exist
[09:45:04.734] Got install request {"projectName":"/dev/null/inferredProject1*","fileNames":["/opt/homebrew/lib/node_modules/typescript/lib/lib.es5.d.ts","/opt/homebrew/lib/node_modules/typescript/lib/lib.es2015.d.ts","/opt/homebrew/lib/node_modules/typescript/lib/lib.es2016.d.ts","/opt/homebrew/lib/node_modules/typescript/lib/lib.dom.d.ts","/opt/homebrew/lib/node_modules/typescript/lib/lib.dom.iterable.d.ts","/opt/homebrew/lib/node_modules/typescript/lib/lib.webworker.importscripts.d.ts","/opt/homebrew/lib/node_modules/typescript/lib/lib.scripthost.d.ts","/opt/homebrew/lib/node_modules/typescript/lib/lib.es2015.core.d.ts","/opt/homebrew/lib/node_modules/typescript/lib/lib.es2015.collection.d.ts","/opt/homebrew/lib/node_modules/typescript/lib/lib.es2015.generator.d.ts","/opt/homebrew/lib/node_modules/typescript/lib/lib.es2015.iterable.d.ts","/opt/homebrew/lib/node_modules/typescript/lib/lib.es2015.promise.d.ts","/opt/homebrew/lib/node_modules/typescript/lib/lib.es2015.proxy.d.ts","/opt/homebrew/lib/node_modules/typescript/lib/lib.es2015.reflect.d.ts","/opt/homebrew/lib/node_modules/typescript/lib/lib.es2015.symbol.d.ts","/opt/homebrew/lib/node_modules/typescript/lib/lib.es2015.symbol.wellknown.d.ts","/opt/homebrew/lib/node_modules/typescript/lib/lib.es2016.array.include.d.ts","/opt/homebrew/lib/node_modules/typescript/lib/lib.es2016.full.d.ts","/Users/rubber/Documents/flashcard/src/component/Card.js","/Users/rubber/Documents/flashcard/src/App.js"],"compilerOptions":{"module":1,"target":3,"jsx":1,"allowJs":true,"allowSyntheticDefaultImports":true,"allowNonTsExtensions":true,"noEmitForJsFiles":true,"maxNodeModuleJsDepth":2},"typeAcquisition":{"enable":true,"include":[],"exclude":[]},"unresolvedImports":[],"projectRootPath":"/Users/rubber/Documents/flashcard/src","kind":"discover"}
[09:45:04.743] Loaded safelist from types map file '/opt/homebrew/lib/node_modules/typescript/lib/typesmap.json'
[09:45:04.743] Explicitly included types: []
[09:45:04.744] Inferred typings from unresolved imports: []
[09:45:04.744] Result: {"cachedTypingPaths":[],"newTypingNames":[],"filesToWatch":["/Users/rubber/Documents/flashcard/src/component/bower_components","/Users/rubber/Documents/flashcard/src/component/node_modules","/Users/rubber/Documents/flashcard/src/bower_components","/Users/rubber/Documents/flashcard/src/node_modules"]}
[09:45:04.744] Finished typings discovery: {"cachedTypingPaths":[],"newTypingNames":[],"filesToWatch":["/Users/rubber/Documents/flashcard/src/component/bower_components","/Users/rubber/Documents/flashcard/src/component/node_modules","/Users/rubber/Documents/flashcard/src/bower_components","/Users/rubber/Documents/flashcard/src/node_modules"]}
[09:45:04.744] DirectoryWatcher:: Added:: WatchInfo: /Users/rubber/Documents/flashcard/src/component
[09:45:04.744] DirectoryWatcher:: Added:: WatchInfo: /Users/rubber/Documents/flashcard/src/component 1 undefined Project: /dev/null/inferredProject1* watcher already invoked: false
[09:45:04.745] Elapsed:: 1.2377909999340773ms DirectoryWatcher:: Added:: WatchInfo: /Users/rubber/Documents/flashcard/src/component 1 undefined Project: /dev/null/inferredProject1* watcher already invoked: false
[09:45:04.745] DirectoryWatcher:: Added:: WatchInfo: /Users/rubber/Documents/flashcard/src/bower_components
[09:45:04.746] DirectoryWatcher:: Added:: WatchInfo: /Users/rubber/Documents/flashcard/src/bower_components 1 undefined Project: /dev/null/inferredProject1* watcher already invoked: false
[09:45:04.746] Elapsed:: 0.30637499992735684ms DirectoryWatcher:: Added:: WatchInfo: /Users/rubber/Documents/flashcard/src/bower_components 1 undefined Project: /dev/null/inferredProject1* watcher already invoked: false
[09:45:04.746] DirectoryWatcher:: Added:: WatchInfo: /Users/rubber/Documents/flashcard/src/node_modules
[09:45:04.746] DirectoryWatcher:: Added:: WatchInfo: /Users/rubber/Documents/flashcard/src/node_modules 1 undefined Project: /dev/null/inferredProject1* watcher already invoked: false
[09:45:04.746] Elapsed:: 0.03049999987706542ms DirectoryWatcher:: Added:: WatchInfo: /Users/rubber/Documents/flashcard/src/node_modules 1 undefined Project: /dev/null/inferredProject1* watcher already invoked: false
[09:45:04.746] Sending response:
    {"projectName":"/dev/null/inferredProject1*","typeAcquisition":{"enable":true,"include":[],"exclude":[]},"compilerOptions":{"module":1,"target":3,"jsx":1,"allowJs":true,"allowSyntheticDefaultImports":true,"allowNonTsExtensions":true,"noEmitForJsFiles":true,"maxNodeModuleJsDepth":2},"typings":[],"unresolvedImports":[],"kind":"action::set"}
[09:45:04.746] Response has been sent.
[09:45:04.746] No new typings were requested as a result of typings discovery
[09:47:57.694] Got install request {"projectName":"/dev/null/inferredProject2*","fileNames":["/opt/homebrew/lib/node_modules/typescript/lib/lib.es5.d.ts","/opt/homebrew/lib/node_modules/typescript/lib/lib.es2015.d.ts","/opt/homebrew/lib/node_modules/typescript/lib/lib.es2016.d.ts","/opt/homebrew/lib/node_modules/typescript/lib/lib.dom.d.ts","/opt/homebrew/lib/node_modules/typescript/lib/lib.dom.iterable.d.ts","/opt/homebrew/lib/node_modules/typescript/lib/lib.webworker.importscripts.d.ts","/opt/homebrew/lib/node_modules/typescript/lib/lib.scripthost.d.ts","/opt/homebrew/lib/node_modules/typescript/lib/lib.es2015.core.d.ts","/opt/homebrew/lib/node_modules/typescript/lib/lib.es2015.collection.d.ts","/opt/homebrew/lib/node_modules/typescript/lib/lib.es2015.generator.d.ts","/opt/homebrew/lib/node_modules/typescript/lib/lib.es2015.iterable.d.ts","/opt/homebrew/lib/node_modules/typescript/lib/lib.es2015.promise.d.ts","/opt/homebrew/lib/node_modules/typescript/lib/lib.es2015.proxy.d.ts","/opt/homebrew/lib/node_modules/typescript/lib/lib.es2015.reflect.d.ts","/opt/homebrew/lib/node_modules/typescript/lib/lib.es2015.symbol.d.ts","/opt/homebrew/lib/node_modules/typescript/lib/lib.es2015.symbol.wellknown.d.ts","/opt/homebrew/lib/node_modules/typescript/lib/lib.es2016.array.include.d.ts","/opt/homebrew/lib/node_modules/typescript/lib/lib.es2016.full.d.ts","/Users/rubber/Documents/flashcard/server/models/flashcard.js"],"compilerOptions":{"module":1,"target":3,"jsx":1,"allowJs":true,"allowSyntheticDefaultImports":true,"allowNonTsExtensions":true,"noEmitForJsFiles":true,"maxNodeModuleJsDepth":2},"typeAcquisition":{"enable":true,"include":[],"exclude":[]},"unresolvedImports":[],"projectRootPath":"/Users/rubber/Documents/flashcard/server/models","kind":"discover"}
[09:47:57.695] Explicitly included types: []
[09:47:57.695] Inferred typings from unresolved imports: []
[09:47:57.695] Result: {"cachedTypingPaths":[],"newTypingNames":[],"filesToWatch":["/Users/rubber/Documents/flashcard/server/models/bower_components","/Users/rubber/Documents/flashcard/server/models/node_modules"]}
[09:47:57.695] Finished typings discovery: {"cachedTypingPaths":[],"newTypingNames":[],"filesToWatch":["/Users/rubber/Documents/flashcard/server/models/bower_components","/Users/rubber/Documents/flashcard/server/models/node_modules"]}
[09:47:57.695] DirectoryWatcher:: Added:: WatchInfo: /Users/rubber/Documents/flashcard/server/models/bower_components
[09:47:57.696] DirectoryWatcher:: Added:: WatchInfo: /Users/rubber/Documents/flashcard/server/models/bower_components 1 undefined Project: /dev/null/inferredProject2* watcher already invoked: false
[09:47:57.696] Elapsed:: 0.21804200019687414ms DirectoryWatcher:: Added:: WatchInfo: /Users/rubber/Documents/flashcard/server/models/bower_components 1 undefined Project: /dev/null/inferredProject2* watcher already invoked: false
[09:47:57.696] DirectoryWatcher:: Added:: WatchInfo: /Users/rubber/Documents/flashcard/server/models/node_modules
[09:47:57.696] DirectoryWatcher:: Added:: WatchInfo: /Users/rubber/Documents/flashcard/server/models/node_modules 1 undefined Project: /dev/null/inferredProject2* watcher already invoked: false
[09:47:57.696] Elapsed:: 0.04762500012293458ms DirectoryWatcher:: Added:: WatchInfo: /Users/rubber/Documents/flashcard/server/models/node_modules 1 undefined Project: /dev/null/inferredProject2* watcher already invoked: false
[09:47:57.696] Sending response:
    {"projectName":"/dev/null/inferredProject2*","typeAcquisition":{"enable":true,"include":[],"exclude":[]},"compilerOptions":{"module":1,"target":3,"jsx":1,"allowJs":true,"allowSyntheticDefaultImports":true,"allowNonTsExtensions":true,"noEmitForJsFiles":true,"maxNodeModuleJsDepth":2},"typings":[],"unresolvedImports":[],"kind":"action::set"}
[09:47:57.696] Response has been sent.
[09:47:57.696] No new typings were requested as a result of typings discovery
[09:48:01.705] Got install request {"projectName":"/dev/null/inferredProject3*","fileNames":["/opt/homebrew/lib/node_modules/typescript/lib/lib.es5.d.ts","/opt/homebrew/lib/node_modules/typescript/lib/lib.es2015.d.ts","/opt/homebrew/lib/node_modules/typescript/lib/lib.es2016.d.ts","/opt/homebrew/lib/node_modules/typescript/lib/lib.dom.d.ts","/opt/homebrew/lib/node_modules/typescript/lib/lib.dom.iterable.d.ts","/opt/homebrew/lib/node_modules/typescript/lib/lib.webworker.importscripts.d.ts","/opt/homebrew/lib/node_modules/typescript/lib/lib.scripthost.d.ts","/opt/homebrew/lib/node_modules/typescript/lib/lib.es2015.core.d.ts","/opt/homebrew/lib/node_modules/typescript/lib/lib.es2015.collection.d.ts","/opt/homebrew/lib/node_modules/typescript/lib/lib.es2015.generator.d.ts","/opt/homebrew/lib/node_modules/typescript/lib/lib.es2015.iterable.d.ts","/opt/homebrew/lib/node_modules/typescript/lib/lib.es2015.promise.d.ts","/opt/homebrew/lib/node_modules/typescript/lib/lib.es2015.proxy.d.ts","/opt/homebrew/lib/node_modules/typescript/lib/lib.es2015.reflect.d.ts","/opt/homebrew/lib/node_modules/typescript/lib/lib.es2015.symbol.d.ts","/opt/homebrew/lib/node_modules/typescript/lib/lib.es2015.symbol.wellknown.d.ts","/opt/homebrew/lib/node_modules/typescript/lib/lib.es2016.array.include.d.ts","/opt/homebrew/lib/node_modules/typescript/lib/lib.es2016.full.d.ts","/Users/rubber/Documents/flashcard/server/models/flashcard.js","/Users/rubber/Documents/flashcard/server/controllers/card_controller.js","/Users/rubber/Documents/flashcard/server/main.js"],"compilerOptions":{"module":1,"target":3,"jsx":1,"allowJs":true,"allowSyntheticDefaultImports":true,"allowNonTsExtensions":true,"noEmitForJsFiles":true,"maxNodeModuleJsDepth":2},"typeAcquisition":{"enable":true,"include":[],"exclude":[]},"unresolvedImports":[],"projectRootPath":"/Users/rubber/Documents/flashcard/server","kind":"discover"}
[09:48:01.705] Explicitly included types: []
[09:48:01.707] Typing names in '/Users/rubber/Documents/flashcard/server/package.json' dependencies: ["express","nodemon"]
[09:48:01.707] Searching for typing names in /Users/rubber/Documents/flashcard/server/node_modules; all files: ["/Users/rubber/Documents/flashcard/server/node_modules/express/package.json","/Users/rubber/Documents/flashcard/server/node_modules/nodemon/package.json"]
[09:48:01.709]     Found package names: ["express","nodemon"]
[09:48:01.709] Inferred typings from unresolved imports: []
[09:48:01.709] Result: {"cachedTypingPaths":[],"newTypingNames":["express","nodemon"],"filesToWatch":["/Users/rubber/Documents/flashcard/server/models/bower_components","/Users/rubber/Documents/flashcard/server/models/node_modules","/Users/rubber/Documents/flashcard/server/controllers/bower_components","/Users/rubber/Documents/flashcard/server/controllers/node_modules","/Users/rubber/Documents/flashcard/server/bower_components","/Users/rubber/Documents/flashcard/server/package.json","/Users/rubber/Documents/flashcard/server/node_modules"]}
[09:48:01.709] Finished typings discovery: {"cachedTypingPaths":[],"newTypingNames":["express","nodemon"],"filesToWatch":["/Users/rubber/Documents/flashcard/server/models/bower_components","/Users/rubber/Documents/flashcard/server/models/node_modules","/Users/rubber/Documents/flashcard/server/controllers/bower_components","/Users/rubber/Documents/flashcard/server/controllers/node_modules","/Users/rubber/Documents/flashcard/server/bower_components","/Users/rubber/Documents/flashcard/server/package.json","/Users/rubber/Documents/flashcard/server/node_modules"]}
[09:48:01.709] DirectoryWatcher:: Added:: WatchInfo: /Users/rubber/Documents/flashcard/server/models
[09:48:01.709] DirectoryWatcher:: Added:: WatchInfo: /Users/rubber/Documents/flashcard/server/models 1 undefined Project: /dev/null/inferredProject3* watcher already invoked: false
[09:48:01.710] Elapsed:: 0.10025000013411045ms DirectoryWatcher:: Added:: WatchInfo: /Users/rubber/Documents/flashcard/server/models 1 undefined Project: /dev/null/inferredProject3* watcher already invoked: false
[09:48:01.710] DirectoryWatcher:: Added:: WatchInfo: /Users/rubber/Documents/flashcard/server/controllers
[09:48:01.710] DirectoryWatcher:: Added:: WatchInfo: /Users/rubber/Documents/flashcard/server/controllers 1 undefined Project: /dev/null/inferredProject3* watcher already invoked: false
[09:48:01.710] Elapsed:: 0.15824999986216426ms DirectoryWatcher:: Added:: WatchInfo: /Users/rubber/Documents/flashcard/server/controllers 1 undefined Project: /dev/null/inferredProject3* watcher already invoked: false
[09:48:01.710] DirectoryWatcher:: Added:: WatchInfo: /Users/rubber/Documents/flashcard/server/bower_components
[09:48:01.710] DirectoryWatcher:: Added:: WatchInfo: /Users/rubber/Documents/flashcard/server/bower_components 1 undefined Project: /dev/null/inferredProject3* watcher already invoked: false
[09:48:01.710] Elapsed:: 0.0442909998819232ms DirectoryWatcher:: Added:: WatchInfo: /Users/rubber/Documents/flashcard/server/bower_components 1 undefined Project: /dev/null/inferredProject3* watcher already invoked: false
[09:48:01.710] FileWatcher:: Added:: WatchInfo: /Users/rubber/Documents/flashcard/server/package.json
[09:48:01.710] FileWatcher:: Added:: WatchInfo: /Users/rubber/Documents/flashcard/server/package.json 2000 undefined Project: /dev/null/inferredProject3* watcher already invoked: false
[09:48:01.710] DirectoryWatcher:: Added:: WatchInfo: /Users/rubber/Documents/flashcard/server/node_modules
[09:48:01.710] DirectoryWatcher:: Added:: WatchInfo: /Users/rubber/Documents/flashcard/server/node_modules 1 undefined Project: /dev/null/inferredProject3* watcher already invoked: false
[09:48:01.710] Elapsed:: 0.055291999597102404ms DirectoryWatcher:: Added:: WatchInfo: /Users/rubber/Documents/flashcard/server/node_modules 1 undefined Project: /dev/null/inferredProject3* watcher already invoked: false
[09:48:01.711] Installing typings ["express","nodemon"]
[09:48:01.711] 'express':: Entry for package 'express' does not exist in local types registry - skipping...
[09:48:01.711] 'nodemon':: Entry for package 'nodemon' does not exist in local types registry - skipping...
[09:48:01.711] All typings are known to be missing or invalid - no need to install more typings
[09:48:01.711] Sending response:
    {"projectName":"/dev/null/inferredProject3*","typeAcquisition":{"enable":true,"include":[],"exclude":[]},"compilerOptions":{"module":1,"target":3,"jsx":1,"allowJs":true,"allowSyntheticDefaultImports":true,"allowNonTsExtensions":true,"noEmitForJsFiles":true,"maxNodeModuleJsDepth":2},"typings":[],"unresolvedImports":[],"kind":"action::set"}
[09:48:01.711] Response has been sent.
