[08:18:36.825] Global cache location '/Users/rubber/Library/Caches/typescript/4.7', safe file path '/opt/homebrew/lib/node_modules/typescript/lib/typingsafelist.json', types map path /opt/homebrew/lib/node_modules/typescript/lib/typesmap.json
[08:18:36.827] Processing cache location '/Users/rubber/Library/Caches/typescript/4.7'
[08:18:36.827] Trying to find '/Users/rubber/Library/Caches/typescript/4.7/package.json'...
[08:18:36.828] Finished processing cache location '/Users/rubber/Library/Caches/typescript/4.7'
[08:18:36.828] Process id: 2509
[08:18:36.828] NPM location: /opt/homebrew/Cellar/node/18.6.0/bin/npm (explicit '--npmLocation' not  provided)
[08:18:36.828] validateDefaultNpmLocation: false
[08:18:36.828] Npm config file: /Users/rubber/Library/Caches/typescript/4.7/package.json
[08:18:36.828] Updating types-registry npm package...
[08:18:36.828] Exec: /opt/homebrew/Cellar/node/18.6.0/bin/npm install --ignore-scripts types-registry@latest
[08:18:36.844]     Failed. stdout:
    stderr:
    /bin/sh: /opt/homebrew/Cellar/node/18.6.0/bin/npm: No such file or directory
    
[08:18:36.844] Updated types-registry npm package
[08:18:36.844] Types registry file '/Users/rubber/Library/Caches/typescript/4.7/node_modules/types-registry/index.json' does not exist
[08:18:39.034] Got install request {"projectName":"/dev/null/inferredProject1*","fileNames":["/opt/homebrew/lib/node_modules/typescript/lib/lib.es5.d.ts","/opt/homebrew/lib/node_modules/typescript/lib/lib.es2015.d.ts","/opt/homebrew/lib/node_modules/typescript/lib/lib.es2016.d.ts","/opt/homebrew/lib/node_modules/typescript/lib/lib.dom.d.ts","/opt/homebrew/lib/node_modules/typescript/lib/lib.dom.iterable.d.ts","/opt/homebrew/lib/node_modules/typescript/lib/lib.webworker.importscripts.d.ts","/opt/homebrew/lib/node_modules/typescript/lib/lib.scripthost.d.ts","/opt/homebrew/lib/node_modules/typescript/lib/lib.es2015.core.d.ts","/opt/homebrew/lib/node_modules/typescript/lib/lib.es2015.collection.d.ts","/opt/homebrew/lib/node_modules/typescript/lib/lib.es2015.generator.d.ts","/opt/homebrew/lib/node_modules/typescript/lib/lib.es2015.iterable.d.ts","/opt/homebrew/lib/node_modules/typescript/lib/lib.es2015.promise.d.ts","/opt/homebrew/lib/node_modules/typescript/lib/lib.es2015.proxy.d.ts","/opt/homebrew/lib/node_modules/typescript/lib/lib.es2015.reflect.d.ts","/opt/homebrew/lib/node_modules/typescript/lib/lib.es2015.symbol.d.ts","/opt/homebrew/lib/node_modules/typescript/lib/lib.es2015.symbol.wellknown.d.ts","/opt/homebrew/lib/node_modules/typescript/lib/lib.es2016.array.include.d.ts","/opt/homebrew/lib/node_modules/typescript/lib/lib.es2016.full.d.ts","/Users/rubber/Documents/flashcard/server/main.js"],"compilerOptions":{"module":1,"target":3,"jsx":1,"allowJs":true,"allowSyntheticDefaultImports":true,"allowNonTsExtensions":true,"noEmitForJsFiles":true,"maxNodeModuleJsDepth":2},"typeAcquisition":{"enable":true,"include":[],"exclude":[]},"unresolvedImports":[],"projectRootPath":"/Users/rubber/Documents/flashcard/server","kind":"discover"}
[08:18:39.045] Loaded safelist from types map file '/opt/homebrew/lib/node_modules/typescript/lib/typesmap.json'
[08:18:39.045] Explicitly included types: []
[08:18:39.046] Typing names in '/Users/rubber/Documents/flashcard/server/package.json' dependencies: ["express","nodemon"]
[08:18:39.046] Searching for typing names in /Users/rubber/Documents/flashcard/server/node_modules; all files: ["/Users/rubber/Documents/flashcard/server/node_modules/express/package.json","/Users/rubber/Documents/flashcard/server/node_modules/nodemon/package.json"]
[08:18:39.047]     Found package names: ["express","nodemon"]
[08:18:39.047] Inferred typings from unresolved imports: []
[08:18:39.047] Result: {"cachedTypingPaths":[],"newTypingNames":["express","nodemon"],"filesToWatch":["/Users/rubber/Documents/flashcard/server/bower_components","/Users/rubber/Documents/flashcard/server/package.json","/Users/rubber/Documents/flashcard/server/node_modules"]}
[08:18:39.047] Finished typings discovery: {"cachedTypingPaths":[],"newTypingNames":["express","nodemon"],"filesToWatch":["/Users/rubber/Documents/flashcard/server/bower_components","/Users/rubber/Documents/flashcard/server/package.json","/Users/rubber/Documents/flashcard/server/node_modules"]}
[08:18:39.048] DirectoryWatcher:: Added:: WatchInfo: /Users/rubber/Documents/flashcard/server/bower_components
[08:18:39.048] DirectoryWatcher:: Added:: WatchInfo: /Users/rubber/Documents/flashcard/server/bower_components 1 undefined Project: /dev/null/inferredProject1* watcher already invoked: false
[08:18:39.048] Elapsed:: 0.45637500000884756ms DirectoryWatcher:: Added:: WatchInfo: /Users/rubber/Documents/flashcard/server/bower_components 1 undefined Project: /dev/null/inferredProject1* watcher already invoked: false
[08:18:39.048] FileWatcher:: Added:: WatchInfo: /Users/rubber/Documents/flashcard/server/package.json
[08:18:39.048] FileWatcher:: Added:: WatchInfo: /Users/rubber/Documents/flashcard/server/package.json 2000 undefined Project: /dev/null/inferredProject1* watcher already invoked: false
[08:18:39.049] DirectoryWatcher:: Added:: WatchInfo: /Users/rubber/Documents/flashcard/server/node_modules
[08:18:39.049] DirectoryWatcher:: Added:: WatchInfo: /Users/rubber/Documents/flashcard/server/node_modules 1 undefined Project: /dev/null/inferredProject1* watcher already invoked: false
[08:18:39.050] Elapsed:: 1.5366660000290722ms DirectoryWatcher:: Added:: WatchInfo: /Users/rubber/Documents/flashcard/server/node_modules 1 undefined Project: /dev/null/inferredProject1* watcher already invoked: false
[08:18:39.050] Installing typings ["express","nodemon"]
[08:18:39.051] 'express':: Entry for package 'express' does not exist in local types registry - skipping...
[08:18:39.051] 'nodemon':: Entry for package 'nodemon' does not exist in local types registry - skipping...
[08:18:39.051] All typings are known to be missing or invalid - no need to install more typings
[08:18:39.051] Sending response:
    {"projectName":"/dev/null/inferredProject1*","typeAcquisition":{"enable":true,"include":[],"exclude":[]},"compilerOptions":{"module":1,"target":3,"jsx":1,"allowJs":true,"allowSyntheticDefaultImports":true,"allowNonTsExtensions":true,"noEmitForJsFiles":true,"maxNodeModuleJsDepth":2},"typings":[],"unresolvedImports":[],"kind":"action::set"}
[08:18:39.051] Response has been sent.
[08:19:23.222] Got install request {"projectName":"/dev/null/inferredProject2*","fileNames":["/opt/homebrew/lib/node_modules/typescript/lib/lib.es5.d.ts","/opt/homebrew/lib/node_modules/typescript/lib/lib.es2015.d.ts","/opt/homebrew/lib/node_modules/typescript/lib/lib.es2016.d.ts","/opt/homebrew/lib/node_modules/typescript/lib/lib.dom.d.ts","/opt/homebrew/lib/node_modules/typescript/lib/lib.dom.iterable.d.ts","/opt/homebrew/lib/node_modules/typescript/lib/lib.webworker.importscripts.d.ts","/opt/homebrew/lib/node_modules/typescript/lib/lib.scripthost.d.ts","/opt/homebrew/lib/node_modules/typescript/lib/lib.es2015.core.d.ts","/opt/homebrew/lib/node_modules/typescript/lib/lib.es2015.collection.d.ts","/opt/homebrew/lib/node_modules/typescript/lib/lib.es2015.generator.d.ts","/opt/homebrew/lib/node_modules/typescript/lib/lib.es2015.iterable.d.ts","/opt/homebrew/lib/node_modules/typescript/lib/lib.es2015.promise.d.ts","/opt/homebrew/lib/node_modules/typescript/lib/lib.es2015.proxy.d.ts","/opt/homebrew/lib/node_modules/typescript/lib/lib.es2015.reflect.d.ts","/opt/homebrew/lib/node_modules/typescript/lib/lib.es2015.symbol.d.ts","/opt/homebrew/lib/node_modules/typescript/lib/lib.es2015.symbol.wellknown.d.ts","/opt/homebrew/lib/node_modules/typescript/lib/lib.es2016.array.include.d.ts","/opt/homebrew/lib/node_modules/typescript/lib/lib.es2016.full.d.ts","/Users/rubber/Documents/flashcard/src/component/Card.js","/Users/rubber/Documents/flashcard/src/App.js"],"compilerOptions":{"module":1,"target":3,"jsx":1,"allowJs":true,"allowSyntheticDefaultImports":true,"allowNonTsExtensions":true,"noEmitForJsFiles":true,"maxNodeModuleJsDepth":2},"typeAcquisition":{"enable":true,"include":[],"exclude":[]},"unresolvedImports":[],"projectRootPath":"/Users/rubber/Documents/flashcard/src","kind":"discover"}
[08:19:23.224] Explicitly included types: []
[08:19:23.224] Inferred typings from unresolved imports: []
[08:19:23.224] Result: {"cachedTypingPaths":[],"newTypingNames":[],"filesToWatch":["/Users/rubber/Documents/flashcard/src/component/bower_components","/Users/rubber/Documents/flashcard/src/component/node_modules","/Users/rubber/Documents/flashcard/src/bower_components","/Users/rubber/Documents/flashcard/src/node_modules"]}
[08:19:23.224] Finished typings discovery: {"cachedTypingPaths":[],"newTypingNames":[],"filesToWatch":["/Users/rubber/Documents/flashcard/src/component/bower_components","/Users/rubber/Documents/flashcard/src/component/node_modules","/Users/rubber/Documents/flashcard/src/bower_components","/Users/rubber/Documents/flashcard/src/node_modules"]}
[08:19:23.224] DirectoryWatcher:: Added:: WatchInfo: /Users/rubber/Documents/flashcard/src/component
[08:19:23.224] DirectoryWatcher:: Added:: WatchInfo: /Users/rubber/Documents/flashcard/src/component 1 undefined Project: /dev/null/inferredProject2* watcher already invoked: false
[08:19:23.224] Elapsed:: 0.1142079999553971ms DirectoryWatcher:: Added:: WatchInfo: /Users/rubber/Documents/flashcard/src/component 1 undefined Project: /dev/null/inferredProject2* watcher already invoked: false
[08:19:23.224] DirectoryWatcher:: Added:: WatchInfo: /Users/rubber/Documents/flashcard/src/bower_components
[08:19:23.225] DirectoryWatcher:: Added:: WatchInfo: /Users/rubber/Documents/flashcard/src/bower_components 1 undefined Project: /dev/null/inferredProject2* watcher already invoked: false
[08:19:23.225] Elapsed:: 0.05749999999534339ms DirectoryWatcher:: Added:: WatchInfo: /Users/rubber/Documents/flashcard/src/bower_components 1 undefined Project: /dev/null/inferredProject2* watcher already invoked: false
[08:19:23.225] DirectoryWatcher:: Added:: WatchInfo: /Users/rubber/Documents/flashcard/src/node_modules
[08:19:23.225] DirectoryWatcher:: Added:: WatchInfo: /Users/rubber/Documents/flashcard/src/node_modules 1 undefined Project: /dev/null/inferredProject2* watcher already invoked: false
[08:19:23.225] Elapsed:: 0.03645900002447888ms DirectoryWatcher:: Added:: WatchInfo: /Users/rubber/Documents/flashcard/src/node_modules 1 undefined Project: /dev/null/inferredProject2* watcher already invoked: false
[08:19:23.225] Sending response:
    {"projectName":"/dev/null/inferredProject2*","typeAcquisition":{"enable":true,"include":[],"exclude":[]},"compilerOptions":{"module":1,"target":3,"jsx":1,"allowJs":true,"allowSyntheticDefaultImports":true,"allowNonTsExtensions":true,"noEmitForJsFiles":true,"maxNodeModuleJsDepth":2},"typings":[],"unresolvedImports":[],"kind":"action::set"}
[08:19:23.225] Response has been sent.
[08:19:23.225] No new typings were requested as a result of typings discovery
[11:58:11.428] Got install request {"projectName":"/dev/null/inferredProject1*","fileNames":["/opt/homebrew/lib/node_modules/typescript/lib/lib.es5.d.ts","/opt/homebrew/lib/node_modules/typescript/lib/lib.es2015.d.ts","/opt/homebrew/lib/node_modules/typescript/lib/lib.es2016.d.ts","/opt/homebrew/lib/node_modules/typescript/lib/lib.dom.d.ts","/opt/homebrew/lib/node_modules/typescript/lib/lib.dom.iterable.d.ts","/opt/homebrew/lib/node_modules/typescript/lib/lib.webworker.importscripts.d.ts","/opt/homebrew/lib/node_modules/typescript/lib/lib.scripthost.d.ts","/opt/homebrew/lib/node_modules/typescript/lib/lib.es2015.core.d.ts","/opt/homebrew/lib/node_modules/typescript/lib/lib.es2015.collection.d.ts","/opt/homebrew/lib/node_modules/typescript/lib/lib.es2015.generator.d.ts","/opt/homebrew/lib/node_modules/typescript/lib/lib.es2015.iterable.d.ts","/opt/homebrew/lib/node_modules/typescript/lib/lib.es2015.promise.d.ts","/opt/homebrew/lib/node_modules/typescript/lib/lib.es2015.proxy.d.ts","/opt/homebrew/lib/node_modules/typescript/lib/lib.es2015.reflect.d.ts","/opt/homebrew/lib/node_modules/typescript/lib/lib.es2015.symbol.d.ts","/opt/homebrew/lib/node_modules/typescript/lib/lib.es2015.symbol.wellknown.d.ts","/opt/homebrew/lib/node_modules/typescript/lib/lib.es2016.array.include.d.ts","/opt/homebrew/lib/node_modules/typescript/lib/lib.es2016.full.d.ts","/Users/rubber/Documents/flashcard/server/main.js"],"compilerOptions":{"module":1,"target":3,"jsx":1,"allowJs":true,"allowSyntheticDefaultImports":true,"allowNonTsExtensions":true,"noEmitForJsFiles":true,"maxNodeModuleJsDepth":2},"typeAcquisition":{"enable":true,"include":[],"exclude":[]},"unresolvedImports":[],"projectRootPath":"/Users/rubber/Documents/flashcard/server","kind":"discover"}
[11:58:11.429] Explicitly included types: []
[11:58:11.430] Typing names in '/Users/rubber/Documents/flashcard/server/package.json' dependencies: ["express","nodemon"]
[11:58:11.430] Searching for typing names in /Users/rubber/Documents/flashcard/server/node_modules; all files: ["/Users/rubber/Documents/flashcard/server/node_modules/express/package.json","/Users/rubber/Documents/flashcard/server/node_modules/nodemon/package.json"]
[11:58:11.432]     Found package names: ["express","nodemon"]
[11:58:11.432] Inferred typings from unresolved imports: []
[11:58:11.432] Result: {"cachedTypingPaths":[],"newTypingNames":["express","nodemon"],"filesToWatch":["/Users/rubber/Documents/flashcard/server/bower_components","/Users/rubber/Documents/flashcard/server/package.json","/Users/rubber/Documents/flashcard/server/node_modules"]}
[11:58:11.432] Finished typings discovery: {"cachedTypingPaths":[],"newTypingNames":["express","nodemon"],"filesToWatch":["/Users/rubber/Documents/flashcard/server/bower_components","/Users/rubber/Documents/flashcard/server/package.json","/Users/rubber/Documents/flashcard/server/node_modules"]}
[11:58:11.433] Installing typings ["express","nodemon"]
[11:58:11.433] 'express':: Entry for package 'express' does not exist in local types registry - skipping...
[11:58:11.433] 'nodemon':: Entry for package 'nodemon' does not exist in local types registry - skipping...
[11:58:11.433] All typings are known to be missing or invalid - no need to install more typings
[11:58:11.433] Sending response:
    {"projectName":"/dev/null/inferredProject1*","typeAcquisition":{"enable":true,"include":[],"exclude":[]},"compilerOptions":{"module":1,"target":3,"jsx":1,"allowJs":true,"allowSyntheticDefaultImports":true,"allowNonTsExtensions":true,"noEmitForJsFiles":true,"maxNodeModuleJsDepth":2},"typings":[],"unresolvedImports":[],"kind":"action::set"}
[11:58:11.433] Response has been sent.
[11:58:11.467] Got install request {"projectName":"/dev/null/inferredProject2*","fileNames":["/opt/homebrew/lib/node_modules/typescript/lib/lib.es5.d.ts","/opt/homebrew/lib/node_modules/typescript/lib/lib.es2015.d.ts","/opt/homebrew/lib/node_modules/typescript/lib/lib.es2016.d.ts","/opt/homebrew/lib/node_modules/typescript/lib/lib.dom.d.ts","/opt/homebrew/lib/node_modules/typescript/lib/lib.dom.iterable.d.ts","/opt/homebrew/lib/node_modules/typescript/lib/lib.webworker.importscripts.d.ts","/opt/homebrew/lib/node_modules/typescript/lib/lib.scripthost.d.ts","/opt/homebrew/lib/node_modules/typescript/lib/lib.es2015.core.d.ts","/opt/homebrew/lib/node_modules/typescript/lib/lib.es2015.collection.d.ts","/opt/homebrew/lib/node_modules/typescript/lib/lib.es2015.generator.d.ts","/opt/homebrew/lib/node_modules/typescript/lib/lib.es2015.iterable.d.ts","/opt/homebrew/lib/node_modules/typescript/lib/lib.es2015.promise.d.ts","/opt/homebrew/lib/node_modules/typescript/lib/lib.es2015.proxy.d.ts","/opt/homebrew/lib/node_modules/typescript/lib/lib.es2015.reflect.d.ts","/opt/homebrew/lib/node_modules/typescript/lib/lib.es2015.symbol.d.ts","/opt/homebrew/lib/node_modules/typescript/lib/lib.es2015.symbol.wellknown.d.ts","/opt/homebrew/lib/node_modules/typescript/lib/lib.es2016.array.include.d.ts","/opt/homebrew/lib/node_modules/typescript/lib/lib.es2016.full.d.ts","/Users/rubber/Documents/flashcard/src/component/Card.js","/Users/rubber/Documents/flashcard/src/App.js"],"compilerOptions":{"module":1,"target":3,"jsx":1,"allowJs":true,"allowSyntheticDefaultImports":true,"allowNonTsExtensions":true,"noEmitForJsFiles":true,"maxNodeModuleJsDepth":2},"typeAcquisition":{"enable":true,"include":[],"exclude":[]},"unresolvedImports":[],"projectRootPath":"/Users/rubber/Documents/flashcard/src","kind":"discover"}
[11:58:11.468] Explicitly included types: []
[11:58:11.468] Inferred typings from unresolved imports: []
[11:58:11.468] Result: {"cachedTypingPaths":[],"newTypingNames":[],"filesToWatch":["/Users/rubber/Documents/flashcard/src/component/bower_components","/Users/rubber/Documents/flashcard/src/component/node_modules","/Users/rubber/Documents/flashcard/src/bower_components","/Users/rubber/Documents/flashcard/src/node_modules"]}
[11:58:11.468] Finished typings discovery: {"cachedTypingPaths":[],"newTypingNames":[],"filesToWatch":["/Users/rubber/Documents/flashcard/src/component/bower_components","/Users/rubber/Documents/flashcard/src/component/node_modules","/Users/rubber/Documents/flashcard/src/bower_components","/Users/rubber/Documents/flashcard/src/node_modules"]}
[11:58:11.468] Sending response:
    {"projectName":"/dev/null/inferredProject2*","typeAcquisition":{"enable":true,"include":[],"exclude":[]},"compilerOptions":{"module":1,"target":3,"jsx":1,"allowJs":true,"allowSyntheticDefaultImports":true,"allowNonTsExtensions":true,"noEmitForJsFiles":true,"maxNodeModuleJsDepth":2},"typings":[],"unresolvedImports":[],"kind":"action::set"}
[11:58:11.468] Response has been sent.
[11:58:11.468] No new typings were requested as a result of typings discovery
