[10:31:53.200] Global cache location '/Users/rubber/Library/Caches/typescript/4.7', safe file path '/opt/homebrew/lib/node_modules/typescript/lib/typingsafelist.json', types map path /opt/homebrew/lib/node_modules/typescript/lib/typesmap.json
[10:31:53.202] Processing cache location '/Users/rubber/Library/Caches/typescript/4.7'
[10:31:53.202] Trying to find '/Users/rubber/Library/Caches/typescript/4.7/package.json'...
[10:31:53.202] Finished processing cache location '/Users/rubber/Library/Caches/typescript/4.7'
[10:31:53.202] Process id: 3424
[10:31:53.202] NPM location: /opt/homebrew/Cellar/node/18.6.0/bin/npm (explicit '--npmLocation' not  provided)
[10:31:53.202] validateDefaultNpmLocation: false
[10:31:53.202] Npm config file: /Users/rubber/Library/Caches/typescript/4.7/package.json
[10:31:53.202] Updating types-registry npm package...
[10:31:53.203] Exec: /opt/homebrew/Cellar/node/18.6.0/bin/npm install --ignore-scripts types-registry@latest
[10:31:53.230]     Failed. stdout:
    stderr:
    /bin/sh: /opt/homebrew/Cellar/node/18.6.0/bin/npm: No such file or directory
    
[10:31:53.230] Updated types-registry npm package
[10:31:53.230] Types registry file '/Users/rubber/Library/Caches/typescript/4.7/node_modules/types-registry/index.json' does not exist
[10:31:53.921] Got install request {"projectName":"/dev/null/inferredProject1*","fileNames":["/opt/homebrew/lib/node_modules/typescript/lib/lib.es5.d.ts","/opt/homebrew/lib/node_modules/typescript/lib/lib.es2015.d.ts","/opt/homebrew/lib/node_modules/typescript/lib/lib.es2016.d.ts","/opt/homebrew/lib/node_modules/typescript/lib/lib.dom.d.ts","/opt/homebrew/lib/node_modules/typescript/lib/lib.dom.iterable.d.ts","/opt/homebrew/lib/node_modules/typescript/lib/lib.webworker.importscripts.d.ts","/opt/homebrew/lib/node_modules/typescript/lib/lib.scripthost.d.ts","/opt/homebrew/lib/node_modules/typescript/lib/lib.es2015.core.d.ts","/opt/homebrew/lib/node_modules/typescript/lib/lib.es2015.collection.d.ts","/opt/homebrew/lib/node_modules/typescript/lib/lib.es2015.generator.d.ts","/opt/homebrew/lib/node_modules/typescript/lib/lib.es2015.iterable.d.ts","/opt/homebrew/lib/node_modules/typescript/lib/lib.es2015.promise.d.ts","/opt/homebrew/lib/node_modules/typescript/lib/lib.es2015.proxy.d.ts","/opt/homebrew/lib/node_modules/typescript/lib/lib.es2015.reflect.d.ts","/opt/homebrew/lib/node_modules/typescript/lib/lib.es2015.symbol.d.ts","/opt/homebrew/lib/node_modules/typescript/lib/lib.es2015.symbol.wellknown.d.ts","/opt/homebrew/lib/node_modules/typescript/lib/lib.es2016.array.include.d.ts","/opt/homebrew/lib/node_modules/typescript/lib/lib.es2016.full.d.ts","/Users/rubber/Documents/flashcard/src/App.js"],"compilerOptions":{"module":1,"target":3,"jsx":1,"allowJs":true,"allowSyntheticDefaultImports":true,"allowNonTsExtensions":true,"noEmitForJsFiles":true,"maxNodeModuleJsDepth":2},"typeAcquisition":{"enable":true,"include":[],"exclude":[]},"unresolvedImports":[],"projectRootPath":"/Users/rubber/Documents/flashcard/src","kind":"discover"}
[10:31:53.930] Loaded safelist from types map file '/opt/homebrew/lib/node_modules/typescript/lib/typesmap.json'
[10:31:53.930] Explicitly included types: []
[10:31:53.931] Inferred typings from unresolved imports: []
[10:31:53.931] Result: {"cachedTypingPaths":[],"newTypingNames":[],"filesToWatch":["/Users/rubber/Documents/flashcard/src/bower_components","/Users/rubber/Documents/flashcard/src/node_modules"]}
[10:31:53.931] Finished typings discovery: {"cachedTypingPaths":[],"newTypingNames":[],"filesToWatch":["/Users/rubber/Documents/flashcard/src/bower_components","/Users/rubber/Documents/flashcard/src/node_modules"]}
[10:31:53.931] DirectoryWatcher:: Added:: WatchInfo: /Users/rubber/Documents/flashcard/src/bower_components
[10:31:53.931] DirectoryWatcher:: Added:: WatchInfo: /Users/rubber/Documents/flashcard/src/bower_components 1 undefined Project: /dev/null/inferredProject1* watcher already invoked: false
[10:31:53.932] Elapsed:: 0.38966699998127297ms DirectoryWatcher:: Added:: WatchInfo: /Users/rubber/Documents/flashcard/src/bower_components 1 undefined Project: /dev/null/inferredProject1* watcher already invoked: false
[10:31:53.932] DirectoryWatcher:: Added:: WatchInfo: /Users/rubber/Documents/flashcard/src/node_modules
[10:31:53.932] DirectoryWatcher:: Added:: WatchInfo: /Users/rubber/Documents/flashcard/src/node_modules 1 undefined Project: /dev/null/inferredProject1* watcher already invoked: false
[10:31:53.932] Elapsed:: 0.03675000002840534ms DirectoryWatcher:: Added:: WatchInfo: /Users/rubber/Documents/flashcard/src/node_modules 1 undefined Project: /dev/null/inferredProject1* watcher already invoked: false
[10:31:53.932] Sending response:
    {"projectName":"/dev/null/inferredProject1*","typeAcquisition":{"enable":true,"include":[],"exclude":[]},"compilerOptions":{"module":1,"target":3,"jsx":1,"allowJs":true,"allowSyntheticDefaultImports":true,"allowNonTsExtensions":true,"noEmitForJsFiles":true,"maxNodeModuleJsDepth":2},"typings":[],"unresolvedImports":[],"kind":"action::set"}
[10:31:53.932] Response has been sent.
[10:31:53.932] No new typings were requested as a result of typings discovery
[10:32:10.590] Got install request {"projectName":"/dev/null/inferredProject2*","fileNames":["/opt/homebrew/lib/node_modules/typescript/lib/lib.es5.d.ts","/opt/homebrew/lib/node_modules/typescript/lib/lib.es2015.d.ts","/opt/homebrew/lib/node_modules/typescript/lib/lib.es2016.d.ts","/opt/homebrew/lib/node_modules/typescript/lib/lib.dom.d.ts","/opt/homebrew/lib/node_modules/typescript/lib/lib.dom.iterable.d.ts","/opt/homebrew/lib/node_modules/typescript/lib/lib.webworker.importscripts.d.ts","/opt/homebrew/lib/node_modules/typescript/lib/lib.scripthost.d.ts","/opt/homebrew/lib/node_modules/typescript/lib/lib.es2015.core.d.ts","/opt/homebrew/lib/node_modules/typescript/lib/lib.es2015.collection.d.ts","/opt/homebrew/lib/node_modules/typescript/lib/lib.es2015.generator.d.ts","/opt/homebrew/lib/node_modules/typescript/lib/lib.es2015.iterable.d.ts","/opt/homebrew/lib/node_modules/typescript/lib/lib.es2015.promise.d.ts","/opt/homebrew/lib/node_modules/typescript/lib/lib.es2015.proxy.d.ts","/opt/homebrew/lib/node_modules/typescript/lib/lib.es2015.reflect.d.ts","/opt/homebrew/lib/node_modules/typescript/lib/lib.es2015.symbol.d.ts","/opt/homebrew/lib/node_modules/typescript/lib/lib.es2015.symbol.wellknown.d.ts","/opt/homebrew/lib/node_modules/typescript/lib/lib.es2016.array.include.d.ts","/opt/homebrew/lib/node_modules/typescript/lib/lib.es2016.full.d.ts","/Users/rubber/Documents/flashcard/src/component/card.js"],"compilerOptions":{"module":1,"target":3,"jsx":1,"allowJs":true,"allowSyntheticDefaultImports":true,"allowNonTsExtensions":true,"noEmitForJsFiles":true,"maxNodeModuleJsDepth":2},"typeAcquisition":{"enable":true,"include":[],"exclude":[]},"unresolvedImports":["react-app"],"projectRootPath":"/Users/rubber/Documents/flashcard/src/component","kind":"discover"}
[10:32:10.591] Explicitly included types: []
[10:32:10.592] Inferred typings from unresolved imports: ["react-app"]
[10:32:10.592] Result: {"cachedTypingPaths":[],"newTypingNames":["react-app"],"filesToWatch":["/Users/rubber/Documents/flashcard/src/component/bower_components","/Users/rubber/Documents/flashcard/src/component/node_modules"]}
[10:32:10.592] Finished typings discovery: {"cachedTypingPaths":[],"newTypingNames":["react-app"],"filesToWatch":["/Users/rubber/Documents/flashcard/src/component/bower_components","/Users/rubber/Documents/flashcard/src/component/node_modules"]}
[10:32:10.592] DirectoryWatcher:: Added:: WatchInfo: /Users/rubber/Documents/flashcard/src/component/bower_components
[10:32:10.592] DirectoryWatcher:: Added:: WatchInfo: /Users/rubber/Documents/flashcard/src/component/bower_components 1 undefined Project: /dev/null/inferredProject2* watcher already invoked: false
[10:32:10.592] Elapsed:: 0.07566700002644211ms DirectoryWatcher:: Added:: WatchInfo: /Users/rubber/Documents/flashcard/src/component/bower_components 1 undefined Project: /dev/null/inferredProject2* watcher already invoked: false
[10:32:10.593] DirectoryWatcher:: Added:: WatchInfo: /Users/rubber/Documents/flashcard/src/component/node_modules
[10:32:10.593] DirectoryWatcher:: Added:: WatchInfo: /Users/rubber/Documents/flashcard/src/component/node_modules 1 undefined Project: /dev/null/inferredProject2* watcher already invoked: false
[10:32:10.593] Elapsed:: 0.04412500001490116ms DirectoryWatcher:: Added:: WatchInfo: /Users/rubber/Documents/flashcard/src/component/node_modules 1 undefined Project: /dev/null/inferredProject2* watcher already invoked: false
[10:32:10.593] Installing typings ["react-app"]
[10:32:10.593] 'react-app':: Entry for package 'react-app' does not exist in local types registry - skipping...
[10:32:10.593] All typings are known to be missing or invalid - no need to install more typings
[10:32:10.593] Sending response:
    {"projectName":"/dev/null/inferredProject2*","typeAcquisition":{"enable":true,"include":[],"exclude":[]},"compilerOptions":{"module":1,"target":3,"jsx":1,"allowJs":true,"allowSyntheticDefaultImports":true,"allowNonTsExtensions":true,"noEmitForJsFiles":true,"maxNodeModuleJsDepth":2},"typings":[],"unresolvedImports":["react-app"],"kind":"action::set"}
[10:32:10.593] Response has been sent.
[10:32:56.901] Got install request {"projectName":"/dev/null/inferredProject1*","fileNames":["/opt/homebrew/lib/node_modules/typescript/lib/lib.es5.d.ts","/opt/homebrew/lib/node_modules/typescript/lib/lib.es2015.d.ts","/opt/homebrew/lib/node_modules/typescript/lib/lib.es2016.d.ts","/opt/homebrew/lib/node_modules/typescript/lib/lib.dom.d.ts","/opt/homebrew/lib/node_modules/typescript/lib/lib.dom.iterable.d.ts","/opt/homebrew/lib/node_modules/typescript/lib/lib.webworker.importscripts.d.ts","/opt/homebrew/lib/node_modules/typescript/lib/lib.scripthost.d.ts","/opt/homebrew/lib/node_modules/typescript/lib/lib.es2015.core.d.ts","/opt/homebrew/lib/node_modules/typescript/lib/lib.es2015.collection.d.ts","/opt/homebrew/lib/node_modules/typescript/lib/lib.es2015.generator.d.ts","/opt/homebrew/lib/node_modules/typescript/lib/lib.es2015.iterable.d.ts","/opt/homebrew/lib/node_modules/typescript/lib/lib.es2015.promise.d.ts","/opt/homebrew/lib/node_modules/typescript/lib/lib.es2015.proxy.d.ts","/opt/homebrew/lib/node_modules/typescript/lib/lib.es2015.reflect.d.ts","/opt/homebrew/lib/node_modules/typescript/lib/lib.es2015.symbol.d.ts","/opt/homebrew/lib/node_modules/typescript/lib/lib.es2015.symbol.wellknown.d.ts","/opt/homebrew/lib/node_modules/typescript/lib/lib.es2016.array.include.d.ts","/opt/homebrew/lib/node_modules/typescript/lib/lib.es2016.full.d.ts","/Users/rubber/Documents/flashcard/src/App.js"],"compilerOptions":{"module":1,"target":3,"jsx":1,"allowJs":true,"allowSyntheticDefaultImports":true,"allowNonTsExtensions":true,"noEmitForJsFiles":true,"maxNodeModuleJsDepth":2},"typeAcquisition":{"enable":true,"include":[],"exclude":[]},"unresolvedImports":["c"],"projectRootPath":"/Users/rubber/Documents/flashcard/src","kind":"discover"}
[10:32:56.902] Explicitly included types: []
[10:32:56.902] Inferred typings from unresolved imports: ["c"]
[10:32:56.902] Result: {"cachedTypingPaths":[],"newTypingNames":["c"],"filesToWatch":["/Users/rubber/Documents/flashcard/src/bower_components","/Users/rubber/Documents/flashcard/src/node_modules"]}
[10:32:56.902] Finished typings discovery: {"cachedTypingPaths":[],"newTypingNames":["c"],"filesToWatch":["/Users/rubber/Documents/flashcard/src/bower_components","/Users/rubber/Documents/flashcard/src/node_modules"]}
[10:32:56.902] Installing typings ["c"]
[10:32:56.902] 'c':: Entry for package 'c' does not exist in local types registry - skipping...
[10:32:56.902] All typings are known to be missing or invalid - no need to install more typings
[10:32:56.902] Sending response:
    {"projectName":"/dev/null/inferredProject1*","typeAcquisition":{"enable":true,"include":[],"exclude":[]},"compilerOptions":{"module":1,"target":3,"jsx":1,"allowJs":true,"allowSyntheticDefaultImports":true,"allowNonTsExtensions":true,"noEmitForJsFiles":true,"maxNodeModuleJsDepth":2},"typings":[],"unresolvedImports":["c"],"kind":"action::set"}
[10:32:56.902] Response has been sent.
[10:32:57.721] Got install request {"projectName":"/dev/null/inferredProject1*","fileNames":["/opt/homebrew/lib/node_modules/typescript/lib/lib.es5.d.ts","/opt/homebrew/lib/node_modules/typescript/lib/lib.es2015.d.ts","/opt/homebrew/lib/node_modules/typescript/lib/lib.es2016.d.ts","/opt/homebrew/lib/node_modules/typescript/lib/lib.dom.d.ts","/opt/homebrew/lib/node_modules/typescript/lib/lib.dom.iterable.d.ts","/opt/homebrew/lib/node_modules/typescript/lib/lib.webworker.importscripts.d.ts","/opt/homebrew/lib/node_modules/typescript/lib/lib.scripthost.d.ts","/opt/homebrew/lib/node_modules/typescript/lib/lib.es2015.core.d.ts","/opt/homebrew/lib/node_modules/typescript/lib/lib.es2015.collection.d.ts","/opt/homebrew/lib/node_modules/typescript/lib/lib.es2015.generator.d.ts","/opt/homebrew/lib/node_modules/typescript/lib/lib.es2015.iterable.d.ts","/opt/homebrew/lib/node_modules/typescript/lib/lib.es2015.promise.d.ts","/opt/homebrew/lib/node_modules/typescript/lib/lib.es2015.proxy.d.ts","/opt/homebrew/lib/node_modules/typescript/lib/lib.es2015.reflect.d.ts","/opt/homebrew/lib/node_modules/typescript/lib/lib.es2015.symbol.d.ts","/opt/homebrew/lib/node_modules/typescript/lib/lib.es2015.symbol.wellknown.d.ts","/opt/homebrew/lib/node_modules/typescript/lib/lib.es2016.array.include.d.ts","/opt/homebrew/lib/node_modules/typescript/lib/lib.es2016.full.d.ts","/Users/rubber/Documents/flashcard/src/App.js"],"compilerOptions":{"module":1,"target":3,"jsx":1,"allowJs":true,"allowSyntheticDefaultImports":true,"allowNonTsExtensions":true,"noEmitForJsFiles":true,"maxNodeModuleJsDepth":2},"typeAcquisition":{"enable":true,"include":[],"exclude":[]},"unresolvedImports":["comonent"],"projectRootPath":"/Users/rubber/Documents/flashcard/src","kind":"discover"}
[10:32:57.721] Explicitly included types: []
[10:32:57.721] Inferred typings from unresolved imports: ["comonent"]
[10:32:57.721] Result: {"cachedTypingPaths":[],"newTypingNames":["comonent"],"filesToWatch":["/Users/rubber/Documents/flashcard/src/bower_components","/Users/rubber/Documents/flashcard/src/node_modules"]}
[10:32:57.721] Finished typings discovery: {"cachedTypingPaths":[],"newTypingNames":["comonent"],"filesToWatch":["/Users/rubber/Documents/flashcard/src/bower_components","/Users/rubber/Documents/flashcard/src/node_modules"]}
[10:32:57.721] Installing typings ["comonent"]
[10:32:57.721] 'comonent':: Entry for package 'comonent' does not exist in local types registry - skipping...
[10:32:57.721] All typings are known to be missing or invalid - no need to install more typings
[10:32:57.722] Sending response:
    {"projectName":"/dev/null/inferredProject1*","typeAcquisition":{"enable":true,"include":[],"exclude":[]},"compilerOptions":{"module":1,"target":3,"jsx":1,"allowJs":true,"allowSyntheticDefaultImports":true,"allowNonTsExtensions":true,"noEmitForJsFiles":true,"maxNodeModuleJsDepth":2},"typings":[],"unresolvedImports":["comonent"],"kind":"action::set"}
[10:32:57.722] Response has been sent.
[10:32:58.733] Got install request {"projectName":"/dev/null/inferredProject1*","fileNames":["/opt/homebrew/lib/node_modules/typescript/lib/lib.es5.d.ts","/opt/homebrew/lib/node_modules/typescript/lib/lib.es2015.d.ts","/opt/homebrew/lib/node_modules/typescript/lib/lib.es2016.d.ts","/opt/homebrew/lib/node_modules/typescript/lib/lib.dom.d.ts","/opt/homebrew/lib/node_modules/typescript/lib/lib.dom.iterable.d.ts","/opt/homebrew/lib/node_modules/typescript/lib/lib.webworker.importscripts.d.ts","/opt/homebrew/lib/node_modules/typescript/lib/lib.scripthost.d.ts","/opt/homebrew/lib/node_modules/typescript/lib/lib.es2015.core.d.ts","/opt/homebrew/lib/node_modules/typescript/lib/lib.es2015.collection.d.ts","/opt/homebrew/lib/node_modules/typescript/lib/lib.es2015.generator.d.ts","/opt/homebrew/lib/node_modules/typescript/lib/lib.es2015.iterable.d.ts","/opt/homebrew/lib/node_modules/typescript/lib/lib.es2015.promise.d.ts","/opt/homebrew/lib/node_modules/typescript/lib/lib.es2015.proxy.d.ts","/opt/homebrew/lib/node_modules/typescript/lib/lib.es2015.reflect.d.ts","/opt/homebrew/lib/node_modules/typescript/lib/lib.es2015.symbol.d.ts","/opt/homebrew/lib/node_modules/typescript/lib/lib.es2015.symbol.wellknown.d.ts","/opt/homebrew/lib/node_modules/typescript/lib/lib.es2016.array.include.d.ts","/opt/homebrew/lib/node_modules/typescript/lib/lib.es2016.full.d.ts","/Users/rubber/Documents/flashcard/src/App.js"],"compilerOptions":{"module":1,"target":3,"jsx":1,"allowJs":true,"allowSyntheticDefaultImports":true,"allowNonTsExtensions":true,"noEmitForJsFiles":true,"maxNodeModuleJsDepth":2},"typeAcquisition":{"enable":true,"include":[],"exclude":[]},"unresolvedImports":["..comonent"],"projectRootPath":"/Users/rubber/Documents/flashcard/src","kind":"discover"}
[10:32:58.734] Explicitly included types: []
[10:32:58.734] Inferred typings from unresolved imports: ["..comonent"]
[10:32:58.734] Result: {"cachedTypingPaths":[],"newTypingNames":["..comonent"],"filesToWatch":["/Users/rubber/Documents/flashcard/src/bower_components","/Users/rubber/Documents/flashcard/src/node_modules"]}
[10:32:58.734] Finished typings discovery: {"cachedTypingPaths":[],"newTypingNames":["..comonent"],"filesToWatch":["/Users/rubber/Documents/flashcard/src/bower_components","/Users/rubber/Documents/flashcard/src/node_modules"]}
[10:32:58.734] Installing typings ["..comonent"]
[10:32:58.735] '..comonent':: Package name '..comonent' cannot start with '.'
[10:32:58.735] All typings are known to be missing or invalid - no need to install more typings
[10:32:58.735] Sending response:
    {"projectName":"/dev/null/inferredProject1*","typeAcquisition":{"enable":true,"include":[],"exclude":[]},"compilerOptions":{"module":1,"target":3,"jsx":1,"allowJs":true,"allowSyntheticDefaultImports":true,"allowNonTsExtensions":true,"noEmitForJsFiles":true,"maxNodeModuleJsDepth":2},"typings":[],"unresolvedImports":["..comonent"],"kind":"action::set"}
[10:32:58.735] Response has been sent.
[10:32:59.287] Got install request {"projectName":"/dev/null/inferredProject1*","fileNames":["/opt/homebrew/lib/node_modules/typescript/lib/lib.es5.d.ts","/opt/homebrew/lib/node_modules/typescript/lib/lib.es2015.d.ts","/opt/homebrew/lib/node_modules/typescript/lib/lib.es2016.d.ts","/opt/homebrew/lib/node_modules/typescript/lib/lib.dom.d.ts","/opt/homebrew/lib/node_modules/typescript/lib/lib.dom.iterable.d.ts","/opt/homebrew/lib/node_modules/typescript/lib/lib.webworker.importscripts.d.ts","/opt/homebrew/lib/node_modules/typescript/lib/lib.scripthost.d.ts","/opt/homebrew/lib/node_modules/typescript/lib/lib.es2015.core.d.ts","/opt/homebrew/lib/node_modules/typescript/lib/lib.es2015.collection.d.ts","/opt/homebrew/lib/node_modules/typescript/lib/lib.es2015.generator.d.ts","/opt/homebrew/lib/node_modules/typescript/lib/lib.es2015.iterable.d.ts","/opt/homebrew/lib/node_modules/typescript/lib/lib.es2015.promise.d.ts","/opt/homebrew/lib/node_modules/typescript/lib/lib.es2015.proxy.d.ts","/opt/homebrew/lib/node_modules/typescript/lib/lib.es2015.reflect.d.ts","/opt/homebrew/lib/node_modules/typescript/lib/lib.es2015.symbol.d.ts","/opt/homebrew/lib/node_modules/typescript/lib/lib.es2015.symbol.wellknown.d.ts","/opt/homebrew/lib/node_modules/typescript/lib/lib.es2016.array.include.d.ts","/opt/homebrew/lib/node_modules/typescript/lib/lib.es2016.full.d.ts","/Users/rubber/Documents/flashcard/src/App.js"],"compilerOptions":{"module":1,"target":3,"jsx":1,"allowJs":true,"allowSyntheticDefaultImports":true,"allowNonTsExtensions":true,"noEmitForJsFiles":true,"maxNodeModuleJsDepth":2},"typeAcquisition":{"enable":true,"include":[],"exclude":[]},"unresolvedImports":[],"projectRootPath":"/Users/rubber/Documents/flashcard/src","kind":"discover"}
[10:32:59.288] Explicitly included types: []
[10:32:59.288] Inferred typings from unresolved imports: []
[10:32:59.288] Result: {"cachedTypingPaths":[],"newTypingNames":[],"filesToWatch":["/Users/rubber/Documents/flashcard/src/bower_components","/Users/rubber/Documents/flashcard/src/node_modules"]}
[10:32:59.288] Finished typings discovery: {"cachedTypingPaths":[],"newTypingNames":[],"filesToWatch":["/Users/rubber/Documents/flashcard/src/bower_components","/Users/rubber/Documents/flashcard/src/node_modules"]}
[10:32:59.288] Sending response:
    {"projectName":"/dev/null/inferredProject1*","typeAcquisition":{"enable":true,"include":[],"exclude":[]},"compilerOptions":{"module":1,"target":3,"jsx":1,"allowJs":true,"allowSyntheticDefaultImports":true,"allowNonTsExtensions":true,"noEmitForJsFiles":true,"maxNodeModuleJsDepth":2},"typings":[],"unresolvedImports":[],"kind":"action::set"}
[10:32:59.288] Response has been sent.
[10:32:59.289] No new typings were requested as a result of typings discovery
[10:33:05.162] Got install request {"projectName":"/dev/null/inferredProject1*","fileNames":["/opt/homebrew/lib/node_modules/typescript/lib/lib.es5.d.ts","/opt/homebrew/lib/node_modules/typescript/lib/lib.es2015.d.ts","/opt/homebrew/lib/node_modules/typescript/lib/lib.es2016.d.ts","/opt/homebrew/lib/node_modules/typescript/lib/lib.dom.d.ts","/opt/homebrew/lib/node_modules/typescript/lib/lib.dom.iterable.d.ts","/opt/homebrew/lib/node_modules/typescript/lib/lib.webworker.importscripts.d.ts","/opt/homebrew/lib/node_modules/typescript/lib/lib.scripthost.d.ts","/opt/homebrew/lib/node_modules/typescript/lib/lib.es2015.core.d.ts","/opt/homebrew/lib/node_modules/typescript/lib/lib.es2015.collection.d.ts","/opt/homebrew/lib/node_modules/typescript/lib/lib.es2015.generator.d.ts","/opt/homebrew/lib/node_modules/typescript/lib/lib.es2015.iterable.d.ts","/opt/homebrew/lib/node_modules/typescript/lib/lib.es2015.promise.d.ts","/opt/homebrew/lib/node_modules/typescript/lib/lib.es2015.proxy.d.ts","/opt/homebrew/lib/node_modules/typescript/lib/lib.es2015.reflect.d.ts","/opt/homebrew/lib/node_modules/typescript/lib/lib.es2015.symbol.d.ts","/opt/homebrew/lib/node_modules/typescript/lib/lib.es2015.symbol.wellknown.d.ts","/opt/homebrew/lib/node_modules/typescript/lib/lib.es2016.array.include.d.ts","/opt/homebrew/lib/node_modules/typescript/lib/lib.es2016.full.d.ts","/Users/rubber/Documents/flashcard/src/component/card.js","/Users/rubber/Documents/flashcard/src/App.js"],"compilerOptions":{"module":1,"target":3,"jsx":1,"allowJs":true,"allowSyntheticDefaultImports":true,"allowNonTsExtensions":true,"noEmitForJsFiles":true,"maxNodeModuleJsDepth":2},"typeAcquisition":{"enable":true,"include":[],"exclude":[]},"unresolvedImports":["react-app"],"projectRootPath":"/Users/rubber/Documents/flashcard/src","kind":"discover"}
[10:33:05.162] Explicitly included types: []
[10:33:05.163] Inferred typings from unresolved imports: ["react-app"]
[10:33:05.163] Result: {"cachedTypingPaths":[],"newTypingNames":["react-app"],"filesToWatch":["/Users/rubber/Documents/flashcard/src/component/bower_components","/Users/rubber/Documents/flashcard/src/component/node_modules","/Users/rubber/Documents/flashcard/src/bower_components","/Users/rubber/Documents/flashcard/src/node_modules"]}
[10:33:05.163] Finished typings discovery: {"cachedTypingPaths":[],"newTypingNames":["react-app"],"filesToWatch":["/Users/rubber/Documents/flashcard/src/component/bower_components","/Users/rubber/Documents/flashcard/src/component/node_modules","/Users/rubber/Documents/flashcard/src/bower_components","/Users/rubber/Documents/flashcard/src/node_modules"]}
[10:33:05.163] DirectoryWatcher:: Added:: WatchInfo: /Users/rubber/Documents/flashcard/src/component
[10:33:05.163] DirectoryWatcher:: Added:: WatchInfo: /Users/rubber/Documents/flashcard/src/component 1 undefined Project: /dev/null/inferredProject1* watcher already invoked: false
[10:33:05.164] Elapsed:: 1.3144590000156313ms DirectoryWatcher:: Added:: WatchInfo: /Users/rubber/Documents/flashcard/src/component 1 undefined Project: /dev/null/inferredProject1* watcher already invoked: false
[10:33:05.164] Installing typings ["react-app"]
[10:33:05.164] 'react-app':: Entry for package 'react-app' does not exist in local types registry - skipping...
[10:33:05.164] All typings are known to be missing or invalid - no need to install more typings
[10:33:05.164] Sending response:
    {"projectName":"/dev/null/inferredProject1*","typeAcquisition":{"enable":true,"include":[],"exclude":[]},"compilerOptions":{"module":1,"target":3,"jsx":1,"allowJs":true,"allowSyntheticDefaultImports":true,"allowNonTsExtensions":true,"noEmitForJsFiles":true,"maxNodeModuleJsDepth":2},"typings":[],"unresolvedImports":["react-app"],"kind":"action::set"}
[10:33:05.165] Response has been sent.
[10:33:49.329] Got install request {"projectName":"/dev/null/inferredProject1*","fileNames":["/opt/homebrew/lib/node_modules/typescript/lib/lib.es5.d.ts","/opt/homebrew/lib/node_modules/typescript/lib/lib.es2015.d.ts","/opt/homebrew/lib/node_modules/typescript/lib/lib.es2016.d.ts","/opt/homebrew/lib/node_modules/typescript/lib/lib.dom.d.ts","/opt/homebrew/lib/node_modules/typescript/lib/lib.dom.iterable.d.ts","/opt/homebrew/lib/node_modules/typescript/lib/lib.webworker.importscripts.d.ts","/opt/homebrew/lib/node_modules/typescript/lib/lib.scripthost.d.ts","/opt/homebrew/lib/node_modules/typescript/lib/lib.es2015.core.d.ts","/opt/homebrew/lib/node_modules/typescript/lib/lib.es2015.collection.d.ts","/opt/homebrew/lib/node_modules/typescript/lib/lib.es2015.generator.d.ts","/opt/homebrew/lib/node_modules/typescript/lib/lib.es2015.iterable.d.ts","/opt/homebrew/lib/node_modules/typescript/lib/lib.es2015.promise.d.ts","/opt/homebrew/lib/node_modules/typescript/lib/lib.es2015.proxy.d.ts","/opt/homebrew/lib/node_modules/typescript/lib/lib.es2015.reflect.d.ts","/opt/homebrew/lib/node_modules/typescript/lib/lib.es2015.symbol.d.ts","/opt/homebrew/lib/node_modules/typescript/lib/lib.es2015.symbol.wellknown.d.ts","/opt/homebrew/lib/node_modules/typescript/lib/lib.es2016.array.include.d.ts","/opt/homebrew/lib/node_modules/typescript/lib/lib.es2016.full.d.ts","/Users/rubber/Documents/flashcard/src/App.js"],"compilerOptions":{"module":1,"target":3,"jsx":1,"allowJs":true,"allowSyntheticDefaultImports":true,"allowNonTsExtensions":true,"noEmitForJsFiles":true,"maxNodeModuleJsDepth":2},"typeAcquisition":{"enable":true,"include":[],"exclude":[]},"unresolvedImports":[],"projectRootPath":"/Users/rubber/Documents/flashcard/src","kind":"discover"}
[10:33:49.330] Explicitly included types: []
[10:33:49.330] Inferred typings from unresolved imports: []
[10:33:49.330] Result: {"cachedTypingPaths":[],"newTypingNames":[],"filesToWatch":["/Users/rubber/Documents/flashcard/src/bower_components","/Users/rubber/Documents/flashcard/src/node_modules"]}
[10:33:49.330] Finished typings discovery: {"cachedTypingPaths":[],"newTypingNames":[],"filesToWatch":["/Users/rubber/Documents/flashcard/src/bower_components","/Users/rubber/Documents/flashcard/src/node_modules"]}
[10:33:49.330] DirectoryWatcher:: Closed:: WatchInfo: /Users/rubber/Documents/flashcard/src/component
[10:33:49.330] DirectoryWatcher:: Close:: WatchInfo: /Users/rubber/Documents/flashcard/src/component 1 undefined Project: /dev/null/inferredProject1* watcher already invoked: false
[10:33:49.331] Elapsed:: 0.18766700010746717ms DirectoryWatcher:: Close:: WatchInfo: /Users/rubber/Documents/flashcard/src/component 1 undefined Project: /dev/null/inferredProject1* watcher already invoked: false
[10:33:49.331] Sending response:
    {"projectName":"/dev/null/inferredProject1*","typeAcquisition":{"enable":true,"include":[],"exclude":[]},"compilerOptions":{"module":1,"target":3,"jsx":1,"allowJs":true,"allowSyntheticDefaultImports":true,"allowNonTsExtensions":true,"noEmitForJsFiles":true,"maxNodeModuleJsDepth":2},"typings":[],"unresolvedImports":[],"kind":"action::set"}
[10:33:49.331] Response has been sent.
[10:33:49.331] No new typings were requested as a result of typings discovery
[10:33:49.861] Got install request {"projectName":"/dev/null/inferredProject1*","fileNames":["/opt/homebrew/lib/node_modules/typescript/lib/lib.es5.d.ts","/opt/homebrew/lib/node_modules/typescript/lib/lib.es2015.d.ts","/opt/homebrew/lib/node_modules/typescript/lib/lib.es2016.d.ts","/opt/homebrew/lib/node_modules/typescript/lib/lib.dom.d.ts","/opt/homebrew/lib/node_modules/typescript/lib/lib.dom.iterable.d.ts","/opt/homebrew/lib/node_modules/typescript/lib/lib.webworker.importscripts.d.ts","/opt/homebrew/lib/node_modules/typescript/lib/lib.scripthost.d.ts","/opt/homebrew/lib/node_modules/typescript/lib/lib.es2015.core.d.ts","/opt/homebrew/lib/node_modules/typescript/lib/lib.es2015.collection.d.ts","/opt/homebrew/lib/node_modules/typescript/lib/lib.es2015.generator.d.ts","/opt/homebrew/lib/node_modules/typescript/lib/lib.es2015.iterable.d.ts","/opt/homebrew/lib/node_modules/typescript/lib/lib.es2015.promise.d.ts","/opt/homebrew/lib/node_modules/typescript/lib/lib.es2015.proxy.d.ts","/opt/homebrew/lib/node_modules/typescript/lib/lib.es2015.reflect.d.ts","/opt/homebrew/lib/node_modules/typescript/lib/lib.es2015.symbol.d.ts","/opt/homebrew/lib/node_modules/typescript/lib/lib.es2015.symbol.wellknown.d.ts","/opt/homebrew/lib/node_modules/typescript/lib/lib.es2016.array.include.d.ts","/opt/homebrew/lib/node_modules/typescript/lib/lib.es2016.full.d.ts","/Users/rubber/Documents/flashcard/src/App.js"],"compilerOptions":{"module":1,"target":3,"jsx":1,"allowJs":true,"allowSyntheticDefaultImports":true,"allowNonTsExtensions":true,"noEmitForJsFiles":true,"maxNodeModuleJsDepth":2},"typeAcquisition":{"enable":true,"include":[],"exclude":[]},"unresolvedImports":["component"],"projectRootPath":"/Users/rubber/Documents/flashcard/src","kind":"discover"}
[10:33:49.861] Explicitly included types: []
[10:33:49.861] Inferred typings from unresolved imports: ["component"]
[10:33:49.861] Result: {"cachedTypingPaths":[],"newTypingNames":["component"],"filesToWatch":["/Users/rubber/Documents/flashcard/src/bower_components","/Users/rubber/Documents/flashcard/src/node_modules"]}
[10:33:49.861] Finished typings discovery: {"cachedTypingPaths":[],"newTypingNames":["component"],"filesToWatch":["/Users/rubber/Documents/flashcard/src/bower_components","/Users/rubber/Documents/flashcard/src/node_modules"]}
[10:33:49.861] Installing typings ["component"]
[10:33:49.861] 'component':: Entry for package 'component' does not exist in local types registry - skipping...
[10:33:49.862] All typings are known to be missing or invalid - no need to install more typings
[10:33:49.862] Sending response:
    {"projectName":"/dev/null/inferredProject1*","typeAcquisition":{"enable":true,"include":[],"exclude":[]},"compilerOptions":{"module":1,"target":3,"jsx":1,"allowJs":true,"allowSyntheticDefaultImports":true,"allowNonTsExtensions":true,"noEmitForJsFiles":true,"maxNodeModuleJsDepth":2},"typings":[],"unresolvedImports":["component"],"kind":"action::set"}
[10:33:49.862] Response has been sent.
[10:34:02.844] Got install request {"projectName":"/dev/null/inferredProject1*","fileNames":["/opt/homebrew/lib/node_modules/typescript/lib/lib.es5.d.ts","/opt/homebrew/lib/node_modules/typescript/lib/lib.es2015.d.ts","/opt/homebrew/lib/node_modules/typescript/lib/lib.es2016.d.ts","/opt/homebrew/lib/node_modules/typescript/lib/lib.dom.d.ts","/opt/homebrew/lib/node_modules/typescript/lib/lib.dom.iterable.d.ts","/opt/homebrew/lib/node_modules/typescript/lib/lib.webworker.importscripts.d.ts","/opt/homebrew/lib/node_modules/typescript/lib/lib.scripthost.d.ts","/opt/homebrew/lib/node_modules/typescript/lib/lib.es2015.core.d.ts","/opt/homebrew/lib/node_modules/typescript/lib/lib.es2015.collection.d.ts","/opt/homebrew/lib/node_modules/typescript/lib/lib.es2015.generator.d.ts","/opt/homebrew/lib/node_modules/typescript/lib/lib.es2015.iterable.d.ts","/opt/homebrew/lib/node_modules/typescript/lib/lib.es2015.promise.d.ts","/opt/homebrew/lib/node_modules/typescript/lib/lib.es2015.proxy.d.ts","/opt/homebrew/lib/node_modules/typescript/lib/lib.es2015.reflect.d.ts","/opt/homebrew/lib/node_modules/typescript/lib/lib.es2015.symbol.d.ts","/opt/homebrew/lib/node_modules/typescript/lib/lib.es2015.symbol.wellknown.d.ts","/opt/homebrew/lib/node_modules/typescript/lib/lib.es2016.array.include.d.ts","/opt/homebrew/lib/node_modules/typescript/lib/lib.es2016.full.d.ts","/Users/rubber/Documents/flashcard/src/component/Card.js","/Users/rubber/Documents/flashcard/src/App.js"],"compilerOptions":{"module":1,"target":3,"jsx":1,"allowJs":true,"allowSyntheticDefaultImports":true,"allowNonTsExtensions":true,"noEmitForJsFiles":true,"maxNodeModuleJsDepth":2},"typeAcquisition":{"enable":true,"include":[],"exclude":[]},"unresolvedImports":["react-app"],"projectRootPath":"/Users/rubber/Documents/flashcard/src","kind":"discover"}
[10:34:02.845] Explicitly included types: []
[10:34:02.845] Inferred typings from unresolved imports: ["react-app"]
[10:34:02.845] Result: {"cachedTypingPaths":[],"newTypingNames":["react-app"],"filesToWatch":["/Users/rubber/Documents/flashcard/src/component/bower_components","/Users/rubber/Documents/flashcard/src/component/node_modules","/Users/rubber/Documents/flashcard/src/bower_components","/Users/rubber/Documents/flashcard/src/node_modules"]}
[10:34:02.845] Finished typings discovery: {"cachedTypingPaths":[],"newTypingNames":["react-app"],"filesToWatch":["/Users/rubber/Documents/flashcard/src/component/bower_components","/Users/rubber/Documents/flashcard/src/component/node_modules","/Users/rubber/Documents/flashcard/src/bower_components","/Users/rubber/Documents/flashcard/src/node_modules"]}
[10:34:02.845] DirectoryWatcher:: Added:: WatchInfo: /Users/rubber/Documents/flashcard/src/component
[10:34:02.845] DirectoryWatcher:: Added:: WatchInfo: /Users/rubber/Documents/flashcard/src/component 1 undefined Project: /dev/null/inferredProject1* watcher already invoked: false
[10:34:02.845] Elapsed:: 0.08574999996926636ms DirectoryWatcher:: Added:: WatchInfo: /Users/rubber/Documents/flashcard/src/component 1 undefined Project: /dev/null/inferredProject1* watcher already invoked: false
[10:34:02.845] Installing typings ["react-app"]
[10:34:02.845] 'react-app':: Entry for package 'react-app' does not exist in local types registry - skipping...
[10:34:02.845] All typings are known to be missing or invalid - no need to install more typings
[10:34:02.845] Sending response:
    {"projectName":"/dev/null/inferredProject1*","typeAcquisition":{"enable":true,"include":[],"exclude":[]},"compilerOptions":{"module":1,"target":3,"jsx":1,"allowJs":true,"allowSyntheticDefaultImports":true,"allowNonTsExtensions":true,"noEmitForJsFiles":true,"maxNodeModuleJsDepth":2},"typings":[],"unresolvedImports":["react-app"],"kind":"action::set"}
[10:34:02.846] Response has been sent.
[10:36:59.419] DirectoryWatcher:: Triggered with /Users/rubber/Documents/flashcard/src/component/.#Card.js :: WatchInfo: /Users/rubber/Documents/flashcard/src/component 1 undefined Project: /dev/null/inferredProject1* watcher already invoked: false
[10:36:59.420] Elapsed:: 0.06054099998436868ms DirectoryWatcher:: Triggered with /Users/rubber/Documents/flashcard/src/component/.#Card.js :: WatchInfo: /Users/rubber/Documents/flashcard/src/component 1 undefined Project: /dev/null/inferredProject1* watcher already invoked: false
[10:37:45.062] DirectoryWatcher:: Triggered with /Users/rubber/Documents/flashcard/src/component/card.js :: WatchInfo: /Users/rubber/Documents/flashcard/src/component 1 undefined Project: /dev/null/inferredProject1* watcher already invoked: false
[10:37:45.062] Elapsed:: 0.02895800000987947ms DirectoryWatcher:: Triggered with /Users/rubber/Documents/flashcard/src/component/card.js :: WatchInfo: /Users/rubber/Documents/flashcard/src/component 1 undefined Project: /dev/null/inferredProject1* watcher already invoked: false
[10:37:45.063] DirectoryWatcher:: Triggered with /Users/rubber/Documents/flashcard/src/component/Card.js :: WatchInfo: /Users/rubber/Documents/flashcard/src/component 1 undefined Project: /dev/null/inferredProject1* watcher already invoked: false
[10:37:45.063] Elapsed:: 0.011124999960884452ms DirectoryWatcher:: Triggered with /Users/rubber/Documents/flashcard/src/component/Card.js :: WatchInfo: /Users/rubber/Documents/flashcard/src/component 1 undefined Project: /dev/null/inferredProject1* watcher already invoked: false
[10:38:51.684] DirectoryWatcher:: Triggered with /Users/rubber/Documents/flashcard/src/component/.#card.js :: WatchInfo: /Users/rubber/Documents/flashcard/src/component 1 undefined Project: /dev/null/inferredProject1* watcher already invoked: false
[10:38:51.685] Elapsed:: 0.017416999908164144ms DirectoryWatcher:: Triggered with /Users/rubber/Documents/flashcard/src/component/.#card.js :: WatchInfo: /Users/rubber/Documents/flashcard/src/component 1 undefined Project: /dev/null/inferredProject1* watcher already invoked: false
[10:38:52.067] DirectoryWatcher:: Triggered with /Users/rubber/Documents/flashcard/src/component/.#card.js :: WatchInfo: /Users/rubber/Documents/flashcard/src/component 1 undefined Project: /dev/null/inferredProject1* watcher already invoked: false
[10:38:52.067] Elapsed:: 0.01362500002142042ms DirectoryWatcher:: Triggered with /Users/rubber/Documents/flashcard/src/component/.#card.js :: WatchInfo: /Users/rubber/Documents/flashcard/src/component 1 undefined Project: /dev/null/inferredProject1* watcher already invoked: false
[10:39:11.521] DirectoryWatcher:: Triggered with /Users/rubber/Documents/flashcard/src/component/.#card.js :: WatchInfo: /Users/rubber/Documents/flashcard/src/component 1 undefined Project: /dev/null/inferredProject1* watcher already invoked: false
[10:39:11.523] Elapsed:: 0.07237499998882413ms DirectoryWatcher:: Triggered with /Users/rubber/Documents/flashcard/src/component/.#card.js :: WatchInfo: /Users/rubber/Documents/flashcard/src/component 1 undefined Project: /dev/null/inferredProject1* watcher already invoked: false
[10:39:18.744] DirectoryWatcher:: Triggered with /Users/rubber/Documents/flashcard/src/component/.#card.js :: WatchInfo: /Users/rubber/Documents/flashcard/src/component 1 undefined Project: /dev/null/inferredProject1* watcher already invoked: false
[10:39:18.744] Elapsed:: 0.011042000027373433ms DirectoryWatcher:: Triggered with /Users/rubber/Documents/flashcard/src/component/.#card.js :: WatchInfo: /Users/rubber/Documents/flashcard/src/component 1 undefined Project: /dev/null/inferredProject1* watcher already invoked: false
[10:39:28.686] Got install request {"projectName":"/dev/null/inferredProject1*","fileNames":["/opt/homebrew/lib/node_modules/typescript/lib/lib.es5.d.ts","/opt/homebrew/lib/node_modules/typescript/lib/lib.es2015.d.ts","/opt/homebrew/lib/node_modules/typescript/lib/lib.es2016.d.ts","/opt/homebrew/lib/node_modules/typescript/lib/lib.dom.d.ts","/opt/homebrew/lib/node_modules/typescript/lib/lib.dom.iterable.d.ts","/opt/homebrew/lib/node_modules/typescript/lib/lib.webworker.importscripts.d.ts","/opt/homebrew/lib/node_modules/typescript/lib/lib.scripthost.d.ts","/opt/homebrew/lib/node_modules/typescript/lib/lib.es2015.core.d.ts","/opt/homebrew/lib/node_modules/typescript/lib/lib.es2015.collection.d.ts","/opt/homebrew/lib/node_modules/typescript/lib/lib.es2015.generator.d.ts","/opt/homebrew/lib/node_modules/typescript/lib/lib.es2015.iterable.d.ts","/opt/homebrew/lib/node_modules/typescript/lib/lib.es2015.promise.d.ts","/opt/homebrew/lib/node_modules/typescript/lib/lib.es2015.proxy.d.ts","/opt/homebrew/lib/node_modules/typescript/lib/lib.es2015.reflect.d.ts","/opt/homebrew/lib/node_modules/typescript/lib/lib.es2015.symbol.d.ts","/opt/homebrew/lib/node_modules/typescript/lib/lib.es2015.symbol.wellknown.d.ts","/opt/homebrew/lib/node_modules/typescript/lib/lib.es2016.array.include.d.ts","/opt/homebrew/lib/node_modules/typescript/lib/lib.es2016.full.d.ts","/Users/rubber/Documents/flashcard/src/component/Card.js","/Users/rubber/Documents/flashcard/src/App.js"],"compilerOptions":{"module":1,"target":3,"jsx":1,"allowJs":true,"allowSyntheticDefaultImports":true,"allowNonTsExtensions":true,"noEmitForJsFiles":true,"maxNodeModuleJsDepth":2},"typeAcquisition":{"enable":true,"include":[],"exclude":[]},"unresolvedImports":[],"projectRootPath":"/Users/rubber/Documents/flashcard/src","kind":"discover"}
[10:39:28.687] Explicitly included types: []
[10:39:28.687] Inferred typings from unresolved imports: []
[10:39:28.687] Result: {"cachedTypingPaths":[],"newTypingNames":[],"filesToWatch":["/Users/rubber/Documents/flashcard/src/component/bower_components","/Users/rubber/Documents/flashcard/src/component/node_modules","/Users/rubber/Documents/flashcard/src/bower_components","/Users/rubber/Documents/flashcard/src/node_modules"]}
[10:39:28.687] Finished typings discovery: {"cachedTypingPaths":[],"newTypingNames":[],"filesToWatch":["/Users/rubber/Documents/flashcard/src/component/bower_components","/Users/rubber/Documents/flashcard/src/component/node_modules","/Users/rubber/Documents/flashcard/src/bower_components","/Users/rubber/Documents/flashcard/src/node_modules"]}
[10:39:28.688] Sending response:
    {"projectName":"/dev/null/inferredProject1*","typeAcquisition":{"enable":true,"include":[],"exclude":[]},"compilerOptions":{"module":1,"target":3,"jsx":1,"allowJs":true,"allowSyntheticDefaultImports":true,"allowNonTsExtensions":true,"noEmitForJsFiles":true,"maxNodeModuleJsDepth":2},"typings":[],"unresolvedImports":[],"kind":"action::set"}
[10:39:28.688] Response has been sent.
[10:39:28.688] No new typings were requested as a result of typings discovery
[10:39:50.697] DirectoryWatcher:: Triggered with /Users/rubber/Documents/flashcard/src/component/.#card.js :: WatchInfo: /Users/rubber/Documents/flashcard/src/component 1 undefined Project: /dev/null/inferredProject1* watcher already invoked: false
[10:39:50.697] Elapsed:: 0.014833000022917986ms DirectoryWatcher:: Triggered with /Users/rubber/Documents/flashcard/src/component/.#card.js :: WatchInfo: /Users/rubber/Documents/flashcard/src/component 1 undefined Project: /dev/null/inferredProject1* watcher already invoked: false
[10:39:53.798] DirectoryWatcher:: Triggered with /Users/rubber/Documents/flashcard/src/component/.#card.js :: WatchInfo: /Users/rubber/Documents/flashcard/src/component 1 undefined Project: /dev/null/inferredProject1* watcher already invoked: false
[10:39:53.798] Elapsed:: 0.028374999994412065ms DirectoryWatcher:: Triggered with /Users/rubber/Documents/flashcard/src/component/.#card.js :: WatchInfo: /Users/rubber/Documents/flashcard/src/component 1 undefined Project: /dev/null/inferredProject1* watcher already invoked: false
[10:40:00.509] DirectoryWatcher:: Triggered with /Users/rubber/Documents/flashcard/src/component/.#card.js :: WatchInfo: /Users/rubber/Documents/flashcard/src/component 1 undefined Project: /dev/null/inferredProject1* watcher already invoked: false
[10:40:00.509] Elapsed:: 0.011125000077299774ms DirectoryWatcher:: Triggered with /Users/rubber/Documents/flashcard/src/component/.#card.js :: WatchInfo: /Users/rubber/Documents/flashcard/src/component 1 undefined Project: /dev/null/inferredProject1* watcher already invoked: false
[10:40:02.259] DirectoryWatcher:: Triggered with /Users/rubber/Documents/flashcard/src/component/.#card.js :: WatchInfo: /Users/rubber/Documents/flashcard/src/component 1 undefined Project: /dev/null/inferredProject1* watcher already invoked: false
[10:40:02.259] Elapsed:: 0.012667000060901046ms DirectoryWatcher:: Triggered with /Users/rubber/Documents/flashcard/src/component/.#card.js :: WatchInfo: /Users/rubber/Documents/flashcard/src/component 1 undefined Project: /dev/null/inferredProject1* watcher already invoked: false
[10:40:06.362] DirectoryWatcher:: Triggered with /Users/rubber/Documents/flashcard/src/component/.#card.js :: WatchInfo: /Users/rubber/Documents/flashcard/src/component 1 undefined Project: /dev/null/inferredProject1* watcher already invoked: false
[10:40:06.362] Elapsed:: 0.00858300004620105ms DirectoryWatcher:: Triggered with /Users/rubber/Documents/flashcard/src/component/.#card.js :: WatchInfo: /Users/rubber/Documents/flashcard/src/component 1 undefined Project: /dev/null/inferredProject1* watcher already invoked: false
[10:40:14.269] DirectoryWatcher:: Triggered with /Users/rubber/Documents/flashcard/src/component/.#card.js :: WatchInfo: /Users/rubber/Documents/flashcard/src/component 1 undefined Project: /dev/null/inferredProject1* watcher already invoked: false
[10:40:14.269] Elapsed:: 0.011834000004455447ms DirectoryWatcher:: Triggered with /Users/rubber/Documents/flashcard/src/component/.#card.js :: WatchInfo: /Users/rubber/Documents/flashcard/src/component 1 undefined Project: /dev/null/inferredProject1* watcher already invoked: false
[10:40:14.721] DirectoryWatcher:: Triggered with /Users/rubber/Documents/flashcard/src/component/.#card.js :: WatchInfo: /Users/rubber/Documents/flashcard/src/component 1 undefined Project: /dev/null/inferredProject1* watcher already invoked: false
[10:40:14.722] Elapsed:: 0.00820799998473376ms DirectoryWatcher:: Triggered with /Users/rubber/Documents/flashcard/src/component/.#card.js :: WatchInfo: /Users/rubber/Documents/flashcard/src/component 1 undefined Project: /dev/null/inferredProject1* watcher already invoked: false
[10:40:19.771] DirectoryWatcher:: Triggered with /Users/rubber/Documents/flashcard/src/component/.#card.js :: WatchInfo: /Users/rubber/Documents/flashcard/src/component 1 undefined Project: /dev/null/inferredProject1* watcher already invoked: false
[10:40:19.771] Elapsed:: 0.011750000063329935ms DirectoryWatcher:: Triggered with /Users/rubber/Documents/flashcard/src/component/.#card.js :: WatchInfo: /Users/rubber/Documents/flashcard/src/component 1 undefined Project: /dev/null/inferredProject1* watcher already invoked: false
[10:40:20.362] DirectoryWatcher:: Triggered with /Users/rubber/Documents/flashcard/src/component/.#card.js :: WatchInfo: /Users/rubber/Documents/flashcard/src/component 1 undefined Project: /dev/null/inferredProject1* watcher already invoked: false
[10:40:20.362] Elapsed:: 0.009666999918408692ms DirectoryWatcher:: Triggered with /Users/rubber/Documents/flashcard/src/component/.#card.js :: WatchInfo: /Users/rubber/Documents/flashcard/src/component 1 undefined Project: /dev/null/inferredProject1* watcher already invoked: false
[10:40:22.831] DirectoryWatcher:: Triggered with /Users/rubber/Documents/flashcard/src/component/.#card.js :: WatchInfo: /Users/rubber/Documents/flashcard/src/component 1 undefined Project: /dev/null/inferredProject1* watcher already invoked: false
[10:40:22.832] Elapsed:: 0.010125000029802322ms DirectoryWatcher:: Triggered with /Users/rubber/Documents/flashcard/src/component/.#card.js :: WatchInfo: /Users/rubber/Documents/flashcard/src/component 1 undefined Project: /dev/null/inferredProject1* watcher already invoked: false
[10:40:27.545] DirectoryWatcher:: Triggered with /Users/rubber/Documents/flashcard/src/component/.#card.js :: WatchInfo: /Users/rubber/Documents/flashcard/src/component 1 undefined Project: /dev/null/inferredProject1* watcher already invoked: false
[10:40:27.545] Elapsed:: 0.014083000016398728ms DirectoryWatcher:: Triggered with /Users/rubber/Documents/flashcard/src/component/.#card.js :: WatchInfo: /Users/rubber/Documents/flashcard/src/component 1 undefined Project: /dev/null/inferredProject1* watcher already invoked: false
[10:41:20.339] DirectoryWatcher:: Triggered with /Users/rubber/Documents/flashcard/src/component/.#card.js :: WatchInfo: /Users/rubber/Documents/flashcard/src/component 1 undefined Project: /dev/null/inferredProject1* watcher already invoked: false
[10:41:20.340] Elapsed:: 0.016709000105038285ms DirectoryWatcher:: Triggered with /Users/rubber/Documents/flashcard/src/component/.#card.js :: WatchInfo: /Users/rubber/Documents/flashcard/src/component 1 undefined Project: /dev/null/inferredProject1* watcher already invoked: false
[10:41:23.004] DirectoryWatcher:: Triggered with /Users/rubber/Documents/flashcard/src/component/.#card.js :: WatchInfo: /Users/rubber/Documents/flashcard/src/component 1 undefined Project: /dev/null/inferredProject1* watcher already invoked: false
[10:41:23.004] Elapsed:: 0.010125000029802322ms DirectoryWatcher:: Triggered with /Users/rubber/Documents/flashcard/src/component/.#card.js :: WatchInfo: /Users/rubber/Documents/flashcard/src/component 1 undefined Project: /dev/null/inferredProject1* watcher already invoked: false
[10:41:30.898] DirectoryWatcher:: Triggered with /Users/rubber/Documents/flashcard/src/component/.#card.js :: WatchInfo: /Users/rubber/Documents/flashcard/src/component 1 undefined Project: /dev/null/inferredProject1* watcher already invoked: false
[10:41:30.898] Elapsed:: 0.009083000011742115ms DirectoryWatcher:: Triggered with /Users/rubber/Documents/flashcard/src/component/.#card.js :: WatchInfo: /Users/rubber/Documents/flashcard/src/component 1 undefined Project: /dev/null/inferredProject1* watcher already invoked: false
[10:41:31.999] DirectoryWatcher:: Triggered with /Users/rubber/Documents/flashcard/src/component/.#card.js :: WatchInfo: /Users/rubber/Documents/flashcard/src/component 1 undefined Project: /dev/null/inferredProject1* watcher already invoked: false
[10:41:32.000] Elapsed:: 0.01370800007134676ms DirectoryWatcher:: Triggered with /Users/rubber/Documents/flashcard/src/component/.#card.js :: WatchInfo: /Users/rubber/Documents/flashcard/src/component 1 undefined Project: /dev/null/inferredProject1* watcher already invoked: false
[10:41:48.298] DirectoryWatcher:: Triggered with /Users/rubber/Documents/flashcard/src/component/.#card.js :: WatchInfo: /Users/rubber/Documents/flashcard/src/component 1 undefined Project: /dev/null/inferredProject1* watcher already invoked: false
[10:41:48.299] Elapsed:: 0.012124999891966581ms DirectoryWatcher:: Triggered with /Users/rubber/Documents/flashcard/src/component/.#card.js :: WatchInfo: /Users/rubber/Documents/flashcard/src/component 1 undefined Project: /dev/null/inferredProject1* watcher already invoked: false
[10:41:49.651] DirectoryWatcher:: Triggered with /Users/rubber/Documents/flashcard/src/component/.#card.js :: WatchInfo: /Users/rubber/Documents/flashcard/src/component 1 undefined Project: /dev/null/inferredProject1* watcher already invoked: false
[10:41:49.651] Elapsed:: 0.025083000073209405ms DirectoryWatcher:: Triggered with /Users/rubber/Documents/flashcard/src/component/.#card.js :: WatchInfo: /Users/rubber/Documents/flashcard/src/component 1 undefined Project: /dev/null/inferredProject1* watcher already invoked: false
[10:41:54.061] DirectoryWatcher:: Triggered with /Users/rubber/Documents/flashcard/src/component/.#card.js :: WatchInfo: /Users/rubber/Documents/flashcard/src/component 1 undefined Project: /dev/null/inferredProject1* watcher already invoked: false
[10:41:54.061] Elapsed:: 0.019666000036522746ms DirectoryWatcher:: Triggered with /Users/rubber/Documents/flashcard/src/component/.#card.js :: WatchInfo: /Users/rubber/Documents/flashcard/src/component 1 undefined Project: /dev/null/inferredProject1* watcher already invoked: false
[10:41:56.564] DirectoryWatcher:: Triggered with /Users/rubber/Documents/flashcard/src/component/.#card.js :: WatchInfo: /Users/rubber/Documents/flashcard/src/component 1 undefined Project: /dev/null/inferredProject1* watcher already invoked: false
[10:41:56.565] Elapsed:: 0.015457999892532825ms DirectoryWatcher:: Triggered with /Users/rubber/Documents/flashcard/src/component/.#card.js :: WatchInfo: /Users/rubber/Documents/flashcard/src/component 1 undefined Project: /dev/null/inferredProject1* watcher already invoked: false
[10:41:57.779] DirectoryWatcher:: Triggered with /Users/rubber/Documents/flashcard/src/component/.#card.js :: WatchInfo: /Users/rubber/Documents/flashcard/src/component 1 undefined Project: /dev/null/inferredProject1* watcher already invoked: false
[10:41:57.779] Elapsed:: 0.03937499993480742ms DirectoryWatcher:: Triggered with /Users/rubber/Documents/flashcard/src/component/.#card.js :: WatchInfo: /Users/rubber/Documents/flashcard/src/component 1 undefined Project: /dev/null/inferredProject1* watcher already invoked: false
[10:42:01.566] DirectoryWatcher:: Triggered with /Users/rubber/Documents/flashcard/src/component/.#card.js :: WatchInfo: /Users/rubber/Documents/flashcard/src/component 1 undefined Project: /dev/null/inferredProject1* watcher already invoked: false
[10:42:01.566] Elapsed:: 0.01158299995586276ms DirectoryWatcher:: Triggered with /Users/rubber/Documents/flashcard/src/component/.#card.js :: WatchInfo: /Users/rubber/Documents/flashcard/src/component 1 undefined Project: /dev/null/inferredProject1* watcher already invoked: false
[10:42:12.858] DirectoryWatcher:: Triggered with /Users/rubber/Documents/flashcard/src/component/.#card.js :: WatchInfo: /Users/rubber/Documents/flashcard/src/component 1 undefined Project: /dev/null/inferredProject1* watcher already invoked: false
[10:42:12.859] Elapsed:: 0.008874999824911356ms DirectoryWatcher:: Triggered with /Users/rubber/Documents/flashcard/src/component/.#card.js :: WatchInfo: /Users/rubber/Documents/flashcard/src/component 1 undefined Project: /dev/null/inferredProject1* watcher already invoked: false
[10:42:13.868] DirectoryWatcher:: Triggered with /Users/rubber/Documents/flashcard/src/component/.#card.js :: WatchInfo: /Users/rubber/Documents/flashcard/src/component 1 undefined Project: /dev/null/inferredProject1* watcher already invoked: false
[10:42:13.868] Elapsed:: 0.03070899983868003ms DirectoryWatcher:: Triggered with /Users/rubber/Documents/flashcard/src/component/.#card.js :: WatchInfo: /Users/rubber/Documents/flashcard/src/component 1 undefined Project: /dev/null/inferredProject1* watcher already invoked: false
[10:42:22.959] DirectoryWatcher:: Triggered with /Users/rubber/Documents/flashcard/src/component/.#card.js :: WatchInfo: /Users/rubber/Documents/flashcard/src/component 1 undefined Project: /dev/null/inferredProject1* watcher already invoked: false
[10:42:22.959] Elapsed:: 0.00925000011920929ms DirectoryWatcher:: Triggered with /Users/rubber/Documents/flashcard/src/component/.#card.js :: WatchInfo: /Users/rubber/Documents/flashcard/src/component 1 undefined Project: /dev/null/inferredProject1* watcher already invoked: false
[10:49:32.723] DirectoryWatcher:: Triggered with /Users/rubber/Documents/flashcard/src/component/.#card.js :: WatchInfo: /Users/rubber/Documents/flashcard/src/component 1 undefined Project: /dev/null/inferredProject1* watcher already invoked: false
[10:49:32.724] Elapsed:: 0.037791000213474035ms DirectoryWatcher:: Triggered with /Users/rubber/Documents/flashcard/src/component/.#card.js :: WatchInfo: /Users/rubber/Documents/flashcard/src/component 1 undefined Project: /dev/null/inferredProject1* watcher already invoked: false
[10:49:38.504] DirectoryWatcher:: Triggered with /Users/rubber/Documents/flashcard/src/component/.#card.js :: WatchInfo: /Users/rubber/Documents/flashcard/src/component 1 undefined Project: /dev/null/inferredProject1* watcher already invoked: false
[10:49:38.504] Elapsed:: 0.008332999888807535ms DirectoryWatcher:: Triggered with /Users/rubber/Documents/flashcard/src/component/.#card.js :: WatchInfo: /Users/rubber/Documents/flashcard/src/component 1 undefined Project: /dev/null/inferredProject1* watcher already invoked: false
