[17:47:24.774] Global cache location '/Users/rubber/Library/Caches/typescript/4.7', safe file path '/opt/homebrew/lib/node_modules/typescript/lib/typingsafelist.json', types map path /opt/homebrew/lib/node_modules/typescript/lib/typesmap.json
[17:47:24.776] Processing cache location '/Users/rubber/Library/Caches/typescript/4.7'
[17:47:24.776] Trying to find '/Users/rubber/Library/Caches/typescript/4.7/package.json'...
[17:47:24.777] Finished processing cache location '/Users/rubber/Library/Caches/typescript/4.7'
[17:47:24.777] Process id: 3864
[17:47:24.777] NPM location: /opt/homebrew/Cellar/node/18.6.0/bin/npm (explicit '--npmLocation' not  provided)
[17:47:24.777] validateDefaultNpmLocation: false
[17:47:24.777] Npm config file: /Users/rubber/Library/Caches/typescript/4.7/package.json
[17:47:24.777] Updating types-registry npm package...
[17:47:24.777] Exec: /opt/homebrew/Cellar/node/18.6.0/bin/npm install --ignore-scripts types-registry@latest
[17:47:24.803]     Failed. stdout:
    stderr:
    /bin/sh: /opt/homebrew/Cellar/node/18.6.0/bin/npm: No such file or directory
    
[17:47:24.803] Updated types-registry npm package
[17:47:24.803] Types registry file '/Users/rubber/Library/Caches/typescript/4.7/node_modules/types-registry/index.json' does not exist
[17:47:25.488] Got install request {"projectName":"/dev/null/inferredProject1*","fileNames":["/opt/homebrew/lib/node_modules/typescript/lib/lib.es5.d.ts","/opt/homebrew/lib/node_modules/typescript/lib/lib.es2015.d.ts","/opt/homebrew/lib/node_modules/typescript/lib/lib.es2016.d.ts","/opt/homebrew/lib/node_modules/typescript/lib/lib.dom.d.ts","/opt/homebrew/lib/node_modules/typescript/lib/lib.dom.iterable.d.ts","/opt/homebrew/lib/node_modules/typescript/lib/lib.webworker.importscripts.d.ts","/opt/homebrew/lib/node_modules/typescript/lib/lib.scripthost.d.ts","/opt/homebrew/lib/node_modules/typescript/lib/lib.es2015.core.d.ts","/opt/homebrew/lib/node_modules/typescript/lib/lib.es2015.collection.d.ts","/opt/homebrew/lib/node_modules/typescript/lib/lib.es2015.generator.d.ts","/opt/homebrew/lib/node_modules/typescript/lib/lib.es2015.iterable.d.ts","/opt/homebrew/lib/node_modules/typescript/lib/lib.es2015.promise.d.ts","/opt/homebrew/lib/node_modules/typescript/lib/lib.es2015.proxy.d.ts","/opt/homebrew/lib/node_modules/typescript/lib/lib.es2015.reflect.d.ts","/opt/homebrew/lib/node_modules/typescript/lib/lib.es2015.symbol.d.ts","/opt/homebrew/lib/node_modules/typescript/lib/lib.es2015.symbol.wellknown.d.ts","/opt/homebrew/lib/node_modules/typescript/lib/lib.es2016.array.include.d.ts","/opt/homebrew/lib/node_modules/typescript/lib/lib.es2016.full.d.ts","/Users/rubber/Documents/flashcard/src/component/Card.js","/Users/rubber/Documents/flashcard/src/App.js"],"compilerOptions":{"module":1,"target":3,"jsx":1,"allowJs":true,"allowSyntheticDefaultImports":true,"allowNonTsExtensions":true,"noEmitForJsFiles":true,"maxNodeModuleJsDepth":2},"typeAcquisition":{"enable":true,"include":[],"exclude":[]},"unresolvedImports":[],"projectRootPath":"/Users/rubber/Documents/flashcard/src","kind":"discover"}
[17:47:25.497] Loaded safelist from types map file '/opt/homebrew/lib/node_modules/typescript/lib/typesmap.json'
[17:47:25.497] Explicitly included types: []
[17:47:25.497] Inferred typings from unresolved imports: []
[17:47:25.498] Result: {"cachedTypingPaths":[],"newTypingNames":[],"filesToWatch":["/Users/rubber/Documents/flashcard/src/component/bower_components","/Users/rubber/Documents/flashcard/src/component/node_modules","/Users/rubber/Documents/flashcard/src/bower_components","/Users/rubber/Documents/flashcard/src/node_modules"]}
[17:47:25.498] Finished typings discovery: {"cachedTypingPaths":[],"newTypingNames":[],"filesToWatch":["/Users/rubber/Documents/flashcard/src/component/bower_components","/Users/rubber/Documents/flashcard/src/component/node_modules","/Users/rubber/Documents/flashcard/src/bower_components","/Users/rubber/Documents/flashcard/src/node_modules"]}
[17:47:25.498] DirectoryWatcher:: Added:: WatchInfo: /Users/rubber/Documents/flashcard/src/component
[17:47:25.498] DirectoryWatcher:: Added:: WatchInfo: /Users/rubber/Documents/flashcard/src/component 1 undefined Project: /dev/null/inferredProject1* watcher already invoked: false
[17:47:25.500] Elapsed:: 1.4948330000042915ms DirectoryWatcher:: Added:: WatchInfo: /Users/rubber/Documents/flashcard/src/component 1 undefined Project: /dev/null/inferredProject1* watcher already invoked: false
[17:47:25.500] DirectoryWatcher:: Added:: WatchInfo: /Users/rubber/Documents/flashcard/src/bower_components
[17:47:25.500] DirectoryWatcher:: Added:: WatchInfo: /Users/rubber/Documents/flashcard/src/bower_components 1 undefined Project: /dev/null/inferredProject1* watcher already invoked: false
[17:47:25.500] Elapsed:: 0.35741700045764446ms DirectoryWatcher:: Added:: WatchInfo: /Users/rubber/Documents/flashcard/src/bower_components 1 undefined Project: /dev/null/inferredProject1* watcher already invoked: false
[17:47:25.500] DirectoryWatcher:: Added:: WatchInfo: /Users/rubber/Documents/flashcard/src/node_modules
[17:47:25.500] DirectoryWatcher:: Added:: WatchInfo: /Users/rubber/Documents/flashcard/src/node_modules 1 undefined Project: /dev/null/inferredProject1* watcher already invoked: false
[17:47:25.500] Elapsed:: 0.030792001634836197ms DirectoryWatcher:: Added:: WatchInfo: /Users/rubber/Documents/flashcard/src/node_modules 1 undefined Project: /dev/null/inferredProject1* watcher already invoked: false
[17:47:25.500] Sending response:
    {"projectName":"/dev/null/inferredProject1*","typeAcquisition":{"enable":true,"include":[],"exclude":[]},"compilerOptions":{"module":1,"target":3,"jsx":1,"allowJs":true,"allowSyntheticDefaultImports":true,"allowNonTsExtensions":true,"noEmitForJsFiles":true,"maxNodeModuleJsDepth":2},"typings":[],"unresolvedImports":[],"kind":"action::set"}
[17:47:25.501] Response has been sent.
[17:47:25.501] No new typings were requested as a result of typings discovery
[17:55:27.306] Got install request {"projectName":"/dev/null/inferredProject2*","fileNames":["/opt/homebrew/lib/node_modules/typescript/lib/lib.es5.d.ts","/opt/homebrew/lib/node_modules/typescript/lib/lib.es2015.d.ts","/opt/homebrew/lib/node_modules/typescript/lib/lib.es2016.d.ts","/opt/homebrew/lib/node_modules/typescript/lib/lib.dom.d.ts","/opt/homebrew/lib/node_modules/typescript/lib/lib.dom.iterable.d.ts","/opt/homebrew/lib/node_modules/typescript/lib/lib.webworker.importscripts.d.ts","/opt/homebrew/lib/node_modules/typescript/lib/lib.scripthost.d.ts","/opt/homebrew/lib/node_modules/typescript/lib/lib.es2015.core.d.ts","/opt/homebrew/lib/node_modules/typescript/lib/lib.es2015.collection.d.ts","/opt/homebrew/lib/node_modules/typescript/lib/lib.es2015.generator.d.ts","/opt/homebrew/lib/node_modules/typescript/lib/lib.es2015.iterable.d.ts","/opt/homebrew/lib/node_modules/typescript/lib/lib.es2015.promise.d.ts","/opt/homebrew/lib/node_modules/typescript/lib/lib.es2015.proxy.d.ts","/opt/homebrew/lib/node_modules/typescript/lib/lib.es2015.reflect.d.ts","/opt/homebrew/lib/node_modules/typescript/lib/lib.es2015.symbol.d.ts","/opt/homebrew/lib/node_modules/typescript/lib/lib.es2015.symbol.wellknown.d.ts","/opt/homebrew/lib/node_modules/typescript/lib/lib.es2016.array.include.d.ts","/opt/homebrew/lib/node_modules/typescript/lib/lib.es2016.full.d.ts","/Users/rubber/Documents/flashcard/server/models/flashcard.js","/Users/rubber/Documents/flashcard/server/controllers/card_controller.js","/Users/rubber/Documents/flashcard/server/main.js"],"compilerOptions":{"module":1,"target":3,"jsx":1,"allowJs":true,"allowSyntheticDefaultImports":true,"allowNonTsExtensions":true,"noEmitForJsFiles":true,"maxNodeModuleJsDepth":2},"typeAcquisition":{"enable":true,"include":[],"exclude":[]},"unresolvedImports":[],"projectRootPath":"/Users/rubber/Documents/flashcard/server","kind":"discover"}
[17:55:27.306] Explicitly included types: []
[17:55:27.307] Typing names in '/Users/rubber/Documents/flashcard/server/package.json' dependencies: ["express","nodemon"]
[17:55:27.308] Searching for typing names in /Users/rubber/Documents/flashcard/server/node_modules; all files: ["/Users/rubber/Documents/flashcard/server/node_modules/express/package.json","/Users/rubber/Documents/flashcard/server/node_modules/nodemon/package.json"]
[17:55:27.309]     Found package names: ["express","nodemon"]
[17:55:27.309] Inferred typings from unresolved imports: []
[17:55:27.309] Result: {"cachedTypingPaths":[],"newTypingNames":["express","nodemon"],"filesToWatch":["/Users/rubber/Documents/flashcard/server/models/bower_components","/Users/rubber/Documents/flashcard/server/models/node_modules","/Users/rubber/Documents/flashcard/server/controllers/bower_components","/Users/rubber/Documents/flashcard/server/controllers/node_modules","/Users/rubber/Documents/flashcard/server/bower_components","/Users/rubber/Documents/flashcard/server/package.json","/Users/rubber/Documents/flashcard/server/node_modules"]}
[17:55:27.309] Finished typings discovery: {"cachedTypingPaths":[],"newTypingNames":["express","nodemon"],"filesToWatch":["/Users/rubber/Documents/flashcard/server/models/bower_components","/Users/rubber/Documents/flashcard/server/models/node_modules","/Users/rubber/Documents/flashcard/server/controllers/bower_components","/Users/rubber/Documents/flashcard/server/controllers/node_modules","/Users/rubber/Documents/flashcard/server/bower_components","/Users/rubber/Documents/flashcard/server/package.json","/Users/rubber/Documents/flashcard/server/node_modules"]}
[17:55:27.310] DirectoryWatcher:: Added:: WatchInfo: /Users/rubber/Documents/flashcard/server/models
[17:55:27.310] DirectoryWatcher:: Added:: WatchInfo: /Users/rubber/Documents/flashcard/server/models 1 undefined Project: /dev/null/inferredProject2* watcher already invoked: false
[17:55:27.310] Elapsed:: 0.11133299954235554ms DirectoryWatcher:: Added:: WatchInfo: /Users/rubber/Documents/flashcard/server/models 1 undefined Project: /dev/null/inferredProject2* watcher already invoked: false
[17:55:27.310] DirectoryWatcher:: Added:: WatchInfo: /Users/rubber/Documents/flashcard/server/controllers
[17:55:27.310] DirectoryWatcher:: Added:: WatchInfo: /Users/rubber/Documents/flashcard/server/controllers 1 undefined Project: /dev/null/inferredProject2* watcher already invoked: false
[17:55:27.310] Elapsed:: 0.04091699980199337ms DirectoryWatcher:: Added:: WatchInfo: /Users/rubber/Documents/flashcard/server/controllers 1 undefined Project: /dev/null/inferredProject2* watcher already invoked: false
[17:55:27.310] DirectoryWatcher:: Added:: WatchInfo: /Users/rubber/Documents/flashcard/server/bower_components
[17:55:27.310] DirectoryWatcher:: Added:: WatchInfo: /Users/rubber/Documents/flashcard/server/bower_components 1 undefined Project: /dev/null/inferredProject2* watcher already invoked: false
[17:55:27.310] Elapsed:: 0.06704199872910976ms DirectoryWatcher:: Added:: WatchInfo: /Users/rubber/Documents/flashcard/server/bower_components 1 undefined Project: /dev/null/inferredProject2* watcher already invoked: false
[17:55:27.310] FileWatcher:: Added:: WatchInfo: /Users/rubber/Documents/flashcard/server/package.json
[17:55:27.310] FileWatcher:: Added:: WatchInfo: /Users/rubber/Documents/flashcard/server/package.json 2000 undefined Project: /dev/null/inferredProject2* watcher already invoked: false
[17:55:27.310] DirectoryWatcher:: Added:: WatchInfo: /Users/rubber/Documents/flashcard/server/node_modules
[17:55:27.310] DirectoryWatcher:: Added:: WatchInfo: /Users/rubber/Documents/flashcard/server/node_modules 1 undefined Project: /dev/null/inferredProject2* watcher already invoked: false
[17:55:27.310] Elapsed:: 0.03429099917411804ms DirectoryWatcher:: Added:: WatchInfo: /Users/rubber/Documents/flashcard/server/node_modules 1 undefined Project: /dev/null/inferredProject2* watcher already invoked: false
[17:55:27.311] Installing typings ["express","nodemon"]
[17:55:27.311] 'express':: Entry for package 'express' does not exist in local types registry - skipping...
[17:55:27.311] 'nodemon':: Entry for package 'nodemon' does not exist in local types registry - skipping...
[17:55:27.311] All typings are known to be missing or invalid - no need to install more typings
[17:55:27.311] Sending response:
    {"projectName":"/dev/null/inferredProject2*","typeAcquisition":{"enable":true,"include":[],"exclude":[]},"compilerOptions":{"module":1,"target":3,"jsx":1,"allowJs":true,"allowSyntheticDefaultImports":true,"allowNonTsExtensions":true,"noEmitForJsFiles":true,"maxNodeModuleJsDepth":2},"typings":[],"unresolvedImports":[],"kind":"action::set"}
[17:55:27.311] Response has been sent.
[17:55:43.444] DirectoryWatcher:: Triggered with /Users/rubber/Documents/flashcard/server/controllers/.#card_controller.js :: WatchInfo: /Users/rubber/Documents/flashcard/server/controllers 1 undefined Project: /dev/null/inferredProject2* watcher already invoked: false
[17:55:43.446] Elapsed:: 0.2912080008536577ms DirectoryWatcher:: Triggered with /Users/rubber/Documents/flashcard/server/controllers/.#card_controller.js :: WatchInfo: /Users/rubber/Documents/flashcard/server/controllers 1 undefined Project: /dev/null/inferredProject2* watcher already invoked: false
[17:55:43.446] DirectoryWatcher:: Triggered with /Users/rubber/Documents/flashcard/server/controllers/.#card_controller.js :: WatchInfo: /Users/rubber/Documents/flashcard/server/controllers 1 undefined Project: /dev/null/inferredProject2* watcher already invoked: false
[17:55:43.446] Elapsed:: 0.009874999523162842ms DirectoryWatcher:: Triggered with /Users/rubber/Documents/flashcard/server/controllers/.#card_controller.js :: WatchInfo: /Users/rubber/Documents/flashcard/server/controllers 1 undefined Project: /dev/null/inferredProject2* watcher already invoked: false
[17:55:52.686] DirectoryWatcher:: Triggered with /Users/rubber/Documents/flashcard/server/controllers/.#card_controller.js :: WatchInfo: /Users/rubber/Documents/flashcard/server/controllers 1 undefined Project: /dev/null/inferredProject2* watcher already invoked: false
[17:55:52.686] Elapsed:: 0.017083000391721725ms DirectoryWatcher:: Triggered with /Users/rubber/Documents/flashcard/server/controllers/.#card_controller.js :: WatchInfo: /Users/rubber/Documents/flashcard/server/controllers 1 undefined Project: /dev/null/inferredProject2* watcher already invoked: false
[17:56:21.816] DirectoryWatcher:: Triggered with /Users/rubber/Documents/flashcard/server/controllers/.#card_controller.js :: WatchInfo: /Users/rubber/Documents/flashcard/server/controllers 1 undefined Project: /dev/null/inferredProject2* watcher already invoked: false
[17:56:21.817] Elapsed:: 0.029165999963879585ms DirectoryWatcher:: Triggered with /Users/rubber/Documents/flashcard/server/controllers/.#card_controller.js :: WatchInfo: /Users/rubber/Documents/flashcard/server/controllers 1 undefined Project: /dev/null/inferredProject2* watcher already invoked: false
[17:56:37.314] DirectoryWatcher:: Triggered with /Users/rubber/Documents/flashcard/server/controllers/.#card_controller.js :: WatchInfo: /Users/rubber/Documents/flashcard/server/controllers 1 undefined Project: /dev/null/inferredProject2* watcher already invoked: false
[17:56:37.314] Elapsed:: 0.007915999740362167ms DirectoryWatcher:: Triggered with /Users/rubber/Documents/flashcard/server/controllers/.#card_controller.js :: WatchInfo: /Users/rubber/Documents/flashcard/server/controllers 1 undefined Project: /dev/null/inferredProject2* watcher already invoked: false
[17:58:16.142] DirectoryWatcher:: Triggered with /Users/rubber/Documents/flashcard/server/controllers/.#card_controller.js :: WatchInfo: /Users/rubber/Documents/flashcard/server/controllers 1 undefined Project: /dev/null/inferredProject2* watcher already invoked: false
[17:58:16.145] Elapsed:: 0.14954099990427494ms DirectoryWatcher:: Triggered with /Users/rubber/Documents/flashcard/server/controllers/.#card_controller.js :: WatchInfo: /Users/rubber/Documents/flashcard/server/controllers 1 undefined Project: /dev/null/inferredProject2* watcher already invoked: false
[17:58:18.184] DirectoryWatcher:: Triggered with /Users/rubber/Documents/flashcard/server/controllers/.#card_controller.js :: WatchInfo: /Users/rubber/Documents/flashcard/server/controllers 1 undefined Project: /dev/null/inferredProject2* watcher already invoked: false
[17:58:18.184] Elapsed:: 0.01941699907183647ms DirectoryWatcher:: Triggered with /Users/rubber/Documents/flashcard/server/controllers/.#card_controller.js :: WatchInfo: /Users/rubber/Documents/flashcard/server/controllers 1 undefined Project: /dev/null/inferredProject2* watcher already invoked: false
[17:58:57.368] DirectoryWatcher:: Triggered with /Users/rubber/Documents/flashcard/server/controllers/.#card_controller.js :: WatchInfo: /Users/rubber/Documents/flashcard/server/controllers 1 undefined Project: /dev/null/inferredProject2* watcher already invoked: false
[17:58:57.369] Elapsed:: 0.11295799911022186ms DirectoryWatcher:: Triggered with /Users/rubber/Documents/flashcard/server/controllers/.#card_controller.js :: WatchInfo: /Users/rubber/Documents/flashcard/server/controllers 1 undefined Project: /dev/null/inferredProject2* watcher already invoked: false
[17:58:57.815] DirectoryWatcher:: Triggered with /Users/rubber/Documents/flashcard/server/controllers/.#card_controller.js :: WatchInfo: /Users/rubber/Documents/flashcard/server/controllers 1 undefined Project: /dev/null/inferredProject2* watcher already invoked: false
[17:58:57.816] Elapsed:: 0.01549999974668026ms DirectoryWatcher:: Triggered with /Users/rubber/Documents/flashcard/server/controllers/.#card_controller.js :: WatchInfo: /Users/rubber/Documents/flashcard/server/controllers 1 undefined Project: /dev/null/inferredProject2* watcher already invoked: false
[17:58:58.924] DirectoryWatcher:: Triggered with /Users/rubber/Documents/flashcard/server/controllers/.#card_controller.js :: WatchInfo: /Users/rubber/Documents/flashcard/server/controllers 1 undefined Project: /dev/null/inferredProject2* watcher already invoked: false
[17:58:58.924] Elapsed:: 0.007959000766277313ms DirectoryWatcher:: Triggered with /Users/rubber/Documents/flashcard/server/controllers/.#card_controller.js :: WatchInfo: /Users/rubber/Documents/flashcard/server/controllers 1 undefined Project: /dev/null/inferredProject2* watcher already invoked: false
[17:59:04.356] DirectoryWatcher:: Triggered with /Users/rubber/Documents/flashcard/server/controllers/.#card_controller.js :: WatchInfo: /Users/rubber/Documents/flashcard/server/controllers 1 undefined Project: /dev/null/inferredProject2* watcher already invoked: false
[17:59:04.356] Elapsed:: 0.028875000774860382ms DirectoryWatcher:: Triggered with /Users/rubber/Documents/flashcard/server/controllers/.#card_controller.js :: WatchInfo: /Users/rubber/Documents/flashcard/server/controllers 1 undefined Project: /dev/null/inferredProject2* watcher already invoked: false
[17:59:54.459] DirectoryWatcher:: Triggered with /Users/rubber/Documents/flashcard/server/controllers/.#card_controller.js :: WatchInfo: /Users/rubber/Documents/flashcard/server/controllers 1 undefined Project: /dev/null/inferredProject2* watcher already invoked: false
[17:59:54.462] Elapsed:: 0.09604099951684475ms DirectoryWatcher:: Triggered with /Users/rubber/Documents/flashcard/server/controllers/.#card_controller.js :: WatchInfo: /Users/rubber/Documents/flashcard/server/controllers 1 undefined Project: /dev/null/inferredProject2* watcher already invoked: false
[17:59:55.611] DirectoryWatcher:: Triggered with /Users/rubber/Documents/flashcard/server/controllers/.#card_controller.js :: WatchInfo: /Users/rubber/Documents/flashcard/server/controllers 1 undefined Project: /dev/null/inferredProject2* watcher already invoked: false
[17:59:55.611] Elapsed:: 0.013667000457644463ms DirectoryWatcher:: Triggered with /Users/rubber/Documents/flashcard/server/controllers/.#card_controller.js :: WatchInfo: /Users/rubber/Documents/flashcard/server/controllers 1 undefined Project: /dev/null/inferredProject2* watcher already invoked: false
[18:00:46.044] DirectoryWatcher:: Triggered with /Users/rubber/Documents/flashcard/server/controllers/.#card_controller.js :: WatchInfo: /Users/rubber/Documents/flashcard/server/controllers 1 undefined Project: /dev/null/inferredProject2* watcher already invoked: false
[18:00:46.046] Elapsed:: 0.05958299897611141ms DirectoryWatcher:: Triggered with /Users/rubber/Documents/flashcard/server/controllers/.#card_controller.js :: WatchInfo: /Users/rubber/Documents/flashcard/server/controllers 1 undefined Project: /dev/null/inferredProject2* watcher already invoked: false
[18:00:46.690] DirectoryWatcher:: Triggered with /Users/rubber/Documents/flashcard/server/controllers/.#card_controller.js :: WatchInfo: /Users/rubber/Documents/flashcard/server/controllers 1 undefined Project: /dev/null/inferredProject2* watcher already invoked: false
[18:00:46.690] Elapsed:: 0.007166000083088875ms DirectoryWatcher:: Triggered with /Users/rubber/Documents/flashcard/server/controllers/.#card_controller.js :: WatchInfo: /Users/rubber/Documents/flashcard/server/controllers 1 undefined Project: /dev/null/inferredProject2* watcher already invoked: false
[18:00:47.238] DirectoryWatcher:: Triggered with /Users/rubber/Documents/flashcard/server/controllers/.#card_controller.js :: WatchInfo: /Users/rubber/Documents/flashcard/server/controllers 1 undefined Project: /dev/null/inferredProject2* watcher already invoked: false
[18:00:47.238] Elapsed:: 0.008291998878121376ms DirectoryWatcher:: Triggered with /Users/rubber/Documents/flashcard/server/controllers/.#card_controller.js :: WatchInfo: /Users/rubber/Documents/flashcard/server/controllers 1 undefined Project: /dev/null/inferredProject2* watcher already invoked: false
[18:00:51.288] DirectoryWatcher:: Triggered with /Users/rubber/Documents/flashcard/server/controllers/.#card_controller.js :: WatchInfo: /Users/rubber/Documents/flashcard/server/controllers 1 undefined Project: /dev/null/inferredProject2* watcher already invoked: false
[18:00:51.289] Elapsed:: 0.01216600090265274ms DirectoryWatcher:: Triggered with /Users/rubber/Documents/flashcard/server/controllers/.#card_controller.js :: WatchInfo: /Users/rubber/Documents/flashcard/server/controllers 1 undefined Project: /dev/null/inferredProject2* watcher already invoked: false
[18:01:05.433] DirectoryWatcher:: Triggered with /Users/rubber/Documents/flashcard/server/controllers/.#card_controller.js :: WatchInfo: /Users/rubber/Documents/flashcard/server/controllers 1 undefined Project: /dev/null/inferredProject2* watcher already invoked: false
[18:01:05.434] Elapsed:: 0.018417000770568848ms DirectoryWatcher:: Triggered with /Users/rubber/Documents/flashcard/server/controllers/.#card_controller.js :: WatchInfo: /Users/rubber/Documents/flashcard/server/controllers 1 undefined Project: /dev/null/inferredProject2* watcher already invoked: false
[18:01:07.041] DirectoryWatcher:: Triggered with /Users/rubber/Documents/flashcard/server/controllers/.#card_controller.js :: WatchInfo: /Users/rubber/Documents/flashcard/server/controllers 1 undefined Project: /dev/null/inferredProject2* watcher already invoked: false
[18:01:07.041] Elapsed:: 0.011499999091029167ms DirectoryWatcher:: Triggered with /Users/rubber/Documents/flashcard/server/controllers/.#card_controller.js :: WatchInfo: /Users/rubber/Documents/flashcard/server/controllers 1 undefined Project: /dev/null/inferredProject2* watcher already invoked: false
[18:02:26.438] DirectoryWatcher:: Triggered with /Users/rubber/Documents/flashcard/server/controllers/.#card_controller.js :: WatchInfo: /Users/rubber/Documents/flashcard/server/controllers 1 undefined Project: /dev/null/inferredProject2* watcher already invoked: false
[18:02:26.446] Elapsed:: 0.11837499961256981ms DirectoryWatcher:: Triggered with /Users/rubber/Documents/flashcard/server/controllers/.#card_controller.js :: WatchInfo: /Users/rubber/Documents/flashcard/server/controllers 1 undefined Project: /dev/null/inferredProject2* watcher already invoked: false
[18:02:27.525] DirectoryWatcher:: Triggered with /Users/rubber/Documents/flashcard/server/controllers/.#card_controller.js :: WatchInfo: /Users/rubber/Documents/flashcard/server/controllers 1 undefined Project: /dev/null/inferredProject2* watcher already invoked: false
[18:02:27.525] Elapsed:: 0.007082998752593994ms DirectoryWatcher:: Triggered with /Users/rubber/Documents/flashcard/server/controllers/.#card_controller.js :: WatchInfo: /Users/rubber/Documents/flashcard/server/controllers 1 undefined Project: /dev/null/inferredProject2* watcher already invoked: false
[18:03:22.169] DirectoryWatcher:: Triggered with /Users/rubber/Documents/flashcard/server/controllers/.#card_controller.js :: WatchInfo: /Users/rubber/Documents/flashcard/server/controllers 1 undefined Project: /dev/null/inferredProject2* watcher already invoked: false
[18:03:22.170] Elapsed:: 0.06925000064074993ms DirectoryWatcher:: Triggered with /Users/rubber/Documents/flashcard/server/controllers/.#card_controller.js :: WatchInfo: /Users/rubber/Documents/flashcard/server/controllers 1 undefined Project: /dev/null/inferredProject2* watcher already invoked: false
[18:03:23.629] DirectoryWatcher:: Triggered with /Users/rubber/Documents/flashcard/server/controllers/.#card_controller.js :: WatchInfo: /Users/rubber/Documents/flashcard/server/controllers 1 undefined Project: /dev/null/inferredProject2* watcher already invoked: false
[18:03:23.629] Elapsed:: 0.013916999101638794ms DirectoryWatcher:: Triggered with /Users/rubber/Documents/flashcard/server/controllers/.#card_controller.js :: WatchInfo: /Users/rubber/Documents/flashcard/server/controllers 1 undefined Project: /dev/null/inferredProject2* watcher already invoked: false
[18:04:06.941] DirectoryWatcher:: Triggered with /Users/rubber/Documents/flashcard/server/controllers/.#card_controller.js :: WatchInfo: /Users/rubber/Documents/flashcard/server/controllers 1 undefined Project: /dev/null/inferredProject2* watcher already invoked: false
[18:04:06.942] Elapsed:: 0.08012500032782555ms DirectoryWatcher:: Triggered with /Users/rubber/Documents/flashcard/server/controllers/.#card_controller.js :: WatchInfo: /Users/rubber/Documents/flashcard/server/controllers 1 undefined Project: /dev/null/inferredProject2* watcher already invoked: false
[18:04:07.554] DirectoryWatcher:: Triggered with /Users/rubber/Documents/flashcard/server/controllers/.#card_controller.js :: WatchInfo: /Users/rubber/Documents/flashcard/server/controllers 1 undefined Project: /dev/null/inferredProject2* watcher already invoked: false
[18:04:07.554] Elapsed:: 0.011082999408245087ms DirectoryWatcher:: Triggered with /Users/rubber/Documents/flashcard/server/controllers/.#card_controller.js :: WatchInfo: /Users/rubber/Documents/flashcard/server/controllers 1 undefined Project: /dev/null/inferredProject2* watcher already invoked: false
[18:05:29.997] DirectoryWatcher:: Triggered with /Users/rubber/Documents/flashcard/server/controllers/.#card_controller.js :: WatchInfo: /Users/rubber/Documents/flashcard/server/controllers 1 undefined Project: /dev/null/inferredProject2* watcher already invoked: false
[18:05:29.998] Elapsed:: 0.051625000312924385ms DirectoryWatcher:: Triggered with /Users/rubber/Documents/flashcard/server/controllers/.#card_controller.js :: WatchInfo: /Users/rubber/Documents/flashcard/server/controllers 1 undefined Project: /dev/null/inferredProject2* watcher already invoked: false
[18:05:45.798] DirectoryWatcher:: Triggered with /Users/rubber/Documents/flashcard/server/controllers/.#card_controller.js :: WatchInfo: /Users/rubber/Documents/flashcard/server/controllers 1 undefined Project: /dev/null/inferredProject2* watcher already invoked: false
[18:05:45.798] Elapsed:: 0.00954199954867363ms DirectoryWatcher:: Triggered with /Users/rubber/Documents/flashcard/server/controllers/.#card_controller.js :: WatchInfo: /Users/rubber/Documents/flashcard/server/controllers 1 undefined Project: /dev/null/inferredProject2* watcher already invoked: false
[18:05:54.113] DirectoryWatcher:: Triggered with /Users/rubber/Documents/flashcard/server/controllers/.#card_controller.js :: WatchInfo: /Users/rubber/Documents/flashcard/server/controllers 1 undefined Project: /dev/null/inferredProject2* watcher already invoked: false
[18:05:54.114] Elapsed:: 0.02445800043642521ms DirectoryWatcher:: Triggered with /Users/rubber/Documents/flashcard/server/controllers/.#card_controller.js :: WatchInfo: /Users/rubber/Documents/flashcard/server/controllers 1 undefined Project: /dev/null/inferredProject2* watcher already invoked: false
[18:05:54.700] DirectoryWatcher:: Triggered with /Users/rubber/Documents/flashcard/server/controllers/.#card_controller.js :: WatchInfo: /Users/rubber/Documents/flashcard/server/controllers 1 undefined Project: /dev/null/inferredProject2* watcher already invoked: false
[18:05:54.700] Elapsed:: 0.008333001285791397ms DirectoryWatcher:: Triggered with /Users/rubber/Documents/flashcard/server/controllers/.#card_controller.js :: WatchInfo: /Users/rubber/Documents/flashcard/server/controllers 1 undefined Project: /dev/null/inferredProject2* watcher already invoked: false
[18:08:05.046] DirectoryWatcher:: Triggered with /Users/rubber/Documents/flashcard/server/controllers/.#card_controller.js :: WatchInfo: /Users/rubber/Documents/flashcard/server/controllers 1 undefined Project: /dev/null/inferredProject2* watcher already invoked: false
[18:08:05.048] Elapsed:: 0.08999999985098839ms DirectoryWatcher:: Triggered with /Users/rubber/Documents/flashcard/server/controllers/.#card_controller.js :: WatchInfo: /Users/rubber/Documents/flashcard/server/controllers 1 undefined Project: /dev/null/inferredProject2* watcher already invoked: false
[18:08:05.772] DirectoryWatcher:: Triggered with /Users/rubber/Documents/flashcard/server/controllers/.#card_controller.js :: WatchInfo: /Users/rubber/Documents/flashcard/server/controllers 1 undefined Project: /dev/null/inferredProject2* watcher already invoked: false
[18:08:05.772] Elapsed:: 0.013249998912215233ms DirectoryWatcher:: Triggered with /Users/rubber/Documents/flashcard/server/controllers/.#card_controller.js :: WatchInfo: /Users/rubber/Documents/flashcard/server/controllers 1 undefined Project: /dev/null/inferredProject2* watcher already invoked: false
[18:08:10.306] DirectoryWatcher:: Triggered with /Users/rubber/Documents/flashcard/server/controllers/.#card_controller.js :: WatchInfo: /Users/rubber/Documents/flashcard/server/controllers 1 undefined Project: /dev/null/inferredProject2* watcher already invoked: false
[18:08:10.307] Elapsed:: 0.009999999776482582ms DirectoryWatcher:: Triggered with /Users/rubber/Documents/flashcard/server/controllers/.#card_controller.js :: WatchInfo: /Users/rubber/Documents/flashcard/server/controllers 1 undefined Project: /dev/null/inferredProject2* watcher already invoked: false
[18:08:31.794] DirectoryWatcher:: Triggered with /Users/rubber/Documents/flashcard/server/controllers/.#card_controller.js :: WatchInfo: /Users/rubber/Documents/flashcard/server/controllers 1 undefined Project: /dev/null/inferredProject2* watcher already invoked: false
[18:08:31.794] Elapsed:: 0.010541999712586403ms DirectoryWatcher:: Triggered with /Users/rubber/Documents/flashcard/server/controllers/.#card_controller.js :: WatchInfo: /Users/rubber/Documents/flashcard/server/controllers 1 undefined Project: /dev/null/inferredProject2* watcher already invoked: false
[18:08:58.357] DirectoryWatcher:: Triggered with /Users/rubber/Documents/flashcard/server/controllers/.#card_controller.js :: WatchInfo: /Users/rubber/Documents/flashcard/server/controllers 1 undefined Project: /dev/null/inferredProject2* watcher already invoked: false
[18:08:58.358] Elapsed:: 0.08079199865460396ms DirectoryWatcher:: Triggered with /Users/rubber/Documents/flashcard/server/controllers/.#card_controller.js :: WatchInfo: /Users/rubber/Documents/flashcard/server/controllers 1 undefined Project: /dev/null/inferredProject2* watcher already invoked: false
[18:08:59.202] DirectoryWatcher:: Triggered with /Users/rubber/Documents/flashcard/server/controllers/.#card_controller.js :: WatchInfo: /Users/rubber/Documents/flashcard/server/controllers 1 undefined Project: /dev/null/inferredProject2* watcher already invoked: false
[18:08:59.203] Elapsed:: 0.007375000044703484ms DirectoryWatcher:: Triggered with /Users/rubber/Documents/flashcard/server/controllers/.#card_controller.js :: WatchInfo: /Users/rubber/Documents/flashcard/server/controllers 1 undefined Project: /dev/null/inferredProject2* watcher already invoked: false
[18:09:06.289] DirectoryWatcher:: Triggered with /Users/rubber/Documents/flashcard/server/controllers/.#card_controller.js :: WatchInfo: /Users/rubber/Documents/flashcard/server/controllers 1 undefined Project: /dev/null/inferredProject2* watcher already invoked: false
[18:09:06.290] Elapsed:: 0.06937500089406967ms DirectoryWatcher:: Triggered with /Users/rubber/Documents/flashcard/server/controllers/.#card_controller.js :: WatchInfo: /Users/rubber/Documents/flashcard/server/controllers 1 undefined Project: /dev/null/inferredProject2* watcher already invoked: false
[18:09:07.073] DirectoryWatcher:: Triggered with /Users/rubber/Documents/flashcard/server/controllers/.#card_controller.js :: WatchInfo: /Users/rubber/Documents/flashcard/server/controllers 1 undefined Project: /dev/null/inferredProject2* watcher already invoked: false
[18:09:07.073] Elapsed:: 0.029124999418854713ms DirectoryWatcher:: Triggered with /Users/rubber/Documents/flashcard/server/controllers/.#card_controller.js :: WatchInfo: /Users/rubber/Documents/flashcard/server/controllers 1 undefined Project: /dev/null/inferredProject2* watcher already invoked: false
[18:09:15.142] DirectoryWatcher:: Triggered with /Users/rubber/Documents/flashcard/server/controllers/.#card_controller.js :: WatchInfo: /Users/rubber/Documents/flashcard/server/controllers 1 undefined Project: /dev/null/inferredProject2* watcher already invoked: false
[18:09:15.142] Elapsed:: 0.020541999489068985ms DirectoryWatcher:: Triggered with /Users/rubber/Documents/flashcard/server/controllers/.#card_controller.js :: WatchInfo: /Users/rubber/Documents/flashcard/server/controllers 1 undefined Project: /dev/null/inferredProject2* watcher already invoked: false
[18:09:15.501] DirectoryWatcher:: Triggered with /Users/rubber/Documents/flashcard/server/controllers/.#card_controller.js :: WatchInfo: /Users/rubber/Documents/flashcard/server/controllers 1 undefined Project: /dev/null/inferredProject2* watcher already invoked: false
[18:09:15.501] Elapsed:: 0.010291999205946922ms DirectoryWatcher:: Triggered with /Users/rubber/Documents/flashcard/server/controllers/.#card_controller.js :: WatchInfo: /Users/rubber/Documents/flashcard/server/controllers 1 undefined Project: /dev/null/inferredProject2* watcher already invoked: false
[18:09:18.064] DirectoryWatcher:: Triggered with /Users/rubber/Documents/flashcard/server/controllers/.#card_controller.js :: WatchInfo: /Users/rubber/Documents/flashcard/server/controllers 1 undefined Project: /dev/null/inferredProject2* watcher already invoked: false
[18:09:18.064] Elapsed:: 0.012959001585841179ms DirectoryWatcher:: Triggered with /Users/rubber/Documents/flashcard/server/controllers/.#card_controller.js :: WatchInfo: /Users/rubber/Documents/flashcard/server/controllers 1 undefined Project: /dev/null/inferredProject2* watcher already invoked: false
[18:09:19.362] DirectoryWatcher:: Triggered with /Users/rubber/Documents/flashcard/server/controllers/.#card_controller.js :: WatchInfo: /Users/rubber/Documents/flashcard/server/controllers 1 undefined Project: /dev/null/inferredProject2* watcher already invoked: false
[18:09:19.362] Elapsed:: 0.01891699992120266ms DirectoryWatcher:: Triggered with /Users/rubber/Documents/flashcard/server/controllers/.#card_controller.js :: WatchInfo: /Users/rubber/Documents/flashcard/server/controllers 1 undefined Project: /dev/null/inferredProject2* watcher already invoked: false
[18:10:43.106] DirectoryWatcher:: Triggered with /Users/rubber/Documents/flashcard/server/controllers/.#card_controller.js :: WatchInfo: /Users/rubber/Documents/flashcard/server/controllers 1 undefined Project: /dev/null/inferredProject2* watcher already invoked: false
[18:10:43.107] Elapsed:: 0.042333001270890236ms DirectoryWatcher:: Triggered with /Users/rubber/Documents/flashcard/server/controllers/.#card_controller.js :: WatchInfo: /Users/rubber/Documents/flashcard/server/controllers 1 undefined Project: /dev/null/inferredProject2* watcher already invoked: false
[18:10:46.531] DirectoryWatcher:: Triggered with /Users/rubber/Documents/flashcard/server/controllers/.#card_controller.js :: WatchInfo: /Users/rubber/Documents/flashcard/server/controllers 1 undefined Project: /dev/null/inferredProject2* watcher already invoked: false
[18:10:46.531] Elapsed:: 0.013499999418854713ms DirectoryWatcher:: Triggered with /Users/rubber/Documents/flashcard/server/controllers/.#card_controller.js :: WatchInfo: /Users/rubber/Documents/flashcard/server/controllers 1 undefined Project: /dev/null/inferredProject2* watcher already invoked: false
[18:10:50.272] DirectoryWatcher:: Triggered with /Users/rubber/Documents/flashcard/server/controllers/.#card_controller.js :: WatchInfo: /Users/rubber/Documents/flashcard/server/controllers 1 undefined Project: /dev/null/inferredProject2* watcher already invoked: false
[18:10:50.272] Elapsed:: 0.007958000525832176ms DirectoryWatcher:: Triggered with /Users/rubber/Documents/flashcard/server/controllers/.#card_controller.js :: WatchInfo: /Users/rubber/Documents/flashcard/server/controllers 1 undefined Project: /dev/null/inferredProject2* watcher already invoked: false
[18:10:51.047] DirectoryWatcher:: Triggered with /Users/rubber/Documents/flashcard/server/controllers/.#card_controller.js :: WatchInfo: /Users/rubber/Documents/flashcard/server/controllers 1 undefined Project: /dev/null/inferredProject2* watcher already invoked: false
[18:10:51.047] Elapsed:: 0.01224999874830246ms DirectoryWatcher:: Triggered with /Users/rubber/Documents/flashcard/server/controllers/.#card_controller.js :: WatchInfo: /Users/rubber/Documents/flashcard/server/controllers 1 undefined Project: /dev/null/inferredProject2* watcher already invoked: false
[18:11:07.953] DirectoryWatcher:: Triggered with /Users/rubber/Documents/flashcard/server/controllers/.#card_controller.js :: WatchInfo: /Users/rubber/Documents/flashcard/server/controllers 1 undefined Project: /dev/null/inferredProject2* watcher already invoked: false
[18:11:07.954] Elapsed:: 0.014667000621557236ms DirectoryWatcher:: Triggered with /Users/rubber/Documents/flashcard/server/controllers/.#card_controller.js :: WatchInfo: /Users/rubber/Documents/flashcard/server/controllers 1 undefined Project: /dev/null/inferredProject2* watcher already invoked: false
[18:11:08.662] DirectoryWatcher:: Triggered with /Users/rubber/Documents/flashcard/server/controllers/.#card_controller.js :: WatchInfo: /Users/rubber/Documents/flashcard/server/controllers 1 undefined Project: /dev/null/inferredProject2* watcher already invoked: false
[18:11:08.662] Elapsed:: 0.010959001258015633ms DirectoryWatcher:: Triggered with /Users/rubber/Documents/flashcard/server/controllers/.#card_controller.js :: WatchInfo: /Users/rubber/Documents/flashcard/server/controllers 1 undefined Project: /dev/null/inferredProject2* watcher already invoked: false
[18:11:16.639] DirectoryWatcher:: Triggered with /Users/rubber/Documents/flashcard/server/models/.#flashcard.js :: WatchInfo: /Users/rubber/Documents/flashcard/server/models 1 undefined Project: /dev/null/inferredProject2* watcher already invoked: false
[18:11:16.639] Elapsed:: 0.014917001128196716ms DirectoryWatcher:: Triggered with /Users/rubber/Documents/flashcard/server/models/.#flashcard.js :: WatchInfo: /Users/rubber/Documents/flashcard/server/models 1 undefined Project: /dev/null/inferredProject2* watcher already invoked: false
[18:11:16.639] DirectoryWatcher:: Triggered with /Users/rubber/Documents/flashcard/server/models/.#flashcard.js :: WatchInfo: /Users/rubber/Documents/flashcard/server/models 1 undefined Project: /dev/null/inferredProject2* watcher already invoked: false
[18:11:16.639] Elapsed:: 0.005207998678088188ms DirectoryWatcher:: Triggered with /Users/rubber/Documents/flashcard/server/models/.#flashcard.js :: WatchInfo: /Users/rubber/Documents/flashcard/server/models 1 undefined Project: /dev/null/inferredProject2* watcher already invoked: false
[18:13:22.815] DirectoryWatcher:: Triggered with /Users/rubber/Documents/flashcard/server/controllers/.#card_controller.js :: WatchInfo: /Users/rubber/Documents/flashcard/server/controllers 1 undefined Project: /dev/null/inferredProject2* watcher already invoked: false
[18:13:22.816] Elapsed:: 0.032500000670552254ms DirectoryWatcher:: Triggered with /Users/rubber/Documents/flashcard/server/controllers/.#card_controller.js :: WatchInfo: /Users/rubber/Documents/flashcard/server/controllers 1 undefined Project: /dev/null/inferredProject2* watcher already invoked: false
[18:13:28.532] DirectoryWatcher:: Triggered with /Users/rubber/Documents/flashcard/server/controllers/.#card_controller.js :: WatchInfo: /Users/rubber/Documents/flashcard/server/controllers 1 undefined Project: /dev/null/inferredProject2* watcher already invoked: false
[18:13:28.533] Elapsed:: 0.011208999902009964ms DirectoryWatcher:: Triggered with /Users/rubber/Documents/flashcard/server/controllers/.#card_controller.js :: WatchInfo: /Users/rubber/Documents/flashcard/server/controllers 1 undefined Project: /dev/null/inferredProject2* watcher already invoked: false
[18:13:53.838] DirectoryWatcher:: Triggered with /Users/rubber/Documents/flashcard/server/controllers/.#card_controller.js :: WatchInfo: /Users/rubber/Documents/flashcard/server/controllers 1 undefined Project: /dev/null/inferredProject2* watcher already invoked: false
[18:13:53.843] Elapsed:: 0.0625ms DirectoryWatcher:: Triggered with /Users/rubber/Documents/flashcard/server/controllers/.#card_controller.js :: WatchInfo: /Users/rubber/Documents/flashcard/server/controllers 1 undefined Project: /dev/null/inferredProject2* watcher already invoked: false
[18:13:55.805] DirectoryWatcher:: Triggered with /Users/rubber/Documents/flashcard/server/controllers/.#card_controller.js :: WatchInfo: /Users/rubber/Documents/flashcard/server/controllers 1 undefined Project: /dev/null/inferredProject2* watcher already invoked: false
[18:13:55.805] Elapsed:: 0.011708000674843788ms DirectoryWatcher:: Triggered with /Users/rubber/Documents/flashcard/server/controllers/.#card_controller.js :: WatchInfo: /Users/rubber/Documents/flashcard/server/controllers 1 undefined Project: /dev/null/inferredProject2* watcher already invoked: false
[18:14:17.912] DirectoryWatcher:: Triggered with /Users/rubber/Documents/flashcard/server/controllers/.#card_controller.js :: WatchInfo: /Users/rubber/Documents/flashcard/server/controllers 1 undefined Project: /dev/null/inferredProject2* watcher already invoked: false
[18:14:17.913] Elapsed:: 0.05087500065565109ms DirectoryWatcher:: Triggered with /Users/rubber/Documents/flashcard/server/controllers/.#card_controller.js :: WatchInfo: /Users/rubber/Documents/flashcard/server/controllers 1 undefined Project: /dev/null/inferredProject2* watcher already invoked: false
[18:14:19.579] DirectoryWatcher:: Triggered with /Users/rubber/Documents/flashcard/server/controllers/.#card_controller.js :: WatchInfo: /Users/rubber/Documents/flashcard/server/controllers 1 undefined Project: /dev/null/inferredProject2* watcher already invoked: false
[18:14:19.580] Elapsed:: 0.013000000268220901ms DirectoryWatcher:: Triggered with /Users/rubber/Documents/flashcard/server/controllers/.#card_controller.js :: WatchInfo: /Users/rubber/Documents/flashcard/server/controllers 1 undefined Project: /dev/null/inferredProject2* watcher already invoked: false
[18:14:24.116] DirectoryWatcher:: Triggered with /Users/rubber/Documents/flashcard/server/controllers/.#card_controller.js :: WatchInfo: /Users/rubber/Documents/flashcard/server/controllers 1 undefined Project: /dev/null/inferredProject2* watcher already invoked: false
[18:14:24.117] Elapsed:: 0.017999999225139618ms DirectoryWatcher:: Triggered with /Users/rubber/Documents/flashcard/server/controllers/.#card_controller.js :: WatchInfo: /Users/rubber/Documents/flashcard/server/controllers 1 undefined Project: /dev/null/inferredProject2* watcher already invoked: false
[18:14:24.725] DirectoryWatcher:: Triggered with /Users/rubber/Documents/flashcard/server/controllers/.#card_controller.js :: WatchInfo: /Users/rubber/Documents/flashcard/server/controllers 1 undefined Project: /dev/null/inferredProject2* watcher already invoked: false
[18:14:24.725] Elapsed:: 0.0215000007301569ms DirectoryWatcher:: Triggered with /Users/rubber/Documents/flashcard/server/controllers/.#card_controller.js :: WatchInfo: /Users/rubber/Documents/flashcard/server/controllers 1 undefined Project: /dev/null/inferredProject2* watcher already invoked: false
[18:14:44.913] DirectoryWatcher:: Triggered with /Users/rubber/Documents/flashcard/server/controllers/.#card_controller.js :: WatchInfo: /Users/rubber/Documents/flashcard/server/controllers 1 undefined Project: /dev/null/inferredProject2* watcher already invoked: false
[18:14:44.914] Elapsed:: 0.007791999727487564ms DirectoryWatcher:: Triggered with /Users/rubber/Documents/flashcard/server/controllers/.#card_controller.js :: WatchInfo: /Users/rubber/Documents/flashcard/server/controllers 1 undefined Project: /dev/null/inferredProject2* watcher already invoked: false
[18:14:45.538] DirectoryWatcher:: Triggered with /Users/rubber/Documents/flashcard/server/controllers/.#card_controller.js :: WatchInfo: /Users/rubber/Documents/flashcard/server/controllers 1 undefined Project: /dev/null/inferredProject2* watcher already invoked: false
[18:14:45.538] Elapsed:: 0.016916001215577126ms DirectoryWatcher:: Triggered with /Users/rubber/Documents/flashcard/server/controllers/.#card_controller.js :: WatchInfo: /Users/rubber/Documents/flashcard/server/controllers 1 undefined Project: /dev/null/inferredProject2* watcher already invoked: false
[18:23:54.096] DirectoryWatcher:: Triggered with /Users/rubber/Documents/flashcard/server/models/.#flashcard.js :: WatchInfo: /Users/rubber/Documents/flashcard/server/models 1 undefined Project: /dev/null/inferredProject2* watcher already invoked: false
[18:23:54.097] Elapsed:: 0.05108399875462055ms DirectoryWatcher:: Triggered with /Users/rubber/Documents/flashcard/server/models/.#flashcard.js :: WatchInfo: /Users/rubber/Documents/flashcard/server/models 1 undefined Project: /dev/null/inferredProject2* watcher already invoked: false
[18:28:11.702] DirectoryWatcher:: Triggered with /Users/rubber/Documents/flashcard/server/controllers/.#card_controller.js :: WatchInfo: /Users/rubber/Documents/flashcard/server/controllers 1 undefined Project: /dev/null/inferredProject2* watcher already invoked: false
[18:28:11.703] Elapsed:: 0.073208998888731ms DirectoryWatcher:: Triggered with /Users/rubber/Documents/flashcard/server/controllers/.#card_controller.js :: WatchInfo: /Users/rubber/Documents/flashcard/server/controllers 1 undefined Project: /dev/null/inferredProject2* watcher already invoked: false
[18:28:12.152] DirectoryWatcher:: Triggered with /Users/rubber/Documents/flashcard/server/controllers/.#card_controller.js :: WatchInfo: /Users/rubber/Documents/flashcard/server/controllers 1 undefined Project: /dev/null/inferredProject2* watcher already invoked: false
[18:28:12.152] Elapsed:: 0.017625000327825546ms DirectoryWatcher:: Triggered with /Users/rubber/Documents/flashcard/server/controllers/.#card_controller.js :: WatchInfo: /Users/rubber/Documents/flashcard/server/controllers 1 undefined Project: /dev/null/inferredProject2* watcher already invoked: false
[18:28:14.670] DirectoryWatcher:: Triggered with /Users/rubber/Documents/flashcard/server/controllers/.#card_controller.js :: WatchInfo: /Users/rubber/Documents/flashcard/server/controllers 1 undefined Project: /dev/null/inferredProject2* watcher already invoked: false
[18:28:14.670] Elapsed:: 0.010250000283122063ms DirectoryWatcher:: Triggered with /Users/rubber/Documents/flashcard/server/controllers/.#card_controller.js :: WatchInfo: /Users/rubber/Documents/flashcard/server/controllers 1 undefined Project: /dev/null/inferredProject2* watcher already invoked: false
[18:28:16.845] DirectoryWatcher:: Triggered with /Users/rubber/Documents/flashcard/server/controllers/.#card_controller.js :: WatchInfo: /Users/rubber/Documents/flashcard/server/controllers 1 undefined Project: /dev/null/inferredProject2* watcher already invoked: false
[18:28:16.845] Elapsed:: 0.014167001470923424ms DirectoryWatcher:: Triggered with /Users/rubber/Documents/flashcard/server/controllers/.#card_controller.js :: WatchInfo: /Users/rubber/Documents/flashcard/server/controllers 1 undefined Project: /dev/null/inferredProject2* watcher already invoked: false
[18:28:43.569] DirectoryWatcher:: Triggered with /Users/rubber/Documents/flashcard/server/controllers/.#card_controller.js :: WatchInfo: /Users/rubber/Documents/flashcard/server/controllers 1 undefined Project: /dev/null/inferredProject2* watcher already invoked: false
[18:28:43.569] Elapsed:: 0.057749999687075615ms DirectoryWatcher:: Triggered with /Users/rubber/Documents/flashcard/server/controllers/.#card_controller.js :: WatchInfo: /Users/rubber/Documents/flashcard/server/controllers 1 undefined Project: /dev/null/inferredProject2* watcher already invoked: false
[18:28:54.601] DirectoryWatcher:: Triggered with /Users/rubber/Documents/flashcard/server/controllers/.#card_controller.js :: WatchInfo: /Users/rubber/Documents/flashcard/server/controllers 1 undefined Project: /dev/null/inferredProject2* watcher already invoked: false
[18:28:54.602] Elapsed:: 0.013415999710559845ms DirectoryWatcher:: Triggered with /Users/rubber/Documents/flashcard/server/controllers/.#card_controller.js :: WatchInfo: /Users/rubber/Documents/flashcard/server/controllers 1 undefined Project: /dev/null/inferredProject2* watcher already invoked: false
[18:29:04.139] DirectoryWatcher:: Triggered with /Users/rubber/Documents/flashcard/server/controllers/.#card_controller.js :: WatchInfo: /Users/rubber/Documents/flashcard/server/controllers 1 undefined Project: /dev/null/inferredProject2* watcher already invoked: false
[18:29:04.140] Elapsed:: 0.05479100160300732ms DirectoryWatcher:: Triggered with /Users/rubber/Documents/flashcard/server/controllers/.#card_controller.js :: WatchInfo: /Users/rubber/Documents/flashcard/server/controllers 1 undefined Project: /dev/null/inferredProject2* watcher already invoked: false
[18:29:04.258] DirectoryWatcher:: Triggered with /Users/rubber/Documents/flashcard/server/controllers/.#card_controller.js :: WatchInfo: /Users/rubber/Documents/flashcard/server/controllers 1 undefined Project: /dev/null/inferredProject2* watcher already invoked: false
[18:29:04.259] Elapsed:: 0.007708000019192696ms DirectoryWatcher:: Triggered with /Users/rubber/Documents/flashcard/server/controllers/.#card_controller.js :: WatchInfo: /Users/rubber/Documents/flashcard/server/controllers 1 undefined Project: /dev/null/inferredProject2* watcher already invoked: false
[18:29:04.792] DirectoryWatcher:: Triggered with /Users/rubber/Documents/flashcard/server/controllers/.#card_controller.js :: WatchInfo: /Users/rubber/Documents/flashcard/server/controllers 1 undefined Project: /dev/null/inferredProject2* watcher already invoked: false
[18:29:04.792] Elapsed:: 0.007457999512553215ms DirectoryWatcher:: Triggered with /Users/rubber/Documents/flashcard/server/controllers/.#card_controller.js :: WatchInfo: /Users/rubber/Documents/flashcard/server/controllers 1 undefined Project: /dev/null/inferredProject2* watcher already invoked: false
[18:29:07.291] DirectoryWatcher:: Triggered with /Users/rubber/Documents/flashcard/server/controllers/.#card_controller.js :: WatchInfo: /Users/rubber/Documents/flashcard/server/controllers 1 undefined Project: /dev/null/inferredProject2* watcher already invoked: false
[18:29:07.291] Elapsed:: 0.016249999403953552ms DirectoryWatcher:: Triggered with /Users/rubber/Documents/flashcard/server/controllers/.#card_controller.js :: WatchInfo: /Users/rubber/Documents/flashcard/server/controllers 1 undefined Project: /dev/null/inferredProject2* watcher already invoked: false
[18:29:54.116] DirectoryWatcher:: Triggered with /Users/rubber/Documents/flashcard/server/controllers/.#card_controller.js :: WatchInfo: /Users/rubber/Documents/flashcard/server/controllers 1 undefined Project: /dev/null/inferredProject2* watcher already invoked: false
[18:29:54.117] Elapsed:: 0.09337499924004078ms DirectoryWatcher:: Triggered with /Users/rubber/Documents/flashcard/server/controllers/.#card_controller.js :: WatchInfo: /Users/rubber/Documents/flashcard/server/controllers 1 undefined Project: /dev/null/inferredProject2* watcher already invoked: false
[18:29:55.818] DirectoryWatcher:: Triggered with /Users/rubber/Documents/flashcard/server/controllers/.#card_controller.js :: WatchInfo: /Users/rubber/Documents/flashcard/server/controllers 1 undefined Project: /dev/null/inferredProject2* watcher already invoked: false
[18:29:55.818] Elapsed:: 0.014208000153303146ms DirectoryWatcher:: Triggered with /Users/rubber/Documents/flashcard/server/controllers/.#card_controller.js :: WatchInfo: /Users/rubber/Documents/flashcard/server/controllers 1 undefined Project: /dev/null/inferredProject2* watcher already invoked: false
[18:30:44.092] DirectoryWatcher:: Triggered with /Users/rubber/Documents/flashcard/server/controllers/.#card_controller.js :: WatchInfo: /Users/rubber/Documents/flashcard/server/controllers 1 undefined Project: /dev/null/inferredProject2* watcher already invoked: false
[18:30:44.093] Elapsed:: 0.07491699978709221ms DirectoryWatcher:: Triggered with /Users/rubber/Documents/flashcard/server/controllers/.#card_controller.js :: WatchInfo: /Users/rubber/Documents/flashcard/server/controllers 1 undefined Project: /dev/null/inferredProject2* watcher already invoked: false
[18:30:47.056] DirectoryWatcher:: Triggered with /Users/rubber/Documents/flashcard/server/controllers/.#card_controller.js :: WatchInfo: /Users/rubber/Documents/flashcard/server/controllers 1 undefined Project: /dev/null/inferredProject2* watcher already invoked: false
[18:30:47.057] Elapsed:: 0.007916999980807304ms DirectoryWatcher:: Triggered with /Users/rubber/Documents/flashcard/server/controllers/.#card_controller.js :: WatchInfo: /Users/rubber/Documents/flashcard/server/controllers 1 undefined Project: /dev/null/inferredProject2* watcher already invoked: false
[18:30:52.371] DirectoryWatcher:: Triggered with /Users/rubber/Documents/flashcard/server/controllers/.#card_controller.js :: WatchInfo: /Users/rubber/Documents/flashcard/server/controllers 1 undefined Project: /dev/null/inferredProject2* watcher already invoked: false
[18:30:52.371] Elapsed:: 0.01262499950826168ms DirectoryWatcher:: Triggered with /Users/rubber/Documents/flashcard/server/controllers/.#card_controller.js :: WatchInfo: /Users/rubber/Documents/flashcard/server/controllers 1 undefined Project: /dev/null/inferredProject2* watcher already invoked: false
[18:30:54.634] DirectoryWatcher:: Triggered with /Users/rubber/Documents/flashcard/server/controllers/.#card_controller.js :: WatchInfo: /Users/rubber/Documents/flashcard/server/controllers 1 undefined Project: /dev/null/inferredProject2* watcher already invoked: false
[18:30:54.634] Elapsed:: 0.0162500012665987ms DirectoryWatcher:: Triggered with /Users/rubber/Documents/flashcard/server/controllers/.#card_controller.js :: WatchInfo: /Users/rubber/Documents/flashcard/server/controllers 1 undefined Project: /dev/null/inferredProject2* watcher already invoked: false
[18:30:55.546] DirectoryWatcher:: Triggered with /Users/rubber/Documents/flashcard/server/controllers/.#card_controller.js :: WatchInfo: /Users/rubber/Documents/flashcard/server/controllers 1 undefined Project: /dev/null/inferredProject2* watcher already invoked: false
[18:30:55.546] Elapsed:: 0.013291999697685242ms DirectoryWatcher:: Triggered with /Users/rubber/Documents/flashcard/server/controllers/.#card_controller.js :: WatchInfo: /Users/rubber/Documents/flashcard/server/controllers 1 undefined Project: /dev/null/inferredProject2* watcher already invoked: false
[18:30:59.742] DirectoryWatcher:: Triggered with /Users/rubber/Documents/flashcard/server/controllers/.#card_controller.js :: WatchInfo: /Users/rubber/Documents/flashcard/server/controllers 1 undefined Project: /dev/null/inferredProject2* watcher already invoked: false
[18:30:59.742] Elapsed:: 0.008999999612569809ms DirectoryWatcher:: Triggered with /Users/rubber/Documents/flashcard/server/controllers/.#card_controller.js :: WatchInfo: /Users/rubber/Documents/flashcard/server/controllers 1 undefined Project: /dev/null/inferredProject2* watcher already invoked: false
[18:31:31.046] DirectoryWatcher:: Triggered with /Users/rubber/Documents/flashcard/server/controllers/.#card_controller.js :: WatchInfo: /Users/rubber/Documents/flashcard/server/controllers 1 undefined Project: /dev/null/inferredProject2* watcher already invoked: false
[18:31:31.048] Elapsed:: 0.013833999633789062ms DirectoryWatcher:: Triggered with /Users/rubber/Documents/flashcard/server/controllers/.#card_controller.js :: WatchInfo: /Users/rubber/Documents/flashcard/server/controllers 1 undefined Project: /dev/null/inferredProject2* watcher already invoked: false
[18:31:31.601] DirectoryWatcher:: Triggered with /Users/rubber/Documents/flashcard/server/controllers/.#card_controller.js :: WatchInfo: /Users/rubber/Documents/flashcard/server/controllers 1 undefined Project: /dev/null/inferredProject2* watcher already invoked: false
[18:31:31.601] Elapsed:: 0.01841599866747856ms DirectoryWatcher:: Triggered with /Users/rubber/Documents/flashcard/server/controllers/.#card_controller.js :: WatchInfo: /Users/rubber/Documents/flashcard/server/controllers 1 undefined Project: /dev/null/inferredProject2* watcher already invoked: false
[18:33:52.470] DirectoryWatcher:: Triggered with /Users/rubber/Documents/flashcard/server/controllers/.#card_controller.js :: WatchInfo: /Users/rubber/Documents/flashcard/server/controllers 1 undefined Project: /dev/null/inferredProject2* watcher already invoked: false
[18:33:52.471] Elapsed:: 0.06758299842476845ms DirectoryWatcher:: Triggered with /Users/rubber/Documents/flashcard/server/controllers/.#card_controller.js :: WatchInfo: /Users/rubber/Documents/flashcard/server/controllers 1 undefined Project: /dev/null/inferredProject2* watcher already invoked: false
[18:33:52.906] DirectoryWatcher:: Triggered with /Users/rubber/Documents/flashcard/server/controllers/.#card_controller.js :: WatchInfo: /Users/rubber/Documents/flashcard/server/controllers 1 undefined Project: /dev/null/inferredProject2* watcher already invoked: false
[18:33:52.906] Elapsed:: 0.0077500008046627045ms DirectoryWatcher:: Triggered with /Users/rubber/Documents/flashcard/server/controllers/.#card_controller.js :: WatchInfo: /Users/rubber/Documents/flashcard/server/controllers 1 undefined Project: /dev/null/inferredProject2* watcher already invoked: false
[18:34:20.086] DirectoryWatcher:: Triggered with /Users/rubber/Documents/flashcard/server/controllers/.#card_controller.js :: WatchInfo: /Users/rubber/Documents/flashcard/server/controllers 1 undefined Project: /dev/null/inferredProject2* watcher already invoked: false
[18:34:20.087] Elapsed:: 0.00937500037252903ms DirectoryWatcher:: Triggered with /Users/rubber/Documents/flashcard/server/controllers/.#card_controller.js :: WatchInfo: /Users/rubber/Documents/flashcard/server/controllers 1 undefined Project: /dev/null/inferredProject2* watcher already invoked: false
[18:34:20.724] DirectoryWatcher:: Triggered with /Users/rubber/Documents/flashcard/server/controllers/.#card_controller.js :: WatchInfo: /Users/rubber/Documents/flashcard/server/controllers 1 undefined Project: /dev/null/inferredProject2* watcher already invoked: false
[18:34:20.724] Elapsed:: 0.013832999393343925ms DirectoryWatcher:: Triggered with /Users/rubber/Documents/flashcard/server/controllers/.#card_controller.js :: WatchInfo: /Users/rubber/Documents/flashcard/server/controllers 1 undefined Project: /dev/null/inferredProject2* watcher already invoked: false
[18:45:07.759] DirectoryWatcher:: Triggered with /Users/rubber/Documents/flashcard/server/controllers/.#card_controller.js :: WatchInfo: /Users/rubber/Documents/flashcard/server/controllers 1 undefined Project: /dev/null/inferredProject2* watcher already invoked: false
[18:45:07.760] Elapsed:: 0.06283400021493435ms DirectoryWatcher:: Triggered with /Users/rubber/Documents/flashcard/server/controllers/.#card_controller.js :: WatchInfo: /Users/rubber/Documents/flashcard/server/controllers 1 undefined Project: /dev/null/inferredProject2* watcher already invoked: false
[18:45:16.740] DirectoryWatcher:: Triggered with /Users/rubber/Documents/flashcard/server/controllers/.#card_controller.js :: WatchInfo: /Users/rubber/Documents/flashcard/server/controllers 1 undefined Project: /dev/null/inferredProject2* watcher already invoked: false
[18:45:16.740] Elapsed:: 0.011708999052643776ms DirectoryWatcher:: Triggered with /Users/rubber/Documents/flashcard/server/controllers/.#card_controller.js :: WatchInfo: /Users/rubber/Documents/flashcard/server/controllers 1 undefined Project: /dev/null/inferredProject2* watcher already invoked: false
[18:45:18.308] DirectoryWatcher:: Triggered with /Users/rubber/Documents/flashcard/server/controllers/.#card_controller.js :: WatchInfo: /Users/rubber/Documents/flashcard/server/controllers 1 undefined Project: /dev/null/inferredProject2* watcher already invoked: false
[18:45:18.309] Elapsed:: 0.008917000144720078ms DirectoryWatcher:: Triggered with /Users/rubber/Documents/flashcard/server/controllers/.#card_controller.js :: WatchInfo: /Users/rubber/Documents/flashcard/server/controllers 1 undefined Project: /dev/null/inferredProject2* watcher already invoked: false
[18:45:20.798] DirectoryWatcher:: Triggered with /Users/rubber/Documents/flashcard/server/controllers/.#card_controller.js :: WatchInfo: /Users/rubber/Documents/flashcard/server/controllers 1 undefined Project: /dev/null/inferredProject2* watcher already invoked: false
[18:45:20.798] Elapsed:: 0.009209001436829567ms DirectoryWatcher:: Triggered with /Users/rubber/Documents/flashcard/server/controllers/.#card_controller.js :: WatchInfo: /Users/rubber/Documents/flashcard/server/controllers 1 undefined Project: /dev/null/inferredProject2* watcher already invoked: false
[18:47:04.396] DirectoryWatcher:: Triggered with /Users/rubber/Documents/flashcard/server/controllers/.#card_controller.js :: WatchInfo: /Users/rubber/Documents/flashcard/server/controllers 1 undefined Project: /dev/null/inferredProject2* watcher already invoked: false
[18:47:04.397] Elapsed:: 0.060875000432133675ms DirectoryWatcher:: Triggered with /Users/rubber/Documents/flashcard/server/controllers/.#card_controller.js :: WatchInfo: /Users/rubber/Documents/flashcard/server/controllers 1 undefined Project: /dev/null/inferredProject2* watcher already invoked: false
[18:47:08.385] DirectoryWatcher:: Triggered with /Users/rubber/Documents/flashcard/server/controllers/.#card_controller.js :: WatchInfo: /Users/rubber/Documents/flashcard/server/controllers 1 undefined Project: /dev/null/inferredProject2* watcher already invoked: false
[18:47:08.385] Elapsed:: 0.012458998709917068ms DirectoryWatcher:: Triggered with /Users/rubber/Documents/flashcard/server/controllers/.#card_controller.js :: WatchInfo: /Users/rubber/Documents/flashcard/server/controllers 1 undefined Project: /dev/null/inferredProject2* watcher already invoked: false
[18:47:10.719] DirectoryWatcher:: Triggered with /Users/rubber/Documents/flashcard/server/controllers/.#card_controller.js :: WatchInfo: /Users/rubber/Documents/flashcard/server/controllers 1 undefined Project: /dev/null/inferredProject2* watcher already invoked: false
[18:47:10.719] Elapsed:: 0.008082998916506767ms DirectoryWatcher:: Triggered with /Users/rubber/Documents/flashcard/server/controllers/.#card_controller.js :: WatchInfo: /Users/rubber/Documents/flashcard/server/controllers 1 undefined Project: /dev/null/inferredProject2* watcher already invoked: false
[18:47:12.171] DirectoryWatcher:: Triggered with /Users/rubber/Documents/flashcard/server/controllers/.#card_controller.js :: WatchInfo: /Users/rubber/Documents/flashcard/server/controllers 1 undefined Project: /dev/null/inferredProject2* watcher already invoked: false
[18:47:12.171] Elapsed:: 0.014084000140428543ms DirectoryWatcher:: Triggered with /Users/rubber/Documents/flashcard/server/controllers/.#card_controller.js :: WatchInfo: /Users/rubber/Documents/flashcard/server/controllers 1 undefined Project: /dev/null/inferredProject2* watcher already invoked: false
[18:47:35.080] DirectoryWatcher:: Triggered with /Users/rubber/Documents/flashcard/server/controllers/.#card_controller.js :: WatchInfo: /Users/rubber/Documents/flashcard/server/controllers 1 undefined Project: /dev/null/inferredProject2* watcher already invoked: false
[18:47:35.081] Elapsed:: 0.00979200005531311ms DirectoryWatcher:: Triggered with /Users/rubber/Documents/flashcard/server/controllers/.#card_controller.js :: WatchInfo: /Users/rubber/Documents/flashcard/server/controllers 1 undefined Project: /dev/null/inferredProject2* watcher already invoked: false
[18:47:41.999] DirectoryWatcher:: Triggered with /Users/rubber/Documents/flashcard/server/controllers/.#card_controller.js :: WatchInfo: /Users/rubber/Documents/flashcard/server/controllers 1 undefined Project: /dev/null/inferredProject2* watcher already invoked: false
[18:47:42.000] Elapsed:: 0.009333999827504158ms DirectoryWatcher:: Triggered with /Users/rubber/Documents/flashcard/server/controllers/.#card_controller.js :: WatchInfo: /Users/rubber/Documents/flashcard/server/controllers 1 undefined Project: /dev/null/inferredProject2* watcher already invoked: false
[18:47:47.189] DirectoryWatcher:: Triggered with /Users/rubber/Documents/flashcard/server/controllers/.#card_controller.js :: WatchInfo: /Users/rubber/Documents/flashcard/server/controllers 1 undefined Project: /dev/null/inferredProject2* watcher already invoked: false
[18:47:47.189] Elapsed:: 0.010167000815272331ms DirectoryWatcher:: Triggered with /Users/rubber/Documents/flashcard/server/controllers/.#card_controller.js :: WatchInfo: /Users/rubber/Documents/flashcard/server/controllers 1 undefined Project: /dev/null/inferredProject2* watcher already invoked: false
[18:47:56.805] DirectoryWatcher:: Triggered with /Users/rubber/Documents/flashcard/server/controllers/.#card_controller.js :: WatchInfo: /Users/rubber/Documents/flashcard/server/controllers 1 undefined Project: /dev/null/inferredProject2* watcher already invoked: false
[18:47:56.805] Elapsed:: 0.01308399997651577ms DirectoryWatcher:: Triggered with /Users/rubber/Documents/flashcard/server/controllers/.#card_controller.js :: WatchInfo: /Users/rubber/Documents/flashcard/server/controllers 1 undefined Project: /dev/null/inferredProject2* watcher already invoked: false
[18:48:09.623] DirectoryWatcher:: Triggered with /Users/rubber/Documents/flashcard/server/controllers/.#card_controller.js :: WatchInfo: /Users/rubber/Documents/flashcard/server/controllers 1 undefined Project: /dev/null/inferredProject2* watcher already invoked: false
[18:48:09.623] Elapsed:: 0.012666000053286552ms DirectoryWatcher:: Triggered with /Users/rubber/Documents/flashcard/server/controllers/.#card_controller.js :: WatchInfo: /Users/rubber/Documents/flashcard/server/controllers 1 undefined Project: /dev/null/inferredProject2* watcher already invoked: false
[18:48:11.783] DirectoryWatcher:: Triggered with /Users/rubber/Documents/flashcard/server/controllers/.#card_controller.js :: WatchInfo: /Users/rubber/Documents/flashcard/server/controllers 1 undefined Project: /dev/null/inferredProject2* watcher already invoked: false
[18:48:11.783] Elapsed:: 0.013542000204324722ms DirectoryWatcher:: Triggered with /Users/rubber/Documents/flashcard/server/controllers/.#card_controller.js :: WatchInfo: /Users/rubber/Documents/flashcard/server/controllers 1 undefined Project: /dev/null/inferredProject2* watcher already invoked: false
[18:51:33.834] DirectoryWatcher:: Triggered with /Users/rubber/Documents/flashcard/server/controllers/.#card_controller.js :: WatchInfo: /Users/rubber/Documents/flashcard/server/controllers 1 undefined Project: /dev/null/inferredProject2* watcher already invoked: false
[18:51:33.836] Elapsed:: 0.14054100029170513ms DirectoryWatcher:: Triggered with /Users/rubber/Documents/flashcard/server/controllers/.#card_controller.js :: WatchInfo: /Users/rubber/Documents/flashcard/server/controllers 1 undefined Project: /dev/null/inferredProject2* watcher already invoked: false
[18:51:34.397] DirectoryWatcher:: Triggered with /Users/rubber/Documents/flashcard/server/controllers/.#card_controller.js :: WatchInfo: /Users/rubber/Documents/flashcard/server/controllers 1 undefined Project: /dev/null/inferredProject2* watcher already invoked: false
[18:51:34.398] Elapsed:: 0.017249999567866325ms DirectoryWatcher:: Triggered with /Users/rubber/Documents/flashcard/server/controllers/.#card_controller.js :: WatchInfo: /Users/rubber/Documents/flashcard/server/controllers 1 undefined Project: /dev/null/inferredProject2* watcher already invoked: false
[18:51:54.537] DirectoryWatcher:: Triggered with /Users/rubber/Documents/flashcard/server/controllers/.#card_controller.js :: WatchInfo: /Users/rubber/Documents/flashcard/server/controllers 1 undefined Project: /dev/null/inferredProject2* watcher already invoked: false
[18:51:54.538] Elapsed:: 0.025290999561548233ms DirectoryWatcher:: Triggered with /Users/rubber/Documents/flashcard/server/controllers/.#card_controller.js :: WatchInfo: /Users/rubber/Documents/flashcard/server/controllers 1 undefined Project: /dev/null/inferredProject2* watcher already invoked: false
[18:51:54.694] DirectoryWatcher:: Triggered with /Users/rubber/Documents/flashcard/server/controllers/.#card_controller.js :: WatchInfo: /Users/rubber/Documents/flashcard/server/controllers 1 undefined Project: /dev/null/inferredProject2* watcher already invoked: false
[18:51:54.695] Elapsed:: 0.023665999993681908ms DirectoryWatcher:: Triggered with /Users/rubber/Documents/flashcard/server/controllers/.#card_controller.js :: WatchInfo: /Users/rubber/Documents/flashcard/server/controllers 1 undefined Project: /dev/null/inferredProject2* watcher already invoked: false
[18:53:09.279] DirectoryWatcher:: Triggered with /Users/rubber/Documents/flashcard/server/controllers/.#card_controller.js :: WatchInfo: /Users/rubber/Documents/flashcard/server/controllers 1 undefined Project: /dev/null/inferredProject2* watcher already invoked: false
[18:53:09.281] Elapsed:: 0.12487499974668026ms DirectoryWatcher:: Triggered with /Users/rubber/Documents/flashcard/server/controllers/.#card_controller.js :: WatchInfo: /Users/rubber/Documents/flashcard/server/controllers 1 undefined Project: /dev/null/inferredProject2* watcher already invoked: false
[18:53:27.415] DirectoryWatcher:: Triggered with /Users/rubber/Documents/flashcard/server/controllers/.#card_controller.js :: WatchInfo: /Users/rubber/Documents/flashcard/server/controllers 1 undefined Project: /dev/null/inferredProject2* watcher already invoked: false
[18:53:27.415] Elapsed:: 0.029667001217603683ms DirectoryWatcher:: Triggered with /Users/rubber/Documents/flashcard/server/controllers/.#card_controller.js :: WatchInfo: /Users/rubber/Documents/flashcard/server/controllers 1 undefined Project: /dev/null/inferredProject2* watcher already invoked: false
[18:53:48.861] DirectoryWatcher:: Triggered with /Users/rubber/Documents/flashcard/server/controllers/.#card_controller.js :: WatchInfo: /Users/rubber/Documents/flashcard/server/controllers 1 undefined Project: /dev/null/inferredProject2* watcher already invoked: false
[18:53:48.862] Elapsed:: 0.05991699919104576ms DirectoryWatcher:: Triggered with /Users/rubber/Documents/flashcard/server/controllers/.#card_controller.js :: WatchInfo: /Users/rubber/Documents/flashcard/server/controllers 1 undefined Project: /dev/null/inferredProject2* watcher already invoked: false
[18:53:55.901] DirectoryWatcher:: Triggered with /Users/rubber/Documents/flashcard/server/controllers/.#card_controller.js :: WatchInfo: /Users/rubber/Documents/flashcard/server/controllers 1 undefined Project: /dev/null/inferredProject2* watcher already invoked: false
[18:53:55.901] Elapsed:: 0.01924999989569187ms DirectoryWatcher:: Triggered with /Users/rubber/Documents/flashcard/server/controllers/.#card_controller.js :: WatchInfo: /Users/rubber/Documents/flashcard/server/controllers 1 undefined Project: /dev/null/inferredProject2* watcher already invoked: false
