[17:24:19.519] Global cache location '/Users/rubber/Library/Caches/typescript/4.7', safe file path '/opt/homebrew/lib/node_modules/typescript/lib/typingsafelist.json', types map path /opt/homebrew/lib/node_modules/typescript/lib/typesmap.json
[17:24:19.520] Processing cache location '/Users/rubber/Library/Caches/typescript/4.7'
[17:24:19.520] Trying to find '/Users/rubber/Library/Caches/typescript/4.7/package.json'...
[17:24:19.521] Finished processing cache location '/Users/rubber/Library/Caches/typescript/4.7'
[17:24:19.521] Process id: 43170
[17:24:19.521] NPM location: /opt/homebrew/Cellar/node/18.6.0/bin/npm (explicit '--npmLocation' not  provided)
[17:24:19.521] validateDefaultNpmLocation: false
[17:24:19.521] Npm config file: /Users/rubber/Library/Caches/typescript/4.7/package.json
[17:24:19.521] Updating types-registry npm package...
[17:24:19.521] Exec: /opt/homebrew/Cellar/node/18.6.0/bin/npm install --ignore-scripts types-registry@latest
[17:24:19.557]     Failed. stdout:
    stderr:
    /bin/sh: /opt/homebrew/Cellar/node/18.6.0/bin/npm: No such file or directory
    
[17:24:19.558] Updated types-registry npm package
[17:24:19.558] Types registry file '/Users/rubber/Library/Caches/typescript/4.7/node_modules/types-registry/index.json' does not exist
[17:24:20.459] Got install request {"projectName":"/dev/null/inferredProject1*","fileNames":["/opt/homebrew/lib/node_modules/typescript/lib/lib.es5.d.ts","/opt/homebrew/lib/node_modules/typescript/lib/lib.es2015.d.ts","/opt/homebrew/lib/node_modules/typescript/lib/lib.es2016.d.ts","/opt/homebrew/lib/node_modules/typescript/lib/lib.dom.d.ts","/opt/homebrew/lib/node_modules/typescript/lib/lib.dom.iterable.d.ts","/opt/homebrew/lib/node_modules/typescript/lib/lib.webworker.importscripts.d.ts","/opt/homebrew/lib/node_modules/typescript/lib/lib.scripthost.d.ts","/opt/homebrew/lib/node_modules/typescript/lib/lib.es2015.core.d.ts","/opt/homebrew/lib/node_modules/typescript/lib/lib.es2015.collection.d.ts","/opt/homebrew/lib/node_modules/typescript/lib/lib.es2015.generator.d.ts","/opt/homebrew/lib/node_modules/typescript/lib/lib.es2015.iterable.d.ts","/opt/homebrew/lib/node_modules/typescript/lib/lib.es2015.promise.d.ts","/opt/homebrew/lib/node_modules/typescript/lib/lib.es2015.proxy.d.ts","/opt/homebrew/lib/node_modules/typescript/lib/lib.es2015.reflect.d.ts","/opt/homebrew/lib/node_modules/typescript/lib/lib.es2015.symbol.d.ts","/opt/homebrew/lib/node_modules/typescript/lib/lib.es2015.symbol.wellknown.d.ts","/opt/homebrew/lib/node_modules/typescript/lib/lib.es2016.array.include.d.ts","/opt/homebrew/lib/node_modules/typescript/lib/lib.es2016.full.d.ts","/Users/rubber/Documents/flashcard/server/models/flashcard.js"],"compilerOptions":{"module":1,"target":3,"jsx":1,"allowJs":true,"allowSyntheticDefaultImports":true,"allowNonTsExtensions":true,"noEmitForJsFiles":true,"maxNodeModuleJsDepth":2},"typeAcquisition":{"enable":true,"include":[],"exclude":[]},"unresolvedImports":[],"projectRootPath":"/Users/rubber/Documents/flashcard/server/models","kind":"discover"}
[17:24:20.476] Loaded safelist from types map file '/opt/homebrew/lib/node_modules/typescript/lib/typesmap.json'
[17:24:20.477] Explicitly included types: []
[17:24:20.477] Inferred typings from unresolved imports: []
[17:24:20.477] Result: {"cachedTypingPaths":[],"newTypingNames":[],"filesToWatch":["/Users/rubber/Documents/flashcard/server/models/bower_components","/Users/rubber/Documents/flashcard/server/models/node_modules"]}
[17:24:20.477] Finished typings discovery: {"cachedTypingPaths":[],"newTypingNames":[],"filesToWatch":["/Users/rubber/Documents/flashcard/server/models/bower_components","/Users/rubber/Documents/flashcard/server/models/node_modules"]}
[17:24:20.477] DirectoryWatcher:: Added:: WatchInfo: /Users/rubber/Documents/flashcard/server/models/bower_components
[17:24:20.478] DirectoryWatcher:: Added:: WatchInfo: /Users/rubber/Documents/flashcard/server/models/bower_components 1 undefined Project: /dev/null/inferredProject1* watcher already invoked: false
[17:24:20.478] Elapsed:: 0.4876660034060478ms DirectoryWatcher:: Added:: WatchInfo: /Users/rubber/Documents/flashcard/server/models/bower_components 1 undefined Project: /dev/null/inferredProject1* watcher already invoked: false
[17:24:20.478] DirectoryWatcher:: Added:: WatchInfo: /Users/rubber/Documents/flashcard/server/models/node_modules
[17:24:20.478] DirectoryWatcher:: Added:: WatchInfo: /Users/rubber/Documents/flashcard/server/models/node_modules 1 undefined Project: /dev/null/inferredProject1* watcher already invoked: false
[17:24:20.478] Elapsed:: 0.03833400458097458ms DirectoryWatcher:: Added:: WatchInfo: /Users/rubber/Documents/flashcard/server/models/node_modules 1 undefined Project: /dev/null/inferredProject1* watcher already invoked: false
[17:24:20.478] Sending response:
    {"projectName":"/dev/null/inferredProject1*","typeAcquisition":{"enable":true,"include":[],"exclude":[]},"compilerOptions":{"module":1,"target":3,"jsx":1,"allowJs":true,"allowSyntheticDefaultImports":true,"allowNonTsExtensions":true,"noEmitForJsFiles":true,"maxNodeModuleJsDepth":2},"typings":[],"unresolvedImports":[],"kind":"action::set"}
[17:24:20.479] Response has been sent.
[17:24:20.479] No new typings were requested as a result of typings discovery
[17:24:21.347] Got install request {"projectName":"/dev/null/inferredProject2*","fileNames":["/opt/homebrew/lib/node_modules/typescript/lib/lib.es5.d.ts","/opt/homebrew/lib/node_modules/typescript/lib/lib.es2015.d.ts","/opt/homebrew/lib/node_modules/typescript/lib/lib.es2016.d.ts","/opt/homebrew/lib/node_modules/typescript/lib/lib.dom.d.ts","/opt/homebrew/lib/node_modules/typescript/lib/lib.dom.iterable.d.ts","/opt/homebrew/lib/node_modules/typescript/lib/lib.webworker.importscripts.d.ts","/opt/homebrew/lib/node_modules/typescript/lib/lib.scripthost.d.ts","/opt/homebrew/lib/node_modules/typescript/lib/lib.es2015.core.d.ts","/opt/homebrew/lib/node_modules/typescript/lib/lib.es2015.collection.d.ts","/opt/homebrew/lib/node_modules/typescript/lib/lib.es2015.generator.d.ts","/opt/homebrew/lib/node_modules/typescript/lib/lib.es2015.iterable.d.ts","/opt/homebrew/lib/node_modules/typescript/lib/lib.es2015.promise.d.ts","/opt/homebrew/lib/node_modules/typescript/lib/lib.es2015.proxy.d.ts","/opt/homebrew/lib/node_modules/typescript/lib/lib.es2015.reflect.d.ts","/opt/homebrew/lib/node_modules/typescript/lib/lib.es2015.symbol.d.ts","/opt/homebrew/lib/node_modules/typescript/lib/lib.es2015.symbol.wellknown.d.ts","/opt/homebrew/lib/node_modules/typescript/lib/lib.es2016.array.include.d.ts","/opt/homebrew/lib/node_modules/typescript/lib/lib.es2016.full.d.ts","/Users/rubber/Documents/flashcard/server/models/flashcard.js","/Users/rubber/Documents/flashcard/server/controllers/card_controller.js","/Users/rubber/Documents/flashcard/server/main.js"],"compilerOptions":{"module":1,"target":3,"jsx":1,"allowJs":true,"allowSyntheticDefaultImports":true,"allowNonTsExtensions":true,"noEmitForJsFiles":true,"maxNodeModuleJsDepth":2},"typeAcquisition":{"enable":true,"include":[],"exclude":[]},"unresolvedImports":[],"projectRootPath":"/Users/rubber/Documents/flashcard/server","kind":"discover"}
[17:24:21.347] Explicitly included types: []
[17:24:21.348] Typing names in '/Users/rubber/Documents/flashcard/server/package.json' dependencies: ["express","nodemon"]
[17:24:21.348] Searching for typing names in /Users/rubber/Documents/flashcard/server/node_modules; all files: ["/Users/rubber/Documents/flashcard/server/node_modules/express/package.json","/Users/rubber/Documents/flashcard/server/node_modules/nodemon/package.json"]
[17:24:21.350]     Found package names: ["express","nodemon"]
[17:24:21.350] Inferred typings from unresolved imports: []
[17:24:21.350] Result: {"cachedTypingPaths":[],"newTypingNames":["express","nodemon"],"filesToWatch":["/Users/rubber/Documents/flashcard/server/models/bower_components","/Users/rubber/Documents/flashcard/server/models/node_modules","/Users/rubber/Documents/flashcard/server/controllers/bower_components","/Users/rubber/Documents/flashcard/server/controllers/node_modules","/Users/rubber/Documents/flashcard/server/bower_components","/Users/rubber/Documents/flashcard/server/package.json","/Users/rubber/Documents/flashcard/server/node_modules"]}
[17:24:21.350] Finished typings discovery: {"cachedTypingPaths":[],"newTypingNames":["express","nodemon"],"filesToWatch":["/Users/rubber/Documents/flashcard/server/models/bower_components","/Users/rubber/Documents/flashcard/server/models/node_modules","/Users/rubber/Documents/flashcard/server/controllers/bower_components","/Users/rubber/Documents/flashcard/server/controllers/node_modules","/Users/rubber/Documents/flashcard/server/bower_components","/Users/rubber/Documents/flashcard/server/package.json","/Users/rubber/Documents/flashcard/server/node_modules"]}
[17:24:21.350] DirectoryWatcher:: Added:: WatchInfo: /Users/rubber/Documents/flashcard/server/models
[17:24:21.350] DirectoryWatcher:: Added:: WatchInfo: /Users/rubber/Documents/flashcard/server/models 1 undefined Project: /dev/null/inferredProject2* watcher already invoked: false
[17:24:21.352] Elapsed:: 2.242749996483326ms DirectoryWatcher:: Added:: WatchInfo: /Users/rubber/Documents/flashcard/server/models 1 undefined Project: /dev/null/inferredProject2* watcher already invoked: false
[17:24:21.353] DirectoryWatcher:: Added:: WatchInfo: /Users/rubber/Documents/flashcard/server/controllers
[17:24:21.353] DirectoryWatcher:: Added:: WatchInfo: /Users/rubber/Documents/flashcard/server/controllers 1 undefined Project: /dev/null/inferredProject2* watcher already invoked: false
[17:24:21.353] Elapsed:: 0.04987499862909317ms DirectoryWatcher:: Added:: WatchInfo: /Users/rubber/Documents/flashcard/server/controllers 1 undefined Project: /dev/null/inferredProject2* watcher already invoked: false
[17:24:21.353] DirectoryWatcher:: Added:: WatchInfo: /Users/rubber/Documents/flashcard/server/bower_components
[17:24:21.353] DirectoryWatcher:: Added:: WatchInfo: /Users/rubber/Documents/flashcard/server/bower_components 1 undefined Project: /dev/null/inferredProject2* watcher already invoked: false
[17:24:21.353] Elapsed:: 0.05350000411272049ms DirectoryWatcher:: Added:: WatchInfo: /Users/rubber/Documents/flashcard/server/bower_components 1 undefined Project: /dev/null/inferredProject2* watcher already invoked: false
[17:24:21.353] FileWatcher:: Added:: WatchInfo: /Users/rubber/Documents/flashcard/server/package.json
[17:24:21.353] FileWatcher:: Added:: WatchInfo: /Users/rubber/Documents/flashcard/server/package.json 2000 undefined Project: /dev/null/inferredProject2* watcher already invoked: false
[17:24:21.353] DirectoryWatcher:: Added:: WatchInfo: /Users/rubber/Documents/flashcard/server/node_modules
[17:24:21.353] DirectoryWatcher:: Added:: WatchInfo: /Users/rubber/Documents/flashcard/server/node_modules 1 undefined Project: /dev/null/inferredProject2* watcher already invoked: false
[17:24:21.353] Elapsed:: 0.04725000262260437ms DirectoryWatcher:: Added:: WatchInfo: /Users/rubber/Documents/flashcard/server/node_modules 1 undefined Project: /dev/null/inferredProject2* watcher already invoked: false
[17:24:21.353] Installing typings ["express","nodemon"]
[17:24:21.354] 'express':: Entry for package 'express' does not exist in local types registry - skipping...
[17:24:21.354] 'nodemon':: Entry for package 'nodemon' does not exist in local types registry - skipping...
[17:24:21.354] All typings are known to be missing or invalid - no need to install more typings
[17:24:21.354] Sending response:
    {"projectName":"/dev/null/inferredProject2*","typeAcquisition":{"enable":true,"include":[],"exclude":[]},"compilerOptions":{"module":1,"target":3,"jsx":1,"allowJs":true,"allowSyntheticDefaultImports":true,"allowNonTsExtensions":true,"noEmitForJsFiles":true,"maxNodeModuleJsDepth":2},"typings":[],"unresolvedImports":[],"kind":"action::set"}
[17:24:21.354] Response has been sent.
